{"/Users/trema/icure-typescript-sdks/packages/medtech/index.ts": {"path":"/Users/trema/icure-typescript-sdks/packages/medtech/index.ts","statementMap":{"0":{"start":{"line":30,"column":31},"end":{"line":30,"column":59}},"1":{"start":{"line":31,"column":30},"end":{"line":31,"column":54}},"2":{"start":{"line":32,"column":32},"end":{"line":32,"column":60}}},"fnMap":{},"branchMap":{},"s":{"0":1,"1":1,"2":1},"f":{},"b":{},"_coverageSchema":"1a1c01bbd47fc00a2c39e90264f33305004495a9","hash":"736da2245554d13fd85be9784b9c844227cbd569"}
,"/Users/trema/icure-typescript-sdks/packages/medtech/src/apis/AnonymousMedTechApi.ts": {"path":"/Users/trema/icure-typescript-sdks/packages/medtech/src/apis/AnonymousMedTechApi.ts","statementMap":{"0":{"start":{"line":24,"column":4},"end":{"line":24,"column":53}},"1":{"start":{"line":25,"column":4},"end":{"line":25,"column":29}},"2":{"start":{"line":26,"column":4},"end":{"line":26,"column":35}},"3":{"start":{"line":27,"column":4},"end":{"line":27,"column":37}},"4":{"start":{"line":29,"column":4},"end":{"line":40,"column":5}},"5":{"start":{"line":44,"column":4},"end":{"line":44,"column":34}},"6":{"start":{"line":60,"column":6},"end":{"line":71,"column":7}}},"fnMap":{"0":{"name":"(anonymous_0)","decl":{"start":{"line":14,"column":2},"end":{"line":14,"column":3}},"loc":{"start":{"line":23,"column":4},"end":{"line":41,"column":3}},"line":23},"1":{"name":"(anonymous_1)","decl":{"start":{"line":43,"column":2},"end":{"line":43,"column":3}},"loc":{"start":{"line":43,"column":45},"end":{"line":45,"column":3}},"line":43},"2":{"name":"(anonymous_2)","decl":{"start":{"line":50,"column":4},"end":{"line":50,"column":5}},"loc":{"start":{"line":59,"column":37},"end":{"line":72,"column":5}},"line":59}},"branchMap":{},"s":{"0":1,"1":1,"2":1,"3":1,"4":1,"5":0,"6":1},"f":{"0":1,"1":0,"2":1},"b":{},"_coverageSchema":"1a1c01bbd47fc00a2c39e90264f33305004495a9","hash":"d2bf632c8319343f746d67f190fa30f23e5cb373"}
,"/Users/trema/icure-typescript-sdks/packages/medtech/src/apis/AuthenticationApi.ts": {"path":"/Users/trema/icure-typescript-sdks/packages/medtech/src/apis/AuthenticationApi.ts","statementMap":{"0":{"start":{"line":44,"column":4},"end":{"line":44,"column":110}},"1":{"start":{"line":48,"column":16},"end":{"line":48,"column":75}},"2":{"start":{"line":49,"column":4},"end":{"line":49,"column":42}},"3":{"start":{"line":53,"column":20},"end":{"line":60,"column":50}},"4":{"start":{"line":61,"column":4},"end":{"line":63,"column":5}},"5":{"start":{"line":62,"column":6},"end":{"line":62,"column":61}},"6":{"start":{"line":64,"column":4},"end":{"line":66,"column":5}},"7":{"start":{"line":65,"column":6},"end":{"line":65,"column":65}},"8":{"start":{"line":67,"column":4},"end":{"line":67,"column":26}},"9":{"start":{"line":71,"column":4},"end":{"line":71,"column":10}},"10":{"start":{"line":75,"column":4},"end":{"line":75,"column":10}},"11":{"start":{"line":79,"column":4},"end":{"line":79,"column":10}},"12":{"start":{"line":83,"column":33},"end":{"line":108,"column":3}},"13":{"start":{"line":96,"column":2},"end":{"line":108,"column":3}}},"fnMap":{"0":{"name":"(anonymous_0)","decl":{"start":{"line":27,"column":2},"end":{"line":27,"column":3}},"loc":{"start":{"line":43,"column":4},"end":{"line":45,"column":3}},"line":43},"1":{"name":"(anonymous_1)","decl":{"start":{"line":47,"column":2},"end":{"line":47,"column":3}},"loc":{"start":{"line":47,"column":125},"end":{"line":50,"column":3}},"line":47},"2":{"name":"(anonymous_2)","decl":{"start":{"line":52,"column":2},"end":{"line":52,"column":3}},"loc":{"start":{"line":52,"column":77},"end":{"line":68,"column":3}},"line":52},"3":{"name":"(anonymous_3)","decl":{"start":{"line":70,"column":2},"end":{"line":70,"column":3}},"loc":{"start":{"line":70,"column":52},"end":{"line":72,"column":3}},"line":70},"4":{"name":"(anonymous_4)","decl":{"start":{"line":74,"column":2},"end":{"line":74,"column":3}},"loc":{"start":{"line":74,"column":55},"end":{"line":76,"column":3}},"line":74},"5":{"name":"(anonymous_5)","decl":{"start":{"line":78,"column":2},"end":{"line":78,"column":3}},"loc":{"start":{"line":78,"column":55},"end":{"line":80,"column":3}},"line":78},"6":{"name":"(anonymous_6)","decl":{"start":{"line":83,"column":33},"end":{"line":83,"column":34}},"loc":{"start":{"line":96,"column":2},"end":{"line":108,"column":3}},"line":96}},"branchMap":{"0":{"loc":{"start":{"line":38,"column":21},"end":{"line":42,"column":13}},"type":"default-arg","locations":[{"start":{"line":38,"column":96},"end":{"line":42,"column":13}}],"line":38},"1":{"loc":{"start":{"line":38,"column":96},"end":{"line":42,"column":13}},"type":"cond-expr","locations":[{"start":{"line":39,"column":8},"end":{"line":39,"column":20}},{"start":{"line":40,"column":8},"end":{"line":42,"column":13}}],"line":38},"2":{"loc":{"start":{"line":40,"column":8},"end":{"line":42,"column":13}},"type":"cond-expr","locations":[{"start":{"line":41,"column":8},"end":{"line":41,"column":18}},{"start":{"line":42,"column":8},"end":{"line":42,"column":13}}],"line":40},"3":{"loc":{"start":{"line":61,"column":4},"end":{"line":63,"column":5}},"type":"if","locations":[{"start":{"line":61,"column":4},"end":{"line":63,"column":5}},{"start":{},"end":{}}],"line":61},"4":{"loc":{"start":{"line":64,"column":4},"end":{"line":66,"column":5}},"type":"if","locations":[{"start":{"line":64,"column":4},"end":{"line":66,"column":5}},{"start":{},"end":{}}],"line":64}},"s":{"0":1,"1":0,"2":0,"3":0,"4":0,"5":0,"6":0,"7":0,"8":0,"9":0,"10":0,"11":0,"12":1,"13":0},"f":{"0":1,"1":0,"2":0,"3":0,"4":0,"5":0,"6":0},"b":{"0":[1],"1":[0,1],"2":[0,1],"3":[0,0],"4":[0,0]},"_coverageSchema":"1a1c01bbd47fc00a2c39e90264f33305004495a9","hash":"816a41afbee9bb3546e2dd87897705828e26d25f"}
,"/Users/trema/icure-typescript-sdks/packages/medtech/src/apis/CodingApi.ts": {"path":"/Users/trema/icure-typescript-sdks/packages/medtech/src/apis/CodingApi.ts","statementMap":{"0":{"start":{"line":63,"column":4},"end":{"line":63,"column":38}},"1":{"start":{"line":66,"column":4},"end":{"line":66,"column":43}},"2":{"start":{"line":69,"column":4},"end":{"line":69,"column":53}},"3":{"start":{"line":72,"column":4},"end":{"line":72,"column":29}},"4":{"start":{"line":75,"column":4},"end":{"line":75,"column":31}},"5":{"start":{"line":79,"column":25},"end":{"line":92,"column":1}},"6":{"start":{"line":80,"column":2},"end":{"line":91,"column":3}},"7":{"start":{"line":83,"column":8},"end":{"line":83,"column":35}},"8":{"start":{"line":86,"column":8},"end":{"line":86,"column":38}}},"fnMap":{"0":{"name":"(anonymous_0)","decl":{"start":{"line":62,"column":2},"end":{"line":62,"column":3}},"loc":{"start":{"line":62,"column":56},"end":{"line":64,"column":3}},"line":62},"1":{"name":"(anonymous_1)","decl":{"start":{"line":65,"column":2},"end":{"line":65,"column":3}},"loc":{"start":{"line":65,"column":72},"end":{"line":67,"column":3}},"line":65},"2":{"name":"(anonymous_2)","decl":{"start":{"line":68,"column":2},"end":{"line":68,"column":3}},"loc":{"start":{"line":68,"column":114},"end":{"line":70,"column":3}},"line":68},"3":{"name":"(anonymous_3)","decl":{"start":{"line":71,"column":2},"end":{"line":71,"column":3}},"loc":{"start":{"line":71,"column":47},"end":{"line":73,"column":3}},"line":71},"4":{"name":"(anonymous_4)","decl":{"start":{"line":74,"column":2},"end":{"line":74,"column":3}},"loc":{"start":{"line":74,"column":66},"end":{"line":76,"column":3}},"line":74},"5":{"name":"(anonymous_5)","decl":{"start":{"line":79,"column":25},"end":{"line":79,"column":26}},"loc":{"start":{"line":79,"column":56},"end":{"line":92,"column":1}},"line":79},"6":{"name":"(anonymous_6)","decl":{"start":{"line":82,"column":6},"end":{"line":82,"column":7}},"loc":{"start":{"line":82,"column":34},"end":{"line":84,"column":7}},"line":82},"7":{"name":"(anonymous_7)","decl":{"start":{"line":85,"column":6},"end":{"line":85,"column":7}},"loc":{"start":{"line":85,"column":34},"end":{"line":87,"column":7}},"line":85}},"branchMap":{},"s":{"0":0,"1":0,"2":0,"3":0,"4":0,"5":1,"6":0,"7":0,"8":0},"f":{"0":0,"1":0,"2":0,"3":0,"4":0,"5":0,"6":0,"7":0},"b":{},"_coverageSchema":"1a1c01bbd47fc00a2c39e90264f33305004495a9","hash":"856c4f6a7d0f4a9183b09410711465f68c702561"}
,"/Users/trema/icure-typescript-sdks/packages/medtech/src/apis/DataOwnerApi.ts": {"path":"/Users/trema/icure-typescript-sdks/packages/medtech/src/apis/DataOwnerApi.ts","statementMap":{"0":{"start":{"line":10,"column":28},"end":{"line":33,"column":1}},"1":{"start":{"line":11,"column":4},"end":{"line":32,"column":5}},"2":{"start":{"line":14,"column":16},"end":{"line":14,"column":52}},"3":{"start":{"line":17,"column":16},"end":{"line":17,"column":52}},"4":{"start":{"line":22,"column":16},"end":{"line":22,"column":44}},"5":{"start":{"line":25,"column":16},"end":{"line":25,"column":47}}},"fnMap":{"0":{"name":"(anonymous_0)","decl":{"start":{"line":10,"column":28},"end":{"line":10,"column":29}},"loc":{"start":{"line":10,"column":48},"end":{"line":33,"column":1}},"line":10},"1":{"name":"(anonymous_1)","decl":{"start":{"line":13,"column":12},"end":{"line":13,"column":13}},"loc":{"start":{"line":13,"column":71},"end":{"line":15,"column":13}},"line":13},"2":{"name":"(anonymous_2)","decl":{"start":{"line":16,"column":12},"end":{"line":16,"column":13}},"loc":{"start":{"line":16,"column":71},"end":{"line":18,"column":13}},"line":16},"3":{"name":"(anonymous_3)","decl":{"start":{"line":21,"column":12},"end":{"line":21,"column":13}},"loc":{"start":{"line":21,"column":41},"end":{"line":23,"column":13}},"line":21},"4":{"name":"(anonymous_4)","decl":{"start":{"line":24,"column":12},"end":{"line":24,"column":13}},"loc":{"start":{"line":24,"column":41},"end":{"line":26,"column":13}},"line":24}},"branchMap":{},"s":{"0":1,"1":0,"2":0,"3":0,"4":0,"5":0},"f":{"0":0,"1":0,"2":0,"3":0,"4":0},"b":{},"_coverageSchema":"1a1c01bbd47fc00a2c39e90264f33305004495a9","hash":"31edcd50099d40fb1303599569d4c0beb0635abd"}
,"/Users/trema/icure-typescript-sdks/packages/medtech/src/apis/DataSampleApi.ts": {"path":"/Users/trema/icure-typescript-sdks/packages/medtech/src/apis/DataSampleApi.ts","statementMap":{"0":{"start":{"line":170,"column":8},"end":{"line":170,"column":60}},"1":{"start":{"line":173,"column":8},"end":{"line":173,"column":65}},"2":{"start":{"line":176,"column":8},"end":{"line":176,"column":40}},"3":{"start":{"line":179,"column":8},"end":{"line":179,"column":43}},"4":{"start":{"line":182,"column":8},"end":{"line":182,"column":61}},"5":{"start":{"line":185,"column":8},"end":{"line":185,"column":37}},"6":{"start":{"line":188,"column":8},"end":{"line":188,"column":35}},"7":{"start":{"line":191,"column":8},"end":{"line":191,"column":42}},"8":{"start":{"line":199,"column":8},"end":{"line":199,"column":78}},"9":{"start":{"line":209,"column":8},"end":{"line":209,"column":124}},"10":{"start":{"line":212,"column":8},"end":{"line":212,"column":66}},"11":{"start":{"line":215,"column":8},"end":{"line":215,"column":67}},"12":{"start":{"line":220,"column":29},"end":{"line":255,"column":1}},"13":{"start":{"line":221,"column":4},"end":{"line":254,"column":5}},"14":{"start":{"line":224,"column":16},"end":{"line":224,"column":50}},"15":{"start":{"line":227,"column":16},"end":{"line":227,"column":53}},"16":{"start":{"line":232,"column":16},"end":{"line":232,"column":50}},"17":{"start":{"line":235,"column":16},"end":{"line":235,"column":53}},"18":{"start":{"line":240,"column":16},"end":{"line":240,"column":52}},"19":{"start":{"line":243,"column":16},"end":{"line":243,"column":55}}},"fnMap":{"0":{"name":"(anonymous_0)","decl":{"start":{"line":169,"column":4},"end":{"line":169,"column":5}},"loc":{"start":{"line":169,"column":96},"end":{"line":171,"column":5}},"line":169},"1":{"name":"(anonymous_1)","decl":{"start":{"line":172,"column":4},"end":{"line":172,"column":5}},"loc":{"start":{"line":172,"column":112},"end":{"line":174,"column":5}},"line":172},"2":{"name":"(anonymous_2)","decl":{"start":{"line":175,"column":4},"end":{"line":175,"column":5}},"loc":{"start":{"line":175,"column":60},"end":{"line":177,"column":5}},"line":175},"3":{"name":"(anonymous_3)","decl":{"start":{"line":178,"column":4},"end":{"line":178,"column":5}},"loc":{"start":{"line":178,"column":74},"end":{"line":180,"column":5}},"line":178},"4":{"name":"(anonymous_4)","decl":{"start":{"line":181,"column":4},"end":{"line":181,"column":5}},"loc":{"start":{"line":181,"column":134},"end":{"line":183,"column":5}},"line":181},"5":{"name":"(anonymous_5)","decl":{"start":{"line":184,"column":4},"end":{"line":184,"column":5}},"loc":{"start":{"line":184,"column":61},"end":{"line":186,"column":5}},"line":184},"6":{"name":"(anonymous_6)","decl":{"start":{"line":187,"column":4},"end":{"line":187,"column":5}},"loc":{"start":{"line":187,"column":78},"end":{"line":189,"column":5}},"line":187},"7":{"name":"(anonymous_7)","decl":{"start":{"line":190,"column":4},"end":{"line":190,"column":5}},"loc":{"start":{"line":190,"column":75},"end":{"line":192,"column":5}},"line":190},"8":{"name":"(anonymous_8)","decl":{"start":{"line":193,"column":4},"end":{"line":193,"column":5}},"loc":{"start":{"line":198,"column":27},"end":{"line":200,"column":5}},"line":198},"9":{"name":"(anonymous_9)","decl":{"start":{"line":201,"column":4},"end":{"line":201,"column":5}},"loc":{"start":{"line":208,"column":25},"end":{"line":210,"column":5}},"line":208},"10":{"name":"(anonymous_10)","decl":{"start":{"line":211,"column":4},"end":{"line":211,"column":5}},"loc":{"start":{"line":211,"column":99},"end":{"line":213,"column":5}},"line":211},"11":{"name":"(anonymous_11)","decl":{"start":{"line":214,"column":4},"end":{"line":214,"column":5}},"loc":{"start":{"line":214,"column":97},"end":{"line":216,"column":5}},"line":214},"12":{"name":"(anonymous_12)","decl":{"start":{"line":220,"column":29},"end":{"line":220,"column":30}},"loc":{"start":{"line":220,"column":64},"end":{"line":255,"column":1}},"line":220},"13":{"name":"(anonymous_13)","decl":{"start":{"line":223,"column":12},"end":{"line":223,"column":13}},"loc":{"start":{"line":223,"column":47},"end":{"line":225,"column":13}},"line":223},"14":{"name":"(anonymous_14)","decl":{"start":{"line":226,"column":12},"end":{"line":226,"column":13}},"loc":{"start":{"line":226,"column":47},"end":{"line":228,"column":13}},"line":226},"15":{"name":"(anonymous_15)","decl":{"start":{"line":231,"column":12},"end":{"line":231,"column":13}},"loc":{"start":{"line":231,"column":47},"end":{"line":233,"column":13}},"line":231},"16":{"name":"(anonymous_16)","decl":{"start":{"line":234,"column":12},"end":{"line":234,"column":13}},"loc":{"start":{"line":234,"column":47},"end":{"line":236,"column":13}},"line":234},"17":{"name":"(anonymous_17)","decl":{"start":{"line":239,"column":12},"end":{"line":239,"column":13}},"loc":{"start":{"line":239,"column":49},"end":{"line":241,"column":13}},"line":239},"18":{"name":"(anonymous_18)","decl":{"start":{"line":242,"column":12},"end":{"line":242,"column":13}},"loc":{"start":{"line":242,"column":49},"end":{"line":244,"column":13}},"line":242}},"branchMap":{},"s":{"0":0,"1":0,"2":0,"3":0,"4":0,"5":0,"6":0,"7":0,"8":0,"9":0,"10":0,"11":0,"12":1,"13":0,"14":0,"15":0,"16":0,"17":0,"18":0,"19":0},"f":{"0":0,"1":0,"2":0,"3":0,"4":0,"5":0,"6":0,"7":0,"8":0,"9":0,"10":0,"11":0,"12":0,"13":0,"14":0,"15":0,"16":0,"17":0,"18":0},"b":{},"_coverageSchema":"1a1c01bbd47fc00a2c39e90264f33305004495a9","hash":"dcca1a79c6d3dd86462f522716bc07b51a8325c9"}
,"/Users/trema/icure-typescript-sdks/packages/medtech/src/apis/HealthcareElementApi.ts": {"path":"/Users/trema/icure-typescript-sdks/packages/medtech/src/apis/HealthcareElementApi.ts","statementMap":{"0":{"start":{"line":129,"column":8},"end":{"line":129,"column":64}},"1":{"start":{"line":132,"column":8},"end":{"line":132,"column":69}},"2":{"start":{"line":135,"column":8},"end":{"line":135,"column":30}},"3":{"start":{"line":138,"column":8},"end":{"line":138,"column":64}},"4":{"start":{"line":141,"column":8},"end":{"line":141,"column":27}},"5":{"start":{"line":144,"column":8},"end":{"line":144,"column":35}},"6":{"start":{"line":147,"column":8},"end":{"line":147,"column":45}},"7":{"start":{"line":155,"column":8},"end":{"line":155,"column":78}},"8":{"start":{"line":161,"column":36},"end":{"line":187,"column":1}},"9":{"start":{"line":162,"column":4},"end":{"line":186,"column":5}},"10":{"start":{"line":165,"column":16},"end":{"line":165,"column":63}},"11":{"start":{"line":168,"column":16},"end":{"line":168,"column":66}},"12":{"start":{"line":173,"column":16},"end":{"line":173,"column":50}},"13":{"start":{"line":176,"column":16},"end":{"line":176,"column":53}}},"fnMap":{"0":{"name":"(anonymous_0)","decl":{"start":{"line":128,"column":4},"end":{"line":128,"column":5}},"loc":{"start":{"line":128,"column":122},"end":{"line":130,"column":5}},"line":128},"1":{"name":"(anonymous_1)","decl":{"start":{"line":131,"column":4},"end":{"line":131,"column":5}},"loc":{"start":{"line":131,"column":138},"end":{"line":133,"column":5}},"line":131},"2":{"name":"(anonymous_2)","decl":{"start":{"line":134,"column":4},"end":{"line":134,"column":5}},"loc":{"start":{"line":134,"column":57},"end":{"line":136,"column":5}},"line":134},"3":{"name":"(anonymous_3)","decl":{"start":{"line":137,"column":4},"end":{"line":137,"column":5}},"loc":{"start":{"line":137,"column":154},"end":{"line":139,"column":5}},"line":137},"4":{"name":"(anonymous_4)","decl":{"start":{"line":140,"column":4},"end":{"line":140,"column":5}},"loc":{"start":{"line":140,"column":65},"end":{"line":142,"column":5}},"line":140},"5":{"name":"(anonymous_5)","decl":{"start":{"line":143,"column":4},"end":{"line":143,"column":5}},"loc":{"start":{"line":143,"column":88},"end":{"line":145,"column":5}},"line":143},"6":{"name":"(anonymous_6)","decl":{"start":{"line":146,"column":4},"end":{"line":146,"column":5}},"loc":{"start":{"line":146,"column":89},"end":{"line":148,"column":5}},"line":146},"7":{"name":"(anonymous_7)","decl":{"start":{"line":149,"column":4},"end":{"line":149,"column":5}},"loc":{"start":{"line":154,"column":27},"end":{"line":156,"column":5}},"line":154},"8":{"name":"(anonymous_8)","decl":{"start":{"line":161,"column":36},"end":{"line":161,"column":37}},"loc":{"start":{"line":161,"column":78},"end":{"line":187,"column":1}},"line":161},"9":{"name":"(anonymous_9)","decl":{"start":{"line":164,"column":12},"end":{"line":164,"column":13}},"loc":{"start":{"line":164,"column":60},"end":{"line":166,"column":13}},"line":164},"10":{"name":"(anonymous_10)","decl":{"start":{"line":167,"column":12},"end":{"line":167,"column":13}},"loc":{"start":{"line":167,"column":60},"end":{"line":169,"column":13}},"line":167},"11":{"name":"(anonymous_11)","decl":{"start":{"line":172,"column":12},"end":{"line":172,"column":13}},"loc":{"start":{"line":172,"column":47},"end":{"line":174,"column":13}},"line":172},"12":{"name":"(anonymous_12)","decl":{"start":{"line":175,"column":12},"end":{"line":175,"column":13}},"loc":{"start":{"line":175,"column":47},"end":{"line":177,"column":13}},"line":175}},"branchMap":{},"s":{"0":0,"1":0,"2":0,"3":0,"4":0,"5":0,"6":0,"7":0,"8":1,"9":0,"10":0,"11":0,"12":0,"13":0},"f":{"0":0,"1":0,"2":0,"3":0,"4":0,"5":0,"6":0,"7":0,"8":0,"9":0,"10":0,"11":0,"12":0},"b":{},"_coverageSchema":"1a1c01bbd47fc00a2c39e90264f33305004495a9","hash":"79fea894ce3da7a51f93fcc0d06984501cfc47d3"}
,"/Users/trema/icure-typescript-sdks/packages/medtech/src/apis/HealthcareProfessionalApi.ts": {"path":"/Users/trema/icure-typescript-sdks/packages/medtech/src/apis/HealthcareProfessionalApi.ts","statementMap":{"0":{"start":{"line":66,"column":8},"end":{"line":66,"column":58}},"1":{"start":{"line":69,"column":8},"end":{"line":69,"column":33}},"2":{"start":{"line":72,"column":8},"end":{"line":72,"column":54}},"3":{"start":{"line":75,"column":8},"end":{"line":75,"column":30}},"4":{"start":{"line":78,"column":8},"end":{"line":78,"column":35}},"5":{"start":{"line":82,"column":41},"end":{"line":95,"column":1}},"6":{"start":{"line":83,"column":4},"end":{"line":94,"column":5}},"7":{"start":{"line":86,"column":16},"end":{"line":86,"column":70}},"8":{"start":{"line":89,"column":16},"end":{"line":89,"column":73}}},"fnMap":{"0":{"name":"(anonymous_0)","decl":{"start":{"line":65,"column":4},"end":{"line":65,"column":5}},"loc":{"start":{"line":65,"column":122},"end":{"line":67,"column":5}},"line":65},"1":{"name":"(anonymous_1)","decl":{"start":{"line":68,"column":4},"end":{"line":68,"column":5}},"loc":{"start":{"line":68,"column":65},"end":{"line":70,"column":5}},"line":68},"2":{"name":"(anonymous_2)","decl":{"start":{"line":71,"column":4},"end":{"line":71,"column":5}},"loc":{"start":{"line":71,"column":158},"end":{"line":73,"column":5}},"line":71},"3":{"name":"(anonymous_3)","decl":{"start":{"line":74,"column":4},"end":{"line":74,"column":5}},"loc":{"start":{"line":74,"column":78},"end":{"line":76,"column":5}},"line":74},"4":{"name":"(anonymous_4)","decl":{"start":{"line":77,"column":4},"end":{"line":77,"column":5}},"loc":{"start":{"line":77,"column":97},"end":{"line":79,"column":5}},"line":77},"5":{"name":"(anonymous_5)","decl":{"start":{"line":82,"column":41},"end":{"line":82,"column":42}},"loc":{"start":{"line":82,"column":88},"end":{"line":95,"column":1}},"line":82},"6":{"name":"(anonymous_6)","decl":{"start":{"line":85,"column":12},"end":{"line":85,"column":13}},"loc":{"start":{"line":85,"column":67},"end":{"line":87,"column":13}},"line":85},"7":{"name":"(anonymous_7)","decl":{"start":{"line":88,"column":12},"end":{"line":88,"column":13}},"loc":{"start":{"line":88,"column":67},"end":{"line":90,"column":13}},"line":88}},"branchMap":{},"s":{"0":0,"1":0,"2":0,"3":0,"4":0,"5":1,"6":0,"7":0,"8":0},"f":{"0":0,"1":0,"2":0,"3":0,"4":0,"5":0,"6":0,"7":0},"b":{},"_coverageSchema":"1a1c01bbd47fc00a2c39e90264f33305004495a9","hash":"514b42e6db3bfb2fe2d9e2346b35d7b2d0760450"}
,"/Users/trema/icure-typescript-sdks/packages/medtech/src/apis/MedTechApi.ts": {"path":"/Users/trema/icure-typescript-sdks/packages/medtech/src/apis/MedTechApi.ts","statementMap":{"0":{"start":{"line":65,"column":4},"end":{"line":65,"column":80}},"1":{"start":{"line":67,"column":4},"end":{"line":67,"column":33}},"2":{"start":{"line":68,"column":4},"end":{"line":68,"column":29}},"3":{"start":{"line":69,"column":4},"end":{"line":69,"column":29}},"4":{"start":{"line":70,"column":4},"end":{"line":70,"column":71}},"5":{"start":{"line":72,"column":4},"end":{"line":86,"column":19}},"6":{"start":{"line":87,"column":4},"end":{"line":87,"column":45}},"7":{"start":{"line":88,"column":4},"end":{"line":88,"column":37}},"8":{"start":{"line":89,"column":4},"end":{"line":89,"column":51}},"9":{"start":{"line":90,"column":4},"end":{"line":90,"column":39}},"10":{"start":{"line":91,"column":4},"end":{"line":91,"column":55}},"11":{"start":{"line":92,"column":4},"end":{"line":92,"column":59}},"12":{"start":{"line":94,"column":4},"end":{"line":94,"column":69}},"13":{"start":{"line":95,"column":4},"end":{"line":95,"column":49}},"14":{"start":{"line":96,"column":4},"end":{"line":96,"column":43}},"15":{"start":{"line":98,"column":4},"end":{"line":98,"column":35}},"16":{"start":{"line":99,"column":4},"end":{"line":99,"column":45}},"17":{"start":{"line":103,"column":4},"end":{"line":103,"column":26}},"18":{"start":{"line":107,"column":4},"end":{"line":107,"column":24}},"19":{"start":{"line":111,"column":4},"end":{"line":111,"column":27}},"20":{"start":{"line":115,"column":4},"end":{"line":115,"column":37}},"21":{"start":{"line":119,"column":4},"end":{"line":119,"column":32}},"22":{"start":{"line":123,"column":4},"end":{"line":123,"column":33}},"23":{"start":{"line":127,"column":4},"end":{"line":127,"column":42}},"24":{"start":{"line":131,"column":4},"end":{"line":131,"column":30}},"25":{"start":{"line":135,"column":4},"end":{"line":135,"column":29}},"26":{"start":{"line":139,"column":4},"end":{"line":139,"column":26}},"27":{"start":{"line":143,"column":4},"end":{"line":147,"column":5}},"28":{"start":{"line":144,"column":6},"end":{"line":146,"column":7}},"29":{"start":{"line":149,"column":4},"end":{"line":149,"column":34}},"30":{"start":{"line":153,"column":4},"end":{"line":153,"column":29}},"31":{"start":{"line":157,"column":4},"end":{"line":157,"column":25}},"32":{"start":{"line":161,"column":4},"end":{"line":161,"column":25}},"33":{"start":{"line":165,"column":4},"end":{"line":165,"column":24}},"34":{"start":{"line":169,"column":4},"end":{"line":169,"column":27}},"35":{"start":{"line":173,"column":4},"end":{"line":173,"column":31}},"36":{"start":{"line":180,"column":4},"end":{"line":180,"column":33}},"37":{"start":{"line":188,"column":4},"end":{"line":188,"column":40}},"38":{"start":{"line":196,"column":2},"end":{"line":196,"column":50}},"39":{"start":{"line":201,"column":6},"end":{"line":201,"column":13}},"40":{"start":{"line":202,"column":6},"end":{"line":211,"column":7}},"41":{"start":{"line":203,"column":8},"end":{"line":203,"column":62}},"42":{"start":{"line":204,"column":8},"end":{"line":204,"column":71}},"43":{"start":{"line":205,"column":8},"end":{"line":205,"column":54}},"44":{"start":{"line":206,"column":8},"end":{"line":206,"column":54}},"45":{"start":{"line":207,"column":8},"end":{"line":207,"column":52}},"46":{"start":{"line":208,"column":8},"end":{"line":208,"column":58}},"47":{"start":{"line":209,"column":8},"end":{"line":209,"column":70}},"48":{"start":{"line":210,"column":8},"end":{"line":210,"column":66}},"49":{"start":{"line":228,"column":6},"end":{"line":284,"column":7}},"50":{"start":{"line":238,"column":14},"end":{"line":238,"column":50}},"51":{"start":{"line":241,"column":14},"end":{"line":241,"column":50}},"52":{"start":{"line":245,"column":12},"end":{"line":258,"column":13}},"53":{"start":{"line":247,"column":16},"end":{"line":247,"column":48}},"54":{"start":{"line":250,"column":16},"end":{"line":250,"column":63}},"55":{"start":{"line":253,"column":16},"end":{"line":253,"column":54}},"56":{"start":{"line":256,"column":16},"end":{"line":256,"column":62}},"57":{"start":{"line":270,"column":10},"end":{"line":283,"column":11}}},"fnMap":{"0":{"name":"(anonymous_0)","decl":{"start":{"line":51,"column":2},"end":{"line":51,"column":3}},"loc":{"start":{"line":64,"column":4},"end":{"line":100,"column":3}},"line":64},"1":{"name":"(anonymous_1)","decl":{"start":{"line":102,"column":2},"end":{"line":102,"column":3}},"loc":{"start":{"line":102,"column":29},"end":{"line":104,"column":3}},"line":102},"2":{"name":"(anonymous_2)","decl":{"start":{"line":106,"column":2},"end":{"line":106,"column":3}},"loc":{"start":{"line":106,"column":25},"end":{"line":108,"column":3}},"line":106},"3":{"name":"(anonymous_3)","decl":{"start":{"line":110,"column":2},"end":{"line":110,"column":3}},"loc":{"start":{"line":110,"column":31},"end":{"line":112,"column":3}},"line":110},"4":{"name":"(anonymous_4)","decl":{"start":{"line":114,"column":2},"end":{"line":114,"column":3}},"loc":{"start":{"line":114,"column":51},"end":{"line":116,"column":3}},"line":114},"5":{"name":"(anonymous_5)","decl":{"start":{"line":118,"column":2},"end":{"line":118,"column":3}},"loc":{"start":{"line":118,"column":41},"end":{"line":120,"column":3}},"line":118},"6":{"name":"(anonymous_6)","decl":{"start":{"line":122,"column":2},"end":{"line":122,"column":3}},"loc":{"start":{"line":122,"column":43},"end":{"line":124,"column":3}},"line":122},"7":{"name":"(anonymous_7)","decl":{"start":{"line":126,"column":2},"end":{"line":126,"column":3}},"loc":{"start":{"line":126,"column":61},"end":{"line":128,"column":3}},"line":126},"8":{"name":"(anonymous_8)","decl":{"start":{"line":130,"column":2},"end":{"line":130,"column":3}},"loc":{"start":{"line":130,"column":37},"end":{"line":132,"column":3}},"line":130},"9":{"name":"(anonymous_9)","decl":{"start":{"line":134,"column":2},"end":{"line":134,"column":3}},"loc":{"start":{"line":134,"column":35},"end":{"line":136,"column":3}},"line":134},"10":{"name":"(anonymous_10)","decl":{"start":{"line":138,"column":2},"end":{"line":138,"column":3}},"loc":{"start":{"line":138,"column":33},"end":{"line":140,"column":3}},"line":138},"11":{"name":"(anonymous_11)","decl":{"start":{"line":142,"column":2},"end":{"line":142,"column":3}},"loc":{"start":{"line":142,"column":45},"end":{"line":150,"column":3}},"line":142},"12":{"name":"(anonymous_12)","decl":{"start":{"line":152,"column":2},"end":{"line":152,"column":3}},"loc":{"start":{"line":152,"column":29},"end":{"line":154,"column":3}},"line":152},"13":{"name":"(anonymous_13)","decl":{"start":{"line":156,"column":2},"end":{"line":156,"column":3}},"loc":{"start":{"line":156,"column":25},"end":{"line":158,"column":3}},"line":156},"14":{"name":"(anonymous_14)","decl":{"start":{"line":160,"column":2},"end":{"line":160,"column":3}},"loc":{"start":{"line":160,"column":25},"end":{"line":162,"column":3}},"line":160},"15":{"name":"(anonymous_15)","decl":{"start":{"line":164,"column":2},"end":{"line":164,"column":3}},"loc":{"start":{"line":164,"column":39},"end":{"line":166,"column":3}},"line":164},"16":{"name":"(anonymous_16)","decl":{"start":{"line":168,"column":2},"end":{"line":168,"column":3}},"loc":{"start":{"line":168,"column":37},"end":{"line":170,"column":3}},"line":168},"17":{"name":"(anonymous_17)","decl":{"start":{"line":172,"column":2},"end":{"line":172,"column":3}},"loc":{"start":{"line":172,"column":46},"end":{"line":174,"column":3}},"line":172},"18":{"name":"(anonymous_18)","decl":{"start":{"line":179,"column":2},"end":{"line":179,"column":3}},"loc":{"start":{"line":179,"column":62},"end":{"line":181,"column":3}},"line":179},"19":{"name":"(anonymous_19)","decl":{"start":{"line":187,"column":2},"end":{"line":187,"column":3}},"loc":{"start":{"line":187,"column":31},"end":{"line":189,"column":3}},"line":187},"20":{"name":"medTechApi","decl":{"start":{"line":195,"column":16},"end":{"line":195,"column":26}},"loc":{"start":{"line":195,"column":59},"end":{"line":197,"column":1}},"line":195},"21":{"name":"(anonymous_21)","decl":{"start":{"line":200,"column":4},"end":{"line":200,"column":5}},"loc":{"start":{"line":200,"column":48},"end":{"line":212,"column":5}},"line":200},"22":{"name":"(anonymous_22)","decl":{"start":{"line":214,"column":4},"end":{"line":214,"column":5}},"loc":{"start":{"line":227,"column":28},"end":{"line":285,"column":5}},"line":227},"23":{"name":"(anonymous_23)","decl":{"start":{"line":237,"column":12},"end":{"line":237,"column":13}},"loc":{"start":{"line":237,"column":67},"end":{"line":239,"column":13}},"line":237},"24":{"name":"(anonymous_24)","decl":{"start":{"line":240,"column":12},"end":{"line":240,"column":13}},"loc":{"start":{"line":240,"column":67},"end":{"line":242,"column":13}},"line":240},"25":{"name":"(anonymous_25)","decl":{"start":{"line":244,"column":10},"end":{"line":244,"column":11}},"loc":{"start":{"line":244,"column":28},"end":{"line":259,"column":11}},"line":244},"26":{"name":"(anonymous_26)","decl":{"start":{"line":269,"column":8},"end":{"line":269,"column":9}},"loc":{"start":{"line":270,"column":10},"end":{"line":283,"column":11}},"line":270}},"branchMap":{"0":{"loc":{"start":{"line":57,"column":4},"end":{"line":57,"column":45}},"type":"default-arg","locations":[{"start":{"line":57,"column":36},"end":{"line":57,"column":45}}],"line":57},"1":{"loc":{"start":{"line":58,"column":4},"end":{"line":58,"column":48}},"type":"default-arg","locations":[{"start":{"line":58,"column":39},"end":{"line":58,"column":48}}],"line":58},"2":{"loc":{"start":{"line":59,"column":4},"end":{"line":59,"column":56}},"type":"default-arg","locations":[{"start":{"line":59,"column":47},"end":{"line":59,"column":56}}],"line":59},"3":{"loc":{"start":{"line":60,"column":4},"end":{"line":60,"column":54}},"type":"default-arg","locations":[{"start":{"line":60,"column":45},"end":{"line":60,"column":54}}],"line":60},"4":{"loc":{"start":{"line":70,"column":27},"end":{"line":70,"column":71}},"type":"binary-expr","locations":[{"start":{"line":70,"column":27},"end":{"line":70,"column":41}},{"start":{"line":70,"column":45},"end":{"line":70,"column":71}}],"line":70},"5":{"loc":{"start":{"line":73,"column":6},"end":{"line":86,"column":19}},"type":"cond-expr","locations":[{"start":{"line":74,"column":10},"end":{"line":85,"column":11}},{"start":{"line":86,"column":10},"end":{"line":86,"column":19}}],"line":73},"6":{"loc":{"start":{"line":73,"column":6},"end":{"line":73,"column":75}},"type":"binary-expr","locations":[{"start":{"line":73,"column":6},"end":{"line":73,"column":26}},{"start":{"line":73,"column":30},"end":{"line":73,"column":48}},{"start":{"line":73,"column":52},"end":{"line":73,"column":75}}],"line":73},"7":{"loc":{"start":{"line":143,"column":4},"end":{"line":147,"column":5}},"type":"if","locations":[{"start":{"line":143,"column":4},"end":{"line":147,"column":5}},{"start":{},"end":{}}],"line":143},"8":{"loc":{"start":{"line":202,"column":6},"end":{"line":211,"column":7}},"type":"if","locations":[{"start":{"line":202,"column":6},"end":{"line":211,"column":7}},{"start":{},"end":{}}],"line":202},"9":{"loc":{"start":{"line":245,"column":12},"end":{"line":258,"column":13}},"type":"switch","locations":[{"start":{"line":246,"column":14},"end":{"line":248,"column":15}},{"start":{"line":249,"column":14},"end":{"line":251,"column":15}},{"start":{"line":252,"column":14},"end":{"line":254,"column":15}},{"start":{"line":255,"column":14},"end":{"line":257,"column":15}}],"line":245}},"s":{"0":0,"1":0,"2":0,"3":0,"4":0,"5":0,"6":0,"7":0,"8":0,"9":0,"10":0,"11":0,"12":0,"13":0,"14":0,"15":0,"16":0,"17":0,"18":0,"19":0,"20":0,"21":0,"22":0,"23":0,"24":0,"25":0,"26":0,"27":0,"28":0,"29":0,"30":0,"31":0,"32":0,"33":0,"34":0,"35":0,"36":0,"37":0,"38":0,"39":0,"40":0,"41":0,"42":0,"43":0,"44":0,"45":0,"46":0,"47":0,"48":0,"49":0,"50":0,"51":0,"52":0,"53":0,"54":0,"55":0,"56":0,"57":0},"f":{"0":0,"1":0,"2":0,"3":0,"4":0,"5":0,"6":0,"7":0,"8":0,"9":0,"10":0,"11":0,"12":0,"13":0,"14":0,"15":0,"16":0,"17":0,"18":0,"19":0,"20":0,"21":0,"22":0,"23":0,"24":0,"25":0,"26":0},"b":{"0":[0],"1":[0],"2":[0],"3":[0],"4":[0,0],"5":[0,0],"6":[0,0,0],"7":[0,0],"8":[0,0],"9":[0,0,0,0]},"_coverageSchema":"1a1c01bbd47fc00a2c39e90264f33305004495a9","hash":"3712dc78758349a61829051c8f7d32ade1d8aea8"}
,"/Users/trema/icure-typescript-sdks/packages/medtech/src/apis/MedicalDeviceApi.ts": {"path":"/Users/trema/icure-typescript-sdks/packages/medtech/src/apis/MedicalDeviceApi.ts","statementMap":{"0":{"start":{"line":75,"column":4},"end":{"line":75,"column":45}},"1":{"start":{"line":78,"column":4},"end":{"line":78,"column":50}},"2":{"start":{"line":81,"column":4},"end":{"line":81,"column":39}},"3":{"start":{"line":84,"column":4},"end":{"line":84,"column":31}},"4":{"start":{"line":87,"column":4},"end":{"line":87,"column":53}},"5":{"start":{"line":90,"column":4},"end":{"line":90,"column":36}},"6":{"start":{"line":93,"column":4},"end":{"line":93,"column":31}},"7":{"start":{"line":97,"column":32},"end":{"line":110,"column":1}},"8":{"start":{"line":98,"column":2},"end":{"line":109,"column":3}},"9":{"start":{"line":101,"column":8},"end":{"line":101,"column":44}},"10":{"start":{"line":104,"column":8},"end":{"line":104,"column":47}}},"fnMap":{"0":{"name":"(anonymous_0)","decl":{"start":{"line":74,"column":2},"end":{"line":74,"column":3}},"loc":{"start":{"line":74,"column":84},"end":{"line":76,"column":3}},"line":74},"1":{"name":"(anonymous_1)","decl":{"start":{"line":77,"column":2},"end":{"line":77,"column":3}},"loc":{"start":{"line":77,"column":100},"end":{"line":79,"column":3}},"line":77},"2":{"name":"(anonymous_2)","decl":{"start":{"line":80,"column":2},"end":{"line":80,"column":3}},"loc":{"start":{"line":80,"column":64},"end":{"line":82,"column":3}},"line":80},"3":{"name":"(anonymous_3)","decl":{"start":{"line":83,"column":2},"end":{"line":83,"column":3}},"loc":{"start":{"line":83,"column":67},"end":{"line":85,"column":3}},"line":83},"4":{"name":"(anonymous_4)","decl":{"start":{"line":86,"column":2},"end":{"line":86,"column":3}},"loc":{"start":{"line":86,"column":131},"end":{"line":88,"column":3}},"line":86},"5":{"name":"(anonymous_5)","decl":{"start":{"line":89,"column":2},"end":{"line":89,"column":3}},"loc":{"start":{"line":89,"column":68},"end":{"line":91,"column":3}},"line":89},"6":{"name":"(anonymous_6)","decl":{"start":{"line":92,"column":2},"end":{"line":92,"column":3}},"loc":{"start":{"line":92,"column":76},"end":{"line":94,"column":3}},"line":92},"7":{"name":"(anonymous_7)","decl":{"start":{"line":97,"column":32},"end":{"line":97,"column":33}},"loc":{"start":{"line":97,"column":70},"end":{"line":110,"column":1}},"line":97},"8":{"name":"(anonymous_8)","decl":{"start":{"line":100,"column":6},"end":{"line":100,"column":7}},"loc":{"start":{"line":100,"column":43},"end":{"line":102,"column":7}},"line":100},"9":{"name":"(anonymous_9)","decl":{"start":{"line":103,"column":6},"end":{"line":103,"column":7}},"loc":{"start":{"line":103,"column":43},"end":{"line":105,"column":7}},"line":103}},"branchMap":{},"s":{"0":0,"1":0,"2":0,"3":0,"4":0,"5":0,"6":0,"7":1,"8":0,"9":0,"10":0},"f":{"0":0,"1":0,"2":0,"3":0,"4":0,"5":0,"6":0,"7":0,"8":0,"9":0},"b":{},"_coverageSchema":"1a1c01bbd47fc00a2c39e90264f33305004495a9","hash":"37e1ca4daa0a622c183f251227827eabdc23279b"}
,"/Users/trema/icure-typescript-sdks/packages/medtech/src/apis/NotificationApi.ts": {"path":"/Users/trema/icure-typescript-sdks/packages/medtech/src/apis/NotificationApi.ts","statementMap":{"0":{"start":{"line":99,"column":8},"end":{"line":99,"column":58}},"1":{"start":{"line":102,"column":8},"end":{"line":102,"column":42}},"2":{"start":{"line":105,"column":8},"end":{"line":105,"column":63}},"3":{"start":{"line":108,"column":8},"end":{"line":108,"column":39}},"4":{"start":{"line":111,"column":8},"end":{"line":111,"column":45}},"5":{"start":{"line":114,"column":8},"end":{"line":114,"column":57}},"6":{"start":{"line":122,"column":8},"end":{"line":122,"column":78}},"7":{"start":{"line":127,"column":31},"end":{"line":143,"column":1}},"8":{"start":{"line":128,"column":4},"end":{"line":142,"column":5}},"9":{"start":{"line":131,"column":16},"end":{"line":131,"column":60}},"10":{"start":{"line":134,"column":16},"end":{"line":134,"column":63}}},"fnMap":{"0":{"name":"(anonymous_0)","decl":{"start":{"line":98,"column":4},"end":{"line":98,"column":5}},"loc":{"start":{"line":98,"column":113},"end":{"line":100,"column":5}},"line":98},"1":{"name":"(anonymous_1)","decl":{"start":{"line":101,"column":4},"end":{"line":101,"column":5}},"loc":{"start":{"line":101,"column":76},"end":{"line":103,"column":5}},"line":101},"2":{"name":"(anonymous_2)","decl":{"start":{"line":104,"column":4},"end":{"line":104,"column":5}},"loc":{"start":{"line":104,"column":146},"end":{"line":106,"column":5}},"line":104},"3":{"name":"(anonymous_3)","decl":{"start":{"line":107,"column":4},"end":{"line":107,"column":5}},"loc":{"start":{"line":107,"column":79},"end":{"line":109,"column":5}},"line":107},"4":{"name":"(anonymous_4)","decl":{"start":{"line":110,"column":4},"end":{"line":110,"column":5}},"loc":{"start":{"line":110,"column":82},"end":{"line":112,"column":5}},"line":110},"5":{"name":"(anonymous_5)","decl":{"start":{"line":113,"column":4},"end":{"line":113,"column":5}},"loc":{"start":{"line":113,"column":131},"end":{"line":115,"column":5}},"line":113},"6":{"name":"(anonymous_6)","decl":{"start":{"line":116,"column":4},"end":{"line":116,"column":5}},"loc":{"start":{"line":121,"column":27},"end":{"line":123,"column":5}},"line":121},"7":{"name":"(anonymous_7)","decl":{"start":{"line":127,"column":31},"end":{"line":127,"column":32}},"loc":{"start":{"line":127,"column":68},"end":{"line":143,"column":1}},"line":127},"8":{"name":"(anonymous_8)","decl":{"start":{"line":130,"column":12},"end":{"line":130,"column":13}},"loc":{"start":{"line":130,"column":57},"end":{"line":132,"column":13}},"line":130},"9":{"name":"(anonymous_9)","decl":{"start":{"line":133,"column":12},"end":{"line":133,"column":13}},"loc":{"start":{"line":133,"column":57},"end":{"line":135,"column":13}},"line":133}},"branchMap":{},"s":{"0":0,"1":0,"2":0,"3":0,"4":0,"5":0,"6":0,"7":1,"8":0,"9":0,"10":0},"f":{"0":0,"1":0,"2":0,"3":0,"4":0,"5":0,"6":0,"7":0,"8":0,"9":0},"b":{},"_coverageSchema":"1a1c01bbd47fc00a2c39e90264f33305004495a9","hash":"5127a3cbe5c3002b7af3efdb926097da32c34f5c"}
,"/Users/trema/icure-typescript-sdks/packages/medtech/src/apis/PatientApi.ts": {"path":"/Users/trema/icure-typescript-sdks/packages/medtech/src/apis/PatientApi.ts","statementMap":{"0":{"start":{"line":117,"column":8},"end":{"line":117,"column":43}},"1":{"start":{"line":120,"column":8},"end":{"line":120,"column":37}},"2":{"start":{"line":123,"column":8},"end":{"line":123,"column":58}},"3":{"start":{"line":126,"column":8},"end":{"line":126,"column":34}},"4":{"start":{"line":129,"column":8},"end":{"line":129,"column":35}},"5":{"start":{"line":132,"column":8},"end":{"line":132,"column":54}},"6":{"start":{"line":140,"column":8},"end":{"line":140,"column":78}},"7":{"start":{"line":143,"column":8},"end":{"line":143,"column":47}},"8":{"start":{"line":148,"column":26},"end":{"line":163,"column":1}},"9":{"start":{"line":149,"column":4},"end":{"line":162,"column":5}},"10":{"start":{"line":152,"column":16},"end":{"line":152,"column":50}},"11":{"start":{"line":155,"column":16},"end":{"line":155,"column":53}}},"fnMap":{"0":{"name":"(anonymous_0)","decl":{"start":{"line":116,"column":4},"end":{"line":116,"column":5}},"loc":{"start":{"line":116,"column":62},"end":{"line":118,"column":5}},"line":116},"1":{"name":"(anonymous_1)","decl":{"start":{"line":119,"column":4},"end":{"line":119,"column":5}},"loc":{"start":{"line":119,"column":54},"end":{"line":121,"column":5}},"line":119},"2":{"name":"(anonymous_2)","decl":{"start":{"line":122,"column":4},"end":{"line":122,"column":5}},"loc":{"start":{"line":122,"column":126},"end":{"line":124,"column":5}},"line":122},"3":{"name":"(anonymous_3)","decl":{"start":{"line":125,"column":4},"end":{"line":125,"column":5}},"loc":{"start":{"line":125,"column":52},"end":{"line":127,"column":5}},"line":125},"4":{"name":"(anonymous_4)","decl":{"start":{"line":128,"column":4},"end":{"line":128,"column":5}},"loc":{"start":{"line":128,"column":76},"end":{"line":130,"column":5}},"line":128},"5":{"name":"(anonymous_5)","decl":{"start":{"line":131,"column":4},"end":{"line":131,"column":5}},"loc":{"start":{"line":131,"column":94},"end":{"line":133,"column":5}},"line":131},"6":{"name":"(anonymous_6)","decl":{"start":{"line":134,"column":4},"end":{"line":134,"column":5}},"loc":{"start":{"line":139,"column":27},"end":{"line":141,"column":5}},"line":139},"7":{"name":"(anonymous_7)","decl":{"start":{"line":142,"column":4},"end":{"line":142,"column":5}},"loc":{"start":{"line":142,"column":98},"end":{"line":144,"column":5}},"line":142},"8":{"name":"(anonymous_8)","decl":{"start":{"line":148,"column":26},"end":{"line":148,"column":27}},"loc":{"start":{"line":148,"column":58},"end":{"line":163,"column":1}},"line":148},"9":{"name":"(anonymous_9)","decl":{"start":{"line":151,"column":12},"end":{"line":151,"column":13}},"loc":{"start":{"line":151,"column":47},"end":{"line":153,"column":13}},"line":151},"10":{"name":"(anonymous_10)","decl":{"start":{"line":154,"column":12},"end":{"line":154,"column":13}},"loc":{"start":{"line":154,"column":47},"end":{"line":156,"column":13}},"line":154}},"branchMap":{},"s":{"0":0,"1":0,"2":0,"3":0,"4":0,"5":0,"6":0,"7":0,"8":1,"9":0,"10":0,"11":0},"f":{"0":0,"1":0,"2":0,"3":0,"4":0,"5":0,"6":0,"7":0,"8":0,"9":0,"10":0},"b":{},"_coverageSchema":"1a1c01bbd47fc00a2c39e90264f33305004495a9","hash":"3e31680f3361c3adbc683504e4b1a55cc6d2cbb2"}
,"/Users/trema/icure-typescript-sdks/packages/medtech/src/apis/UserApi.ts": {"path":"/Users/trema/icure-typescript-sdks/packages/medtech/src/apis/UserApi.ts","statementMap":{"0":{"start":{"line":128,"column":4},"end":{"line":128,"column":55}},"1":{"start":{"line":131,"column":4},"end":{"line":131,"column":36}},"2":{"start":{"line":134,"column":4},"end":{"line":134,"column":30}},"3":{"start":{"line":137,"column":4},"end":{"line":137,"column":51}},"4":{"start":{"line":140,"column":4},"end":{"line":140,"column":27}},"5":{"start":{"line":143,"column":4},"end":{"line":143,"column":27}},"6":{"start":{"line":146,"column":4},"end":{"line":146,"column":33}},"7":{"start":{"line":149,"column":4},"end":{"line":149,"column":31}},"8":{"start":{"line":157,"column":4},"end":{"line":157,"column":74}},"9":{"start":{"line":161,"column":23},"end":{"line":195,"column":1}},"10":{"start":{"line":162,"column":2},"end":{"line":194,"column":3}},"11":{"start":{"line":165,"column":8},"end":{"line":165,"column":36}},"12":{"start":{"line":168,"column":8},"end":{"line":168,"column":39}},"13":{"start":{"line":173,"column":8},"end":{"line":173,"column":42}},"14":{"start":{"line":176,"column":8},"end":{"line":176,"column":45}},"15":{"start":{"line":181,"column":8},"end":{"line":181,"column":62}},"16":{"start":{"line":184,"column":8},"end":{"line":184,"column":65}}},"fnMap":{"0":{"name":"(anonymous_0)","decl":{"start":{"line":127,"column":2},"end":{"line":127,"column":3}},"loc":{"start":{"line":127,"column":79},"end":{"line":129,"column":3}},"line":127},"1":{"name":"(anonymous_1)","decl":{"start":{"line":130,"column":2},"end":{"line":130,"column":3}},"loc":{"start":{"line":130,"column":48},"end":{"line":132,"column":3}},"line":130},"2":{"name":"(anonymous_2)","decl":{"start":{"line":133,"column":2},"end":{"line":133,"column":3}},"loc":{"start":{"line":133,"column":46},"end":{"line":135,"column":3}},"line":133},"3":{"name":"(anonymous_3)","decl":{"start":{"line":136,"column":2},"end":{"line":136,"column":3}},"loc":{"start":{"line":136,"column":112},"end":{"line":138,"column":3}},"line":136},"4":{"name":"(anonymous_4)","decl":{"start":{"line":139,"column":2},"end":{"line":139,"column":3}},"loc":{"start":{"line":139,"column":33},"end":{"line":141,"column":3}},"line":139},"5":{"name":"(anonymous_5)","decl":{"start":{"line":142,"column":2},"end":{"line":142,"column":3}},"loc":{"start":{"line":142,"column":41},"end":{"line":144,"column":3}},"line":142},"6":{"name":"(anonymous_6)","decl":{"start":{"line":145,"column":2},"end":{"line":145,"column":3}},"loc":{"start":{"line":145,"column":47},"end":{"line":147,"column":3}},"line":145},"7":{"name":"(anonymous_7)","decl":{"start":{"line":148,"column":2},"end":{"line":148,"column":3}},"loc":{"start":{"line":148,"column":68},"end":{"line":150,"column":3}},"line":148},"8":{"name":"(anonymous_8)","decl":{"start":{"line":151,"column":2},"end":{"line":151,"column":3}},"loc":{"start":{"line":156,"column":25},"end":{"line":158,"column":3}},"line":156},"9":{"name":"(anonymous_9)","decl":{"start":{"line":161,"column":23},"end":{"line":161,"column":24}},"loc":{"start":{"line":161,"column":114},"end":{"line":195,"column":1}},"line":161},"10":{"name":"(anonymous_10)","decl":{"start":{"line":164,"column":6},"end":{"line":164,"column":7}},"loc":{"start":{"line":164,"column":35},"end":{"line":166,"column":7}},"line":164},"11":{"name":"(anonymous_11)","decl":{"start":{"line":167,"column":6},"end":{"line":167,"column":7}},"loc":{"start":{"line":167,"column":35},"end":{"line":169,"column":7}},"line":167},"12":{"name":"(anonymous_12)","decl":{"start":{"line":172,"column":6},"end":{"line":172,"column":7}},"loc":{"start":{"line":172,"column":41},"end":{"line":174,"column":7}},"line":172},"13":{"name":"(anonymous_13)","decl":{"start":{"line":175,"column":6},"end":{"line":175,"column":7}},"loc":{"start":{"line":175,"column":41},"end":{"line":177,"column":7}},"line":175},"14":{"name":"(anonymous_14)","decl":{"start":{"line":180,"column":6},"end":{"line":180,"column":7}},"loc":{"start":{"line":180,"column":64},"end":{"line":182,"column":7}},"line":180},"15":{"name":"(anonymous_15)","decl":{"start":{"line":183,"column":6},"end":{"line":183,"column":7}},"loc":{"start":{"line":183,"column":64},"end":{"line":185,"column":7}},"line":183}},"branchMap":{},"s":{"0":0,"1":0,"2":0,"3":0,"4":0,"5":0,"6":0,"7":0,"8":0,"9":1,"10":0,"11":0,"12":0,"13":0,"14":0,"15":0,"16":0},"f":{"0":0,"1":0,"2":0,"3":0,"4":0,"5":0,"6":0,"7":0,"8":0,"9":0,"10":0,"11":0,"12":0,"13":0,"14":0,"15":0},"b":{},"_coverageSchema":"1a1c01bbd47fc00a2c39e90264f33305004495a9","hash":"acbe3bb5d4f60883b24ee6f9327dc44cd30d9cfc"}
,"/Users/trema/icure-typescript-sdks/packages/medtech/src/mappers/Address.mapper.ts": {"path":"/Users/trema/icure-typescript-sdks/packages/medtech/src/mappers/Address.mapper.ts","statementMap":{"0":{"start":{"line":8,"column":2},"end":{"line":8,"column":27}},"1":{"start":{"line":12,"column":2},"end":{"line":12,"column":27}},"2":{"start":{"line":16,"column":2},"end":{"line":16,"column":22}},"3":{"start":{"line":20,"column":2},"end":{"line":20,"column":27}},"4":{"start":{"line":24,"column":2},"end":{"line":24,"column":29}},"5":{"start":{"line":28,"column":2},"end":{"line":28,"column":26}},"6":{"start":{"line":32,"column":2},"end":{"line":32,"column":20}},"7":{"start":{"line":36,"column":2},"end":{"line":36,"column":21}},"8":{"start":{"line":40,"column":2},"end":{"line":40,"column":23}},"9":{"start":{"line":44,"column":2},"end":{"line":44,"column":20}},"10":{"start":{"line":48,"column":2},"end":{"line":48,"column":69}},"11":{"start":{"line":52,"column":2},"end":{"line":52,"column":24}},"12":{"start":{"line":56,"column":2},"end":{"line":56,"column":29}},"13":{"start":{"line":60,"column":2},"end":{"line":60,"column":50}},"14":{"start":{"line":64,"column":2},"end":{"line":64,"column":18}},"15":{"start":{"line":68,"column":2},"end":{"line":68,"column":19}},"16":{"start":{"line":72,"column":2},"end":{"line":72,"column":24}},"17":{"start":{"line":76,"column":2},"end":{"line":76,"column":26}},"18":{"start":{"line":80,"column":2},"end":{"line":80,"column":23}},"19":{"start":{"line":84,"column":2},"end":{"line":84,"column":17}},"20":{"start":{"line":88,"column":2},"end":{"line":88,"column":18}},"21":{"start":{"line":92,"column":2},"end":{"line":92,"column":20}},"22":{"start":{"line":96,"column":2},"end":{"line":96,"column":17}},"23":{"start":{"line":100,"column":2},"end":{"line":100,"column":56}},"24":{"start":{"line":104,"column":2},"end":{"line":104,"column":66}},"25":{"start":{"line":108,"column":2},"end":{"line":108,"column":26}},"26":{"start":{"line":112,"column":2},"end":{"line":126,"column":4}},"27":{"start":{"line":130,"column":2},"end":{"line":144,"column":4}}},"fnMap":{"0":{"name":"toAddressDtoAddressType","decl":{"start":{"line":7,"column":9},"end":{"line":7,"column":32}},"loc":{"start":{"line":7,"column":86},"end":{"line":9,"column":1}},"line":7},"1":{"name":"toAddressDtoDescr","decl":{"start":{"line":11,"column":9},"end":{"line":11,"column":26}},"loc":{"start":{"line":11,"column":64},"end":{"line":13,"column":1}},"line":11},"2":{"name":"toAddressDtoStreet","decl":{"start":{"line":15,"column":9},"end":{"line":15,"column":27}},"loc":{"start":{"line":15,"column":65},"end":{"line":17,"column":1}},"line":15},"3":{"name":"toAddressDtoHouseNumber","decl":{"start":{"line":19,"column":9},"end":{"line":19,"column":32}},"loc":{"start":{"line":19,"column":70},"end":{"line":21,"column":1}},"line":19},"4":{"name":"toAddressDtoPostboxNumber","decl":{"start":{"line":23,"column":9},"end":{"line":23,"column":34}},"loc":{"start":{"line":23,"column":72},"end":{"line":25,"column":1}},"line":23},"5":{"name":"toAddressDtoPostalCode","decl":{"start":{"line":27,"column":9},"end":{"line":27,"column":31}},"loc":{"start":{"line":27,"column":69},"end":{"line":29,"column":1}},"line":27},"6":{"name":"toAddressDtoCity","decl":{"start":{"line":31,"column":9},"end":{"line":31,"column":25}},"loc":{"start":{"line":31,"column":63},"end":{"line":33,"column":1}},"line":31},"7":{"name":"toAddressDtoState","decl":{"start":{"line":35,"column":9},"end":{"line":35,"column":26}},"loc":{"start":{"line":35,"column":64},"end":{"line":37,"column":1}},"line":35},"8":{"name":"toAddressDtoCountry","decl":{"start":{"line":39,"column":9},"end":{"line":39,"column":28}},"loc":{"start":{"line":39,"column":66},"end":{"line":41,"column":1}},"line":39},"9":{"name":"toAddressDtoNote","decl":{"start":{"line":43,"column":9},"end":{"line":43,"column":25}},"loc":{"start":{"line":43,"column":63},"end":{"line":45,"column":1}},"line":43},"10":{"name":"toAddressDtoNotes","decl":{"start":{"line":47,"column":9},"end":{"line":47,"column":26}},"loc":{"start":{"line":47,"column":73},"end":{"line":49,"column":1}},"line":47},"11":{"name":"toAddressDtoTelecoms","decl":{"start":{"line":51,"column":9},"end":{"line":51,"column":29}},"loc":{"start":{"line":51,"column":73},"end":{"line":53,"column":1}},"line":51},"12":{"name":"toAddressDtoEncryptedSelf","decl":{"start":{"line":55,"column":9},"end":{"line":55,"column":34}},"loc":{"start":{"line":55,"column":72},"end":{"line":57,"column":1}},"line":55},"13":{"name":"toAddressAddressType","decl":{"start":{"line":59,"column":9},"end":{"line":59,"column":29}},"loc":{"start":{"line":59,"column":83},"end":{"line":61,"column":1}},"line":59},"14":{"name":"toAddressDescription","decl":{"start":{"line":63,"column":9},"end":{"line":63,"column":29}},"loc":{"start":{"line":63,"column":67},"end":{"line":65,"column":1}},"line":63},"15":{"name":"toAddressStreet","decl":{"start":{"line":67,"column":9},"end":{"line":67,"column":24}},"loc":{"start":{"line":67,"column":62},"end":{"line":69,"column":1}},"line":67},"16":{"name":"toAddressHouseNumber","decl":{"start":{"line":71,"column":9},"end":{"line":71,"column":29}},"loc":{"start":{"line":71,"column":67},"end":{"line":73,"column":1}},"line":71},"17":{"name":"toAddressPostboxNumber","decl":{"start":{"line":75,"column":9},"end":{"line":75,"column":31}},"loc":{"start":{"line":75,"column":69},"end":{"line":77,"column":1}},"line":75},"18":{"name":"toAddressPostalCode","decl":{"start":{"line":79,"column":9},"end":{"line":79,"column":28}},"loc":{"start":{"line":79,"column":66},"end":{"line":81,"column":1}},"line":79},"19":{"name":"toAddressCity","decl":{"start":{"line":83,"column":9},"end":{"line":83,"column":22}},"loc":{"start":{"line":83,"column":60},"end":{"line":85,"column":1}},"line":83},"20":{"name":"toAddressState","decl":{"start":{"line":87,"column":9},"end":{"line":87,"column":23}},"loc":{"start":{"line":87,"column":61},"end":{"line":89,"column":1}},"line":87},"21":{"name":"toAddressCountry","decl":{"start":{"line":91,"column":9},"end":{"line":91,"column":25}},"loc":{"start":{"line":91,"column":63},"end":{"line":93,"column":1}},"line":91},"22":{"name":"toAddressNote","decl":{"start":{"line":95,"column":9},"end":{"line":95,"column":22}},"loc":{"start":{"line":95,"column":60},"end":{"line":97,"column":1}},"line":95},"23":{"name":"toAddressTelecoms","decl":{"start":{"line":99,"column":9},"end":{"line":99,"column":26}},"loc":{"start":{"line":99,"column":55},"end":{"line":101,"column":1}},"line":99},"24":{"name":"toAddressNotes","decl":{"start":{"line":103,"column":9},"end":{"line":103,"column":23}},"loc":{"start":{"line":103,"column":67},"end":{"line":105,"column":1}},"line":103},"25":{"name":"toAddressEncryptedSelf","decl":{"start":{"line":107,"column":9},"end":{"line":107,"column":31}},"loc":{"start":{"line":107,"column":69},"end":{"line":109,"column":1}},"line":107},"26":{"name":"mapAddressDtoToAddress","decl":{"start":{"line":111,"column":16},"end":{"line":111,"column":38}},"loc":{"start":{"line":111,"column":65},"end":{"line":127,"column":1}},"line":111},"27":{"name":"mapAddressToAddressDto","decl":{"start":{"line":129,"column":16},"end":{"line":129,"column":38}},"loc":{"start":{"line":129,"column":68},"end":{"line":145,"column":1}},"line":129}},"branchMap":{"0":{"loc":{"start":{"line":48,"column":9},"end":{"line":48,"column":69}},"type":"binary-expr","locations":[{"start":{"line":48,"column":9},"end":{"line":48,"column":56}},{"start":{"line":48,"column":60},"end":{"line":48,"column":69}}],"line":48},"1":{"loc":{"start":{"line":100,"column":9},"end":{"line":100,"column":56}},"type":"binary-expr","locations":[{"start":{"line":100,"column":9},"end":{"line":100,"column":50}},{"start":{"line":100,"column":54},"end":{"line":100,"column":56}}],"line":100},"2":{"loc":{"start":{"line":104,"column":9},"end":{"line":104,"column":66}},"type":"binary-expr","locations":[{"start":{"line":104,"column":9},"end":{"line":104,"column":53}},{"start":{"line":104,"column":57},"end":{"line":104,"column":66}}],"line":104}},"s":{"0":0,"1":0,"2":0,"3":0,"4":0,"5":0,"6":0,"7":0,"8":0,"9":0,"10":0,"11":0,"12":0,"13":0,"14":0,"15":0,"16":0,"17":0,"18":0,"19":0,"20":0,"21":0,"22":0,"23":0,"24":0,"25":0,"26":0,"27":0},"f":{"0":0,"1":0,"2":0,"3":0,"4":0,"5":0,"6":0,"7":0,"8":0,"9":0,"10":0,"11":0,"12":0,"13":0,"14":0,"15":0,"16":0,"17":0,"18":0,"19":0,"20":0,"21":0,"22":0,"23":0,"24":0,"25":0,"26":0,"27":0},"b":{"0":[0,0],"1":[0,0],"2":[0,0]},"_coverageSchema":"1a1c01bbd47fc00a2c39e90264f33305004495a9","hash":"60b2e43b39574f1ec863a6dbade5c7d1d52039ea"}
,"/Users/trema/icure-typescript-sdks/packages/medtech/src/mappers/Content.mapper.ts": {"path":"/Users/trema/icure-typescript-sdks/packages/medtech/src/mappers/Content.mapper.ts","statementMap":{"0":{"start":{"line":15,"column":2},"end":{"line":15,"column":27}},"1":{"start":{"line":19,"column":2},"end":{"line":19,"column":27}},"2":{"start":{"line":23,"column":2},"end":{"line":23,"column":28}},"3":{"start":{"line":27,"column":2},"end":{"line":27,"column":28}},"4":{"start":{"line":31,"column":2},"end":{"line":31,"column":30}},"5":{"start":{"line":35,"column":2},"end":{"line":35,"column":27}},"6":{"start":{"line":39,"column":2},"end":{"line":39,"column":26}},"7":{"start":{"line":43,"column":2},"end":{"line":43,"column":86}},"8":{"start":{"line":47,"column":2},"end":{"line":47,"column":18}},"9":{"start":{"line":51,"column":2},"end":{"line":51,"column":88}},"10":{"start":{"line":55,"column":2},"end":{"line":55,"column":58}},"11":{"start":{"line":59,"column":2},"end":{"line":59,"column":50}},"12":{"start":{"line":63,"column":2},"end":{"line":63,"column":50}},"13":{"start":{"line":67,"column":2},"end":{"line":67,"column":24}},"14":{"start":{"line":71,"column":2},"end":{"line":71,"column":24}},"15":{"start":{"line":75,"column":2},"end":{"line":75,"column":25}},"16":{"start":{"line":79,"column":2},"end":{"line":79,"column":25}},"17":{"start":{"line":83,"column":2},"end":{"line":83,"column":27}},"18":{"start":{"line":87,"column":2},"end":{"line":87,"column":24}},"19":{"start":{"line":91,"column":2},"end":{"line":91,"column":23}},"20":{"start":{"line":95,"column":2},"end":{"line":95,"column":80}},"21":{"start":{"line":99,"column":2},"end":{"line":99,"column":82}},"22":{"start":{"line":103,"column":2},"end":{"line":103,"column":55}},"23":{"start":{"line":107,"column":2},"end":{"line":107,"column":47}},"24":{"start":{"line":111,"column":2},"end":{"line":111,"column":47}},"25":{"start":{"line":115,"column":2},"end":{"line":128,"column":4}},"26":{"start":{"line":132,"column":2},"end":{"line":146,"column":4}}},"fnMap":{"0":{"name":"toContentDtoStringValue","decl":{"start":{"line":14,"column":9},"end":{"line":14,"column":32}},"loc":{"start":{"line":14,"column":70},"end":{"line":16,"column":1}},"line":14},"1":{"name":"toContentDtoNumberValue","decl":{"start":{"line":18,"column":9},"end":{"line":18,"column":32}},"loc":{"start":{"line":18,"column":70},"end":{"line":20,"column":1}},"line":18},"2":{"name":"toContentDtoBooleanValue","decl":{"start":{"line":22,"column":9},"end":{"line":22,"column":33}},"loc":{"start":{"line":22,"column":72},"end":{"line":24,"column":1}},"line":22},"3":{"name":"toContentDtoInstantValue","decl":{"start":{"line":26,"column":9},"end":{"line":26,"column":33}},"loc":{"start":{"line":26,"column":71},"end":{"line":28,"column":1}},"line":26},"4":{"name":"toContentDtoFuzzyDateValue","decl":{"start":{"line":30,"column":9},"end":{"line":30,"column":35}},"loc":{"start":{"line":30,"column":73},"end":{"line":32,"column":1}},"line":30},"5":{"name":"toContentDtoBinaryValue","decl":{"start":{"line":34,"column":9},"end":{"line":34,"column":32}},"loc":{"start":{"line":34,"column":75},"end":{"line":36,"column":1}},"line":34},"6":{"name":"toContentDtoDocumentId","decl":{"start":{"line":38,"column":9},"end":{"line":38,"column":31}},"loc":{"start":{"line":38,"column":69},"end":{"line":40,"column":1}},"line":38},"7":{"name":"toContentDtoMeasureValue","decl":{"start":{"line":42,"column":9},"end":{"line":42,"column":33}},"loc":{"start":{"line":42,"column":75},"end":{"line":44,"column":1}},"line":42},"8":{"name":"toContentDtoMedicationValue","decl":{"start":{"line":46,"column":9},"end":{"line":46,"column":36}},"loc":{"start":{"line":46,"column":81},"end":{"line":48,"column":1}},"line":46},"9":{"name":"toContentDtoTimeSeries","decl":{"start":{"line":50,"column":9},"end":{"line":50,"column":31}},"loc":{"start":{"line":50,"column":76},"end":{"line":52,"column":1}},"line":50},"10":{"name":"toContentDtoCompoundValue","decl":{"start":{"line":54,"column":9},"end":{"line":54,"column":34}},"loc":{"start":{"line":54,"column":75},"end":{"line":56,"column":1}},"line":54},"11":{"name":"toContentDtoRatio","decl":{"start":{"line":58,"column":9},"end":{"line":58,"column":26}},"loc":{"start":{"line":58,"column":70},"end":{"line":60,"column":1}},"line":58},"12":{"name":"toContentDtoRange","decl":{"start":{"line":62,"column":9},"end":{"line":62,"column":26}},"loc":{"start":{"line":62,"column":70},"end":{"line":64,"column":1}},"line":62},"13":{"name":"toContentStringValue","decl":{"start":{"line":66,"column":9},"end":{"line":66,"column":29}},"loc":{"start":{"line":66,"column":67},"end":{"line":68,"column":1}},"line":66},"14":{"name":"toContentNumberValue","decl":{"start":{"line":70,"column":9},"end":{"line":70,"column":29}},"loc":{"start":{"line":70,"column":67},"end":{"line":72,"column":1}},"line":70},"15":{"name":"toContentBooleanValue","decl":{"start":{"line":74,"column":9},"end":{"line":74,"column":30}},"loc":{"start":{"line":74,"column":69},"end":{"line":76,"column":1}},"line":74},"16":{"name":"toContentInstantValue","decl":{"start":{"line":78,"column":9},"end":{"line":78,"column":30}},"loc":{"start":{"line":78,"column":68},"end":{"line":80,"column":1}},"line":78},"17":{"name":"toContentFuzzyDateValue","decl":{"start":{"line":82,"column":9},"end":{"line":82,"column":32}},"loc":{"start":{"line":82,"column":70},"end":{"line":84,"column":1}},"line":82},"18":{"name":"toContentBinaryValue","decl":{"start":{"line":86,"column":9},"end":{"line":86,"column":29}},"loc":{"start":{"line":86,"column":72},"end":{"line":88,"column":1}},"line":86},"19":{"name":"toContentDocumentId","decl":{"start":{"line":90,"column":9},"end":{"line":90,"column":28}},"loc":{"start":{"line":90,"column":66},"end":{"line":92,"column":1}},"line":90},"20":{"name":"toContentMeasureValue","decl":{"start":{"line":94,"column":9},"end":{"line":94,"column":30}},"loc":{"start":{"line":94,"column":69},"end":{"line":96,"column":1}},"line":94},"21":{"name":"toContentTimeSeries","decl":{"start":{"line":98,"column":9},"end":{"line":98,"column":28}},"loc":{"start":{"line":98,"column":70},"end":{"line":100,"column":1}},"line":98},"22":{"name":"toContentCompoundValue","decl":{"start":{"line":102,"column":9},"end":{"line":102,"column":31}},"loc":{"start":{"line":102,"column":75},"end":{"line":104,"column":1}},"line":102},"23":{"name":"toContentRatio","decl":{"start":{"line":106,"column":9},"end":{"line":106,"column":23}},"loc":{"start":{"line":106,"column":64},"end":{"line":108,"column":1}},"line":106},"24":{"name":"toContentRange","decl":{"start":{"line":110,"column":9},"end":{"line":110,"column":23}},"loc":{"start":{"line":110,"column":64},"end":{"line":112,"column":1}},"line":110},"25":{"name":"mapContentDtoToContent","decl":{"start":{"line":114,"column":16},"end":{"line":114,"column":38}},"loc":{"start":{"line":114,"column":65},"end":{"line":129,"column":1}},"line":114},"26":{"name":"mapContentToContentDto","decl":{"start":{"line":131,"column":16},"end":{"line":131,"column":38}},"loc":{"start":{"line":131,"column":68},"end":{"line":147,"column":1}},"line":131}},"branchMap":{"0":{"loc":{"start":{"line":43,"column":9},"end":{"line":43,"column":86}},"type":"cond-expr","locations":[{"start":{"line":43,"column":31},"end":{"line":43,"column":74}},{"start":{"line":43,"column":77},"end":{"line":43,"column":86}}],"line":43},"1":{"loc":{"start":{"line":51,"column":9},"end":{"line":51,"column":88}},"type":"cond-expr","locations":[{"start":{"line":51,"column":29},"end":{"line":51,"column":76}},{"start":{"line":51,"column":79},"end":{"line":51,"column":88}}],"line":51},"2":{"loc":{"start":{"line":95,"column":9},"end":{"line":95,"column":80}},"type":"cond-expr","locations":[{"start":{"line":95,"column":28},"end":{"line":95,"column":68}},{"start":{"line":95,"column":71},"end":{"line":95,"column":80}}],"line":95},"3":{"loc":{"start":{"line":99,"column":9},"end":{"line":99,"column":82}},"type":"cond-expr","locations":[{"start":{"line":99,"column":26},"end":{"line":99,"column":70}},{"start":{"line":99,"column":73},"end":{"line":99,"column":82}}],"line":99}},"s":{"0":0,"1":0,"2":0,"3":0,"4":0,"5":0,"6":0,"7":0,"8":0,"9":0,"10":0,"11":0,"12":0,"13":0,"14":0,"15":0,"16":0,"17":0,"18":0,"19":0,"20":0,"21":0,"22":0,"23":0,"24":0,"25":0,"26":0},"f":{"0":0,"1":0,"2":0,"3":0,"4":0,"5":0,"6":0,"7":0,"8":0,"9":0,"10":0,"11":0,"12":0,"13":0,"14":0,"15":0,"16":0,"17":0,"18":0,"19":0,"20":0,"21":0,"22":0,"23":0,"24":0,"25":0,"26":0},"b":{"0":[0,0],"1":[0,0],"2":[0,0],"3":[0,0]},"_coverageSchema":"1a1c01bbd47fc00a2c39e90264f33305004495a9","hash":"1a6fa928c8ecd39002826d690c36b329101f7c1c"}
,"/Users/trema/icure-typescript-sdks/packages/medtech/src/mappers/DataOwner.mapper.ts": {"path":"/Users/trema/icure-typescript-sdks/packages/medtech/src/mappers/DataOwner.mapper.ts","statementMap":{"0":{"start":{"line":12,"column":4},"end":{"line":34,"column":5}},"1":{"start":{"line":14,"column":8},"end":{"line":17,"column":9}},"2":{"start":{"line":20,"column":8},"end":{"line":23,"column":9}},"3":{"start":{"line":26,"column":8},"end":{"line":29,"column":9}},"4":{"start":{"line":32,"column":8},"end":{"line":32,"column":68}},"5":{"start":{"line":38,"column":4},"end":{"line":56,"column":5}},"6":{"start":{"line":39,"column":6},"end":{"line":42,"column":7}},"7":{"start":{"line":43,"column":11},"end":{"line":56,"column":5}},"8":{"start":{"line":44,"column":6},"end":{"line":47,"column":7}},"9":{"start":{"line":48,"column":11},"end":{"line":56,"column":5}},"10":{"start":{"line":49,"column":6},"end":{"line":52,"column":7}},"11":{"start":{"line":55,"column":6},"end":{"line":55,"column":63}}},"fnMap":{"0":{"name":"(anonymous_0)","decl":{"start":{"line":11,"column":2},"end":{"line":11,"column":3}},"loc":{"start":{"line":11,"column":73},"end":{"line":35,"column":3}},"line":11},"1":{"name":"(anonymous_1)","decl":{"start":{"line":37,"column":2},"end":{"line":37,"column":3}},"loc":{"start":{"line":37,"column":70},"end":{"line":57,"column":3}},"line":37}},"branchMap":{"0":{"loc":{"start":{"line":12,"column":4},"end":{"line":34,"column":5}},"type":"switch","locations":[{"start":{"line":13,"column":6},"end":{"line":18,"column":7}},{"start":{"line":19,"column":6},"end":{"line":24,"column":7}},{"start":{"line":25,"column":6},"end":{"line":30,"column":7}},{"start":{"line":31,"column":6},"end":{"line":33,"column":7}}],"line":12},"1":{"loc":{"start":{"line":38,"column":4},"end":{"line":56,"column":5}},"type":"if","locations":[{"start":{"line":38,"column":4},"end":{"line":56,"column":5}},{"start":{"line":43,"column":11},"end":{"line":56,"column":5}}],"line":38},"2":{"loc":{"start":{"line":43,"column":11},"end":{"line":56,"column":5}},"type":"if","locations":[{"start":{"line":43,"column":11},"end":{"line":56,"column":5}},{"start":{"line":48,"column":11},"end":{"line":56,"column":5}}],"line":43},"3":{"loc":{"start":{"line":48,"column":11},"end":{"line":56,"column":5}},"type":"if","locations":[{"start":{"line":48,"column":11},"end":{"line":56,"column":5}},{"start":{"line":53,"column":11},"end":{"line":56,"column":5}}],"line":48}},"s":{"0":0,"1":0,"2":0,"3":0,"4":0,"5":0,"6":0,"7":0,"8":0,"9":0,"10":0,"11":0},"f":{"0":0,"1":0},"b":{"0":[0,0,0,0],"1":[0,0],"2":[0,0],"3":[0,0]},"_coverageSchema":"1a1c01bbd47fc00a2c39e90264f33305004495a9","hash":"1694293874ee19002e845ce0016c029cba1fc737"}
,"/Users/trema/icure-typescript-sdks/packages/medtech/src/mappers/DataSample.mapper.ts": {"path":"/Users/trema/icure-typescript-sdks/packages/medtech/src/mappers/DataSample.mapper.ts","statementMap":{"0":{"start":{"line":32,"column":2},"end":{"line":32,"column":29}},"1":{"start":{"line":36,"column":2},"end":{"line":36,"column":29}},"2":{"start":{"line":40,"column":2},"end":{"line":40,"column":62}},"3":{"start":{"line":44,"column":2},"end":{"line":44,"column":23}},"4":{"start":{"line":48,"column":2},"end":{"line":48,"column":18}},"5":{"start":{"line":52,"column":2},"end":{"line":52,"column":18}},"6":{"start":{"line":56,"column":2},"end":{"line":56,"column":49}},"7":{"start":{"line":60,"column":2},"end":{"line":60,"column":40}},"8":{"start":{"line":64,"column":2},"end":{"line":64,"column":89}},"9":{"start":{"line":68,"column":2},"end":{"line":68,"column":90}},"10":{"start":{"line":72,"column":2},"end":{"line":72,"column":83}},"11":{"start":{"line":76,"column":2},"end":{"line":76,"column":86}},"12":{"start":{"line":80,"column":2},"end":{"line":80,"column":18}},"13":{"start":{"line":84,"column":2},"end":{"line":84,"column":18}},"14":{"start":{"line":88,"column":2},"end":{"line":88,"column":21}},"15":{"start":{"line":92,"column":24},"end":{"line":92,"column":129}},"16":{"start":{"line":92,"column":89},"end":{"line":92,"column":128}},"17":{"start":{"line":93,"column":2},"end":{"line":93,"column":72}},"18":{"start":{"line":97,"column":2},"end":{"line":97,"column":18}},"19":{"start":{"line":101,"column":2},"end":{"line":101,"column":18}},"20":{"start":{"line":105,"column":2},"end":{"line":105,"column":25}},"21":{"start":{"line":109,"column":2},"end":{"line":109,"column":27}},"22":{"start":{"line":113,"column":2},"end":{"line":113,"column":27}},"23":{"start":{"line":117,"column":2},"end":{"line":117,"column":18}},"24":{"start":{"line":121,"column":2},"end":{"line":121,"column":23}},"25":{"start":{"line":125,"column":2},"end":{"line":125,"column":24}},"26":{"start":{"line":129,"column":2},"end":{"line":129,"column":25}},"27":{"start":{"line":133,"column":2},"end":{"line":133,"column":22}},"28":{"start":{"line":137,"column":2},"end":{"line":137,"column":27}},"29":{"start":{"line":141,"column":2},"end":{"line":141,"column":18}},"30":{"start":{"line":145,"column":2},"end":{"line":145,"column":23}},"31":{"start":{"line":149,"column":2},"end":{"line":149,"column":18}},"32":{"start":{"line":153,"column":2},"end":{"line":153,"column":18}},"33":{"start":{"line":157,"column":2},"end":{"line":157,"column":18}},"34":{"start":{"line":161,"column":2},"end":{"line":163,"column":15}},"35":{"start":{"line":162,"column":84},"end":{"line":162,"column":131}},"36":{"start":{"line":167,"column":2},"end":{"line":167,"column":87}},"37":{"start":{"line":171,"column":2},"end":{"line":171,"column":89}},"38":{"start":{"line":175,"column":2},"end":{"line":175,"column":85}},"39":{"start":{"line":179,"column":2},"end":{"line":179,"column":26}},"40":{"start":{"line":183,"column":2},"end":{"line":183,"column":26}},"41":{"start":{"line":187,"column":2},"end":{"line":187,"column":64}},"42":{"start":{"line":191,"column":2},"end":{"line":191,"column":22}},"43":{"start":{"line":195,"column":2},"end":{"line":195,"column":75}},"44":{"start":{"line":199,"column":2},"end":{"line":199,"column":55}},"45":{"start":{"line":203,"column":2},"end":{"line":203,"column":18}},"46":{"start":{"line":207,"column":2},"end":{"line":207,"column":136}},"47":{"start":{"line":207,"column":86},"end":{"line":207,"column":122}},"48":{"start":{"line":211,"column":2},"end":{"line":211,"column":22}},"49":{"start":{"line":215,"column":2},"end":{"line":215,"column":24}},"50":{"start":{"line":219,"column":2},"end":{"line":219,"column":24}},"51":{"start":{"line":223,"column":2},"end":{"line":223,"column":20}},"52":{"start":{"line":227,"column":2},"end":{"line":227,"column":21}},"53":{"start":{"line":231,"column":2},"end":{"line":231,"column":22}},"54":{"start":{"line":235,"column":2},"end":{"line":235,"column":19}},"55":{"start":{"line":239,"column":2},"end":{"line":239,"column":24}},"56":{"start":{"line":243,"column":2},"end":{"line":243,"column":20}},"57":{"start":{"line":247,"column":2},"end":{"line":249,"column":15}},"58":{"start":{"line":248,"column":76},"end":{"line":248,"column":118}},"59":{"start":{"line":253,"column":2},"end":{"line":253,"column":85}},"60":{"start":{"line":257,"column":2},"end":{"line":257,"column":83}},"61":{"start":{"line":261,"column":2},"end":{"line":261,"column":39}},"62":{"start":{"line":265,"column":2},"end":{"line":287,"column":4}},"63":{"start":{"line":291,"column":2},"end":{"line":328,"column":4}}},"fnMap":{"0":{"name":"toServiceId","decl":{"start":{"line":31,"column":9},"end":{"line":31,"column":20}},"loc":{"start":{"line":31,"column":61},"end":{"line":33,"column":1}},"line":31},"1":{"name":"toServiceTransactionId","decl":{"start":{"line":35,"column":9},"end":{"line":35,"column":31}},"loc":{"start":{"line":35,"column":72},"end":{"line":37,"column":1}},"line":35},"2":{"name":"toServiceIdentifier","decl":{"start":{"line":39,"column":9},"end":{"line":39,"column":28}},"loc":{"start":{"line":39,"column":78},"end":{"line":41,"column":1}},"line":39},"3":{"name":"toServiceContactId","decl":{"start":{"line":43,"column":9},"end":{"line":43,"column":27}},"loc":{"start":{"line":43,"column":68},"end":{"line":45,"column":1}},"line":43},"4":{"name":"toServiceSubContactIds","decl":{"start":{"line":47,"column":9},"end":{"line":47,"column":31}},"loc":{"start":{"line":47,"column":74},"end":{"line":49,"column":1}},"line":47},"5":{"name":"toServicePlansOfActionIds","decl":{"start":{"line":51,"column":9},"end":{"line":51,"column":34}},"loc":{"start":{"line":51,"column":77},"end":{"line":53,"column":1}},"line":51},"6":{"name":"toServiceHealthElementsIds","decl":{"start":{"line":55,"column":9},"end":{"line":55,"column":35}},"loc":{"start":{"line":55,"column":78},"end":{"line":57,"column":1}},"line":55},"7":{"name":"toServiceFormIds","decl":{"start":{"line":59,"column":9},"end":{"line":59,"column":25}},"loc":{"start":{"line":59,"column":68},"end":{"line":61,"column":1}},"line":59},"8":{"name":"toServiceSecretForeignKeys","decl":{"start":{"line":63,"column":9},"end":{"line":63,"column":35}},"loc":{"start":{"line":63,"column":78},"end":{"line":65,"column":1}},"line":63},"9":{"name":"toServiceCryptedForeignKeys","decl":{"start":{"line":67,"column":9},"end":{"line":67,"column":36}},"loc":{"start":{"line":67,"column":105},"end":{"line":69,"column":1}},"line":67},"10":{"name":"toServiceDelegations","decl":{"start":{"line":71,"column":9},"end":{"line":71,"column":29}},"loc":{"start":{"line":71,"column":98},"end":{"line":73,"column":1}},"line":71},"11":{"name":"toServiceEncryptionKeys","decl":{"start":{"line":75,"column":9},"end":{"line":75,"column":32}},"loc":{"start":{"line":75,"column":101},"end":{"line":77,"column":1}},"line":75},"12":{"name":"toServiceLabel","decl":{"start":{"line":79,"column":9},"end":{"line":79,"column":23}},"loc":{"start":{"line":79,"column":64},"end":{"line":81,"column":1}},"line":79},"13":{"name":"toServiceDataClassName","decl":{"start":{"line":83,"column":9},"end":{"line":83,"column":31}},"loc":{"start":{"line":83,"column":72},"end":{"line":85,"column":1}},"line":83},"14":{"name":"toServiceIndex","decl":{"start":{"line":87,"column":9},"end":{"line":87,"column":23}},"loc":{"start":{"line":87,"column":64},"end":{"line":89,"column":1}},"line":87},"15":{"name":"toServiceContent","decl":{"start":{"line":91,"column":9},"end":{"line":91,"column":25}},"loc":{"start":{"line":91,"column":89},"end":{"line":94,"column":1}},"line":91},"16":{"name":"(anonymous_16)","decl":{"start":{"line":92,"column":68},"end":{"line":92,"column":69}},"loc":{"start":{"line":92,"column":89},"end":{"line":92,"column":128}},"line":92},"17":{"name":"toServiceEncryptedContent","decl":{"start":{"line":96,"column":9},"end":{"line":96,"column":34}},"loc":{"start":{"line":96,"column":75},"end":{"line":98,"column":1}},"line":96},"18":{"name":"toServiceTextIndexes","decl":{"start":{"line":100,"column":9},"end":{"line":100,"column":29}},"loc":{"start":{"line":100,"column":89},"end":{"line":102,"column":1}},"line":100},"19":{"name":"toServiceValueDate","decl":{"start":{"line":104,"column":9},"end":{"line":104,"column":27}},"loc":{"start":{"line":104,"column":68},"end":{"line":106,"column":1}},"line":104},"20":{"name":"toServiceOpeningDate","decl":{"start":{"line":108,"column":9},"end":{"line":108,"column":29}},"loc":{"start":{"line":108,"column":70},"end":{"line":110,"column":1}},"line":108},"21":{"name":"toServiceClosingDate","decl":{"start":{"line":112,"column":9},"end":{"line":112,"column":29}},"loc":{"start":{"line":112,"column":70},"end":{"line":114,"column":1}},"line":112},"22":{"name":"toServiceFormId","decl":{"start":{"line":116,"column":9},"end":{"line":116,"column":24}},"loc":{"start":{"line":116,"column":65},"end":{"line":118,"column":1}},"line":116},"23":{"name":"toServiceCreated","decl":{"start":{"line":120,"column":9},"end":{"line":120,"column":25}},"loc":{"start":{"line":120,"column":66},"end":{"line":122,"column":1}},"line":120},"24":{"name":"toServiceModified","decl":{"start":{"line":124,"column":9},"end":{"line":124,"column":26}},"loc":{"start":{"line":124,"column":67},"end":{"line":126,"column":1}},"line":124},"25":{"name":"toServiceEndOfLife","decl":{"start":{"line":128,"column":9},"end":{"line":128,"column":27}},"loc":{"start":{"line":128,"column":68},"end":{"line":130,"column":1}},"line":128},"26":{"name":"toServiceAuthor","decl":{"start":{"line":132,"column":9},"end":{"line":132,"column":24}},"loc":{"start":{"line":132,"column":65},"end":{"line":134,"column":1}},"line":132},"27":{"name":"toServiceResponsible","decl":{"start":{"line":136,"column":9},"end":{"line":136,"column":29}},"loc":{"start":{"line":136,"column":70},"end":{"line":138,"column":1}},"line":136},"28":{"name":"toServiceMedicalLocationId","decl":{"start":{"line":140,"column":9},"end":{"line":140,"column":35}},"loc":{"start":{"line":140,"column":76},"end":{"line":142,"column":1}},"line":140},"29":{"name":"toServiceComment","decl":{"start":{"line":144,"column":9},"end":{"line":144,"column":25}},"loc":{"start":{"line":144,"column":66},"end":{"line":146,"column":1}},"line":144},"30":{"name":"toServiceStatus","decl":{"start":{"line":148,"column":9},"end":{"line":148,"column":24}},"loc":{"start":{"line":148,"column":65},"end":{"line":150,"column":1}},"line":148},"31":{"name":"toServiceInvoicingCodes","decl":{"start":{"line":152,"column":9},"end":{"line":152,"column":32}},"loc":{"start":{"line":152,"column":75},"end":{"line":154,"column":1}},"line":152},"32":{"name":"toServiceNotes","decl":{"start":{"line":156,"column":9},"end":{"line":156,"column":23}},"loc":{"start":{"line":156,"column":73},"end":{"line":158,"column":1}},"line":156},"33":{"name":"toServiceQualifiedLinks","decl":{"start":{"line":160,"column":9},"end":{"line":160,"column":32}},"loc":{"start":{"line":160,"column":111},"end":{"line":164,"column":1}},"line":160},"34":{"name":"(anonymous_34)","decl":{"start":{"line":162,"column":66},"end":{"line":162,"column":67}},"loc":{"start":{"line":162,"column":84},"end":{"line":162,"column":131}},"line":162},"35":{"name":"toServiceCodes","decl":{"start":{"line":166,"column":9},"end":{"line":166,"column":23}},"loc":{"start":{"line":166,"column":68},"end":{"line":168,"column":1}},"line":166},"36":{"name":"toServiceTags","decl":{"start":{"line":170,"column":9},"end":{"line":170,"column":22}},"loc":{"start":{"line":170,"column":67},"end":{"line":172,"column":1}},"line":170},"37":{"name":"toServiceEncryptedSelf","decl":{"start":{"line":174,"column":9},"end":{"line":174,"column":31}},"loc":{"start":{"line":174,"column":72},"end":{"line":176,"column":1}},"line":174},"38":{"name":"toDataSampleId","decl":{"start":{"line":178,"column":9},"end":{"line":178,"column":23}},"loc":{"start":{"line":178,"column":58},"end":{"line":180,"column":1}},"line":178},"
[...]
:{"line":147,"column":47},"end":{"line":147,"column":48}},"loc":{"start":{"line":147,"column":57},"end":{"line":147,"column":77}},"line":147},"17":{"name":"(anonymous_17)","decl":{"start":{"line":152,"column":63},"end":{"line":152,"column":64}},"loc":{"start":{"line":152,"column":73},"end":{"line":152,"column":77}},"line":152},"18":{"name":"(anonymous_18)","decl":{"start":{"line":170,"column":40},"end":{"line":170,"column":41}},"loc":{"start":{"line":170,"column":50},"end":{"line":170,"column":73}},"line":170},"19":{"name":"(anonymous_19)","decl":{"start":{"line":177,"column":53},"end":{"line":177,"column":54}},"loc":{"start":{"line":177,"column":63},"end":{"line":177,"column":87}},"line":177},"20":{"name":"(anonymous_20)","decl":{"start":{"line":178,"column":77},"end":{"line":178,"column":78}},"loc":{"start":{"line":178,"column":87},"end":{"line":178,"column":122}},"line":178},"21":{"name":"(anonymous_21)","decl":{"start":{"line":179,"column":65},"end":{"line":179,"column":66}},"loc":{"start":{"line":179,"column":75},"end":{"line":179,"column":103}},"line":179},"22":{"name":"(anonymous_22)","decl":{"start":{"line":180,"column":83},"end":{"line":180,"column":84}},"loc":{"start":{"line":180,"column":95},"end":{"line":180,"column":121}},"line":180},"23":{"name":"(anonymous_23)","decl":{"start":{"line":180,"column":105},"end":{"line":180,"column":106}},"loc":{"start":{"line":180,"column":115},"end":{"line":180,"column":119}},"line":180},"24":{"name":"(anonymous_24)","decl":{"start":{"line":181,"column":65},"end":{"line":181,"column":66}},"loc":{"start":{"line":181,"column":75},"end":{"line":181,"column":96}},"line":181},"25":{"name":"(anonymous_25)","decl":{"start":{"line":186,"column":2},"end":{"line":186,"column":3}},"loc":{"start":{"line":186,"column":38},"end":{"line":241,"column":3}},"line":186},"26":{"name":"(anonymous_26)","decl":{"start":{"line":190,"column":43},"end":{"line":190,"column":44}},"loc":{"start":{"line":190,"column":58},"end":{"line":190,"column":83}},"line":190},"27":{"name":"(anonymous_27)","decl":{"start":{"line":195,"column":41},"end":{"line":195,"column":42}},"loc":{"start":{"line":195,"column":56},"end":{"line":195,"column":86}},"line":195},"28":{"name":"(anonymous_28)","decl":{"start":{"line":196,"column":39},"end":{"line":196,"column":40}},"loc":{"start":{"line":196,"column":54},"end":{"line":196,"column":84}},"line":196},"29":{"name":"(anonymous_29)","decl":{"start":{"line":201,"column":31},"end":{"line":201,"column":32}},"loc":{"start":{"line":201,"column":46},"end":{"line":201,"column":71}},"line":201},"30":{"name":"(anonymous_30)","decl":{"start":{"line":203,"column":39},"end":{"line":203,"column":40}},"loc":{"start":{"line":203,"column":54},"end":{"line":203,"column":58}},"line":203},"31":{"name":"(anonymous_31)","decl":{"start":{"line":204,"column":39},"end":{"line":204,"column":40}},"loc":{"start":{"line":204,"column":54},"end":{"line":204,"column":76}},"line":204},"32":{"name":"(anonymous_32)","decl":{"start":{"line":209,"column":47},"end":{"line":209,"column":48}},"loc":{"start":{"line":209,"column":62},"end":{"line":209,"column":66}},"line":209},"33":{"name":"(anonymous_33)","decl":{"start":{"line":227,"column":32},"end":{"line":227,"column":33}},"loc":{"start":{"line":227,"column":47},"end":{"line":227,"column":72}},"line":227},"34":{"name":"(anonymous_34)","decl":{"start":{"line":234,"column":45},"end":{"line":234,"column":46}},"loc":{"start":{"line":234,"column":60},"end":{"line":234,"column":86}},"line":234},"35":{"name":"(anonymous_35)","decl":{"start":{"line":235,"column":69},"end":{"line":235,"column":70}},"loc":{"start":{"line":235,"column":84},"end":{"line":235,"column":121}},"line":235},"36":{"name":"(anonymous_36)","decl":{"start":{"line":236,"column":57},"end":{"line":236,"column":58}},"loc":{"start":{"line":236,"column":72},"end":{"line":236,"column":102}},"line":236},"37":{"name":"(anonymous_37)","decl":{"start":{"line":237,"column":65},"end":{"line":237,"column":66}},"loc":{"start":{"line":237,"column":89},"end":{"line":237,"column":120}},"line":237},"38":{"name":"(anonymous_38)","decl":{"start":{"line":237,"column":99},"end":{"line":237,"column":100}},"loc":{"start":{"line":237,"column":114},"end":{"line":237,"column":118}},"line":237},"39":{"name":"(anonymous_39)","decl":{"start":{"line":238,"column":49},"end":{"line":238,"column":50}},"loc":{"start":{"line":238,"column":64},"end":{"line":238,"column":87}},"line":238}},"branchMap":{"0":{"loc":{"start":{"line":99,"column":23},"end":{"line":99,"column":89}},"type":"cond-expr","locations":[{"start":{"line":99,"column":37},"end":{"line":99,"column":84}},{"start":{"line":99,"column":87},"end":{"line":99,"column":89}}],"line":99},"1":{"loc":{"start":{"line":101,"column":18},"end":{"line":101,"column":96}},"type":"cond-expr","locations":[{"start":{"line":101,"column":27},"end":{"line":101,"column":84}},{"start":{"line":101,"column":87},"end":{"line":101,"column":96}}],"line":101},"2":{"loc":{"start":{"line":102,"column":17},"end":{"line":102,"column":93}},"type":"cond-expr","locations":[{"start":{"line":102,"column":25},"end":{"line":102,"column":81}},{"start":{"line":102,"column":84},"end":{"line":102,"column":93}}],"line":102},"3":{"loc":{"start":{"line":104,"column":17},"end":{"line":104,"column":59}},"type":"binary-expr","locations":[{"start":{"line":104,"column":17},"end":{"line":104,"column":53}},{"start":{"line":104,"column":57},"end":{"line":104,"column":59}}],"line":104},"4":{"loc":{"start":{"line":105,"column":21},"end":{"line":105,"column":64}},"type":"binary-expr","locations":[{"start":{"line":105,"column":21},"end":{"line":105,"column":58}},{"start":{"line":105,"column":62},"end":{"line":105,"column":64}}],"line":105},"5":{"loc":{"start":{"line":108,"column":21},"end":{"line":108,"column":68}},"type":"cond-expr","locations":[{"start":{"line":108,"column":33},"end":{"line":108,"column":56}},{"start":{"line":108,"column":59},"end":{"line":108,"column":68}}],"line":108},"6":{"loc":{"start":{"line":112,"column":19},"end":{"line":118,"column":17}},"type":"cond-expr","locations":[{"start":{"line":113,"column":8},"end":{"line":113,"column":17}},{"start":{"line":114,"column":8},"end":{"line":118,"column":17}}],"line":112},"7":{"loc":{"start":{"line":114,"column":8},"end":{"line":118,"column":17}},"type":"cond-expr","locations":[{"start":{"line":115,"column":8},"end":{"line":115,"column":15}},{"start":{"line":116,"column":8},"end":{"line":118,"column":17}}],"line":114},"8":{"loc":{"start":{"line":116,"column":8},"end":{"line":118,"column":17}},"type":"cond-expr","locations":[{"start":{"line":117,"column":8},"end":{"line":117,"column":45}},{"start":{"line":118,"column":8},"end":{"line":118,"column":17}}],"line":116},"9":{"loc":{"start":{"line":120,"column":24},"end":{"line":120,"column":93}},"type":"cond-expr","locations":[{"start":{"line":120,"column":39},"end":{"line":120,"column":88}},{"start":{"line":120,"column":91},"end":{"line":120,"column":93}}],"line":120},"10":{"loc":{"start":{"line":121,"column":36},"end":{"line":121,"column":140}},"type":"cond-expr","locations":[{"start":{"line":121,"column":63},"end":{"line":121,"column":135}},{"start":{"line":121,"column":138},"end":{"line":121,"column":140}}],"line":121},"11":{"loc":{"start":{"line":122,"column":30},"end":{"line":122,"column":115}},"type":"cond-expr","locations":[{"start":{"line":122,"column":51},"end":{"line":122,"column":110}},{"start":{"line":122,"column":113},"end":{"line":122,"column":115}}],"line":122},"12":{"loc":{"start":{"line":124,"column":22},"end":{"line":124,"column":100}},"type":"cond-expr","locations":[{"start":{"line":124,"column":35},"end":{"line":124,"column":88}},{"start":{"line":124,"column":91},"end":{"line":124,"column":100}}],"line":124},"13":{"loc":{"start":{"line":126,"column":26},"end":{"line":126,"column":92}},"type":"binary-expr","locations":[{"start":{"line":126,"column":26},"end":{"line":126,"column":40}},{"start":{"line":126,"column":44},"end":{"line":126,"column":92}}],"line":126},"14":{"loc":{"start":{"line":175,"column":22},"end":{"line":175,"column":79}},"type":"cond-expr","locations":[{"start":{"line":175,"column":43},"end":{"line":175,"column":67}},{"start":{"line":175,"column":70},"end":{"line":175,"column":79}}],"line":175},"15":{"loc":{"start":{"line":182,"column":29},"end":{"line":182,"column":129}},"type":"cond-expr","locations":[{"start":{"line":182,"column":57},"end":{"line":182,"column":117}},{"start":{"line":182,"column":120},"end":{"line":182,"column":129}}],"line":182},"16":{"loc":{"start":{"line":232,"column":15},"end":{"line":232,"column":71}},"type":"cond-expr","locations":[{"start":{"line":232,"column":35},"end":{"line":232,"column":59}},{"start":{"line":232,"column":62},"end":{"line":232,"column":71}}],"line":232},"17":{"loc":{"start":{"line":239,"column":22},"end":{"line":239,"column":122}},"type":"cond-expr","locations":[{"start":{"line":239,"column":49},"end":{"line":239,"column":110}},{"start":{"line":239,"column":113},"end":{"line":239,"column":122}}],"line":239}},"s":{"0":0,"1":0,"2":0,"3":0,"4":0,"5":0,"6":0,"7":0,"8":0,"9":0,"10":0,"11":0,"12":0,"13":0,"14":0,"15":0,"16":0,"17":0,"18":0,"19":0,"20":0,"21":0,"22":0,"23":0,"24":0,"25":0,"26":0,"27":0,"28":0,"29":0,"30":0,"31":0,"32":0,"33":0,"34":0,"35":0,"36":0,"37":0,"38":0,"39":0,"40":0,"41":0,"42":0,"43":0,"44":0,"45":0,"46":0,"47":0,"48":0,"49":0,"50":0,"51":0,"52":0,"53":0,"54":0,"55":0,"56":0,"57":0,"58":0,"59":0,"60":0,"61":0,"62":0,"63":0,"64":0,"65":0,"66":0,"67":0,"68":0,"69":0,"70":0,"71":0,"72":0,"73":0,"74":0,"75":0,"76":0,"77":0,"78":0,"79":0,"80":0,"81":0,"82":0,"83":0,"84":0,"85":0,"86":0,"87":0,"88":0,"89":0,"90":0,"91":0,"92":0,"93":0,"94":0,"95":0,"96":0,"97":0,"98":0,"99":0,"100":0,"101":0,"102":0,"103":0,"104":0,"105":0,"106":0,"107":0,"108":0,"109":0},"f":{"0":0,"1":0,"2":0,"3":0,"4":0,"5":0,"6":0,"7":0,"8":0,"9":0,"10":0,"11":0,"12":0,"13":0,"14":0,"15":0,"16":0,"17":0,"18":0,"19":0,"20":0,"21":0,"22":0,"23":0,"24":0,"25":0,"26":0,"27":0,"28":0,"29":0,"30":0,"31":0,"32":0,"33":0,"34":0,"35":0,"36":0,"37":0,"38":0,"39":0},"b":{"0":[0,0],"1":[0,0],"2":[0,0],"3":[0,0],"4":[0,0],"5":[0,0],"6":[0,0],"7":[0,0],"8":[0,0],"9":[0,0],"10":[0,0],"11":[0,0],"12":[0,0],"13":[0,0],"14":[0,0],"15":[0,0],"16":[0,0],"17":[0,0]},"_coverageSchema":"1a1c01bbd47fc00a2c39e90264f33305004495a9","hash":"374196245f1b7472b3e687f995b5eba6a24e7f2d"}
,"/Users/trema/icure-typescript-sdks/packages/medtech/src/models/PatientHealthCareParty.model.ts": {"path":"/Users/trema/icure-typescript-sdks/packages/medtech/src/models/PatientHealthCareParty.model.ts","statementMap":{"0":{"start":{"line":22,"column":4},"end":{"line":22,"column":82}},"1":{"start":{"line":29,"column":22},"end":{"line":29,"column":24}},"2":{"start":{"line":30,"column":4},"end":{"line":30,"column":32}},"3":{"start":{"line":31,"column":4},"end":{"line":31,"column":58}},"4":{"start":{"line":32,"column":4},"end":{"line":32,"column":15}},"5":{"start":{"line":36,"column":4},"end":{"line":36,"column":107}}},"fnMap":{"0":{"name":"(anonymous_0)","decl":{"start":{"line":21,"column":2},"end":{"line":21,"column":3}},"loc":{"start":{"line":21,"column":45},"end":{"line":23,"column":3}},"line":21},"1":{"name":"(anonymous_1)","decl":{"start":{"line":28,"column":2},"end":{"line":28,"column":3}},"loc":{"start":{"line":28,"column":55},"end":{"line":33,"column":3}},"line":28},"2":{"name":"(anonymous_2)","decl":{"start":{"line":35,"column":2},"end":{"line":35,"column":3}},"loc":{"start":{"line":35,"column":53},"end":{"line":37,"column":3}},"line":35}},"branchMap":{},"s":{"0":0,"1":0,"2":0,"3":0,"4":0,"5":0},"f":{"0":0,"1":0,"2":0},"b":{},"_coverageSchema":"1a1c01bbd47fc00a2c39e90264f33305004495a9","hash":"b0c3798b338f5690eb2c0d06ce3127c9420cbc23"}
,"/Users/trema/icure-typescript-sdks/packages/medtech/src/models/PersonName.model.ts": {"path":"/Users/trema/icure-typescript-sdks/packages/medtech/src/models/PersonName.model.ts","statementMap":{"0":{"start":{"line":22,"column":4},"end":{"line":22,"column":58}},"1":{"start":{"line":35,"column":22},"end":{"line":35,"column":24}},"2":{"start":{"line":36,"column":4},"end":{"line":36,"column":40}},"3":{"start":{"line":37,"column":4},"end":{"line":37,"column":64}},"4":{"start":{"line":37,"column":59},"end":{"line":37,"column":63}},"5":{"start":{"line":38,"column":4},"end":{"line":38,"column":34}},"6":{"start":{"line":39,"column":4},"end":{"line":39,"column":30}},"7":{"start":{"line":40,"column":4},"end":{"line":40,"column":56}},"8":{"start":{"line":40,"column":51},"end":{"line":40,"column":55}},"9":{"start":{"line":41,"column":4},"end":{"line":41,"column":56}},"10":{"start":{"line":41,"column":51},"end":{"line":41,"column":55}},"11":{"start":{"line":42,"column":4},"end":{"line":42,"column":32}},"12":{"start":{"line":43,"column":4},"end":{"line":43,"column":30}},"13":{"start":{"line":44,"column":4},"end":{"line":44,"column":15}},"14":{"start":{"line":48,"column":4},"end":{"line":57,"column":6}},"15":{"start":{"line":50,"column":56},"end":{"line":50,"column":60}},"16":{"start":{"line":53,"column":48},"end":{"line":53,"column":52}},"17":{"start":{"line":54,"column":48},"end":{"line":54,"column":52}}},"fnMap":{"0":{"name":"(anonymous_0)","decl":{"start":{"line":21,"column":2},"end":{"line":21,"column":3}},"loc":{"start":{"line":21,"column":33},"end":{"line":23,"column":3}},"line":21},"1":{"name":"(anonymous_1)","decl":{"start":{"line":34,"column":2},"end":{"line":34,"column":3}},"loc":{"start":{"line":34,"column":43},"end":{"line":45,"column":3}},"line":34},"2":{"name":"(anonymous_2)","decl":{"start":{"line":37,"column":49},"end":{"line":37,"column":50}},"loc":{"start":{"line":37,"column":59},"end":{"line":37,"column":63}},"line":37},"3":{"name":"(anonymous_3)","decl":{"start":{"line":40,"column":41},"end":{"line":40,"column":42}},"loc":{"start":{"line":40,"column":51},"end":{"line":40,"column":55}},"line":40},"4":{"name":"(anonymous_4)","decl":{"start":{"line":41,"column":41},"end":{"line":41,"column":42}},"loc":{"start":{"line":41,"column":51},"end":{"line":41,"column":55}},"line":41},"5":{"name":"(anonymous_5)","decl":{"start":{"line":47,"column":2},"end":{"line":47,"column":3}},"loc":{"start":{"line":47,"column":41},"end":{"line":58,"column":3}},"line":47},"6":{"name":"(anonymous_6)","decl":{"start":{"line":50,"column":41},"end":{"line":50,"column":42}},"loc":{"start":{"line":50,"column":56},"end":{"line":50,"column":60}},"line":50},"7":{"name":"(anonymous_7)","decl":{"start":{"line":53,"column":33},"end":{"line":53,"column":34}},"loc":{"start":{"line":53,"column":48},"end":{"line":53,"column":52}},"line":53},"8":{"name":"(anonymous_8)","decl":{"start":{"line":54,"column":33},"end":{"line":54,"column":34}},"loc":{"start":{"line":54,"column":48},"end":{"line":54,"column":52}},"line":54}},"branchMap":{},"s":{"0":0,"1":0,"2":0,"3":0,"4":0,"5":0,"6":0,"7":0,"8":0,"9":0,"10":0,"11":0,"12":0,"13":0,"14":0,"15":0,"16":0,"17":0},"f":{"0":0,"1":0,"2":0,"3":0,"4":0,"5":0,"6":0,"7":0,"8":0},"b":{},"_coverageSchema":"1a1c01bbd47fc00a2c39e90264f33305004495a9","hash":"5107b10327d71f6db7c20086c8e5de06fa67cd46"}
,"/Users/trema/icure-typescript-sdks/packages/medtech/src/models/Telecom.model.ts": {"path":"/Users/trema/icure-typescript-sdks/packages/medtech/src/models/Telecom.model.ts","statementMap":{"0":{"start":{"line":18,"column":4},"end":{"line":18,"column":52}},"1":{"start":{"line":26,"column":22},"end":{"line":26,"column":24}},"2":{"start":{"line":27,"column":4},"end":{"line":27,"column":46}},"3":{"start":{"line":28,"column":4},"end":{"line":28,"column":50}},"4":{"start":{"line":29,"column":4},"end":{"line":29,"column":60}},"5":{"start":{"line":30,"column":4},"end":{"line":30,"column":15}},"6":{"start":{"line":34,"column":4},"end":{"line":34,"column":146}}},"fnMap":{"0":{"name":"(anonymous_0)","decl":{"start":{"line":17,"column":2},"end":{"line":17,"column":3}},"loc":{"start":{"line":17,"column":30},"end":{"line":19,"column":3}},"line":17},"1":{"name":"(anonymous_1)","decl":{"start":{"line":25,"column":2},"end":{"line":25,"column":3}},"loc":{"start":{"line":25,"column":40},"end":{"line":31,"column":3}},"line":25},"2":{"name":"(anonymous_2)","decl":{"start":{"line":33,"column":2},"end":{"line":33,"column":3}},"loc":{"start":{"line":33,"column":38},"end":{"line":35,"column":3}},"line":33}},"branchMap":{},"s":{"0":0,"1":0,"2":0,"3":0,"4":0,"5":0,"6":0},"f":{"0":0,"1":0,"2":0},"b":{},"_coverageSchema":"1a1c01bbd47fc00a2c39e90264f33305004495a9","hash":"8c26673712b65a20381df3d14a78b2e782026e54"}
,"/Users/trema/icure-typescript-sdks/packages/medtech/src/models/all.ts": {"path":"/Users/trema/icure-typescript-sdks/packages/medtech/src/models/all.ts","statementMap":{},"fnMap":{},"branchMap":{},"s":{},"f":{},"b":{},"_coverageSchema":"1a1c01bbd47fc00a2c39e90264f33305004495a9","hash":"6f804d237e6da7378edcd1e6940aa730006b0635"}
,"/Users/trema/icure-typescript-sdks/packages/medtech/src/services/MedTechCryptoStrategies.ts": {"path":"/Users/trema/icure-typescript-sdks/packages/medtech/src/services/MedTechCryptoStrategies.ts","statementMap":{"0":{"start":{"line":8,"column":4},"end":{"line":8,"column":30}}},"fnMap":{"0":{"name":"(anonymous_0)","decl":{"start":{"line":7,"column":2},"end":{"line":7,"column":3}},"loc":{"start":{"line":7,"column":41},"end":{"line":9,"column":3}},"line":7}},"branchMap":{"0":{"loc":{"start":{"line":8,"column":10},"end":{"line":8,"column":29}},"type":"binary-expr","locations":[{"start":{"line":8,"column":10},"end":{"line":8,"column":23}},{"start":{"line":8,"column":27},"end":{"line":8,"column":29}}],"line":8}},"s":{"0":2},"f":{"0":2},"b":{"0":[2,2]},"_coverageSchema":"1a1c01bbd47fc00a2c39e90264f33305004495a9","hash":"bbf80350369b5ac710cad89b69551e98c4e3ad9f"}
,"/Users/trema/icure-typescript-sdks/packages/medtech/src/services/MedTechMessageFactory.ts": {"path":"/Users/trema/icure-typescript-sdks/packages/medtech/src/services/MedTechMessageFactory.ts","statementMap":{"0":{"start":{"line":9,"column":4},"end":{"line":9,"column":84}},"1":{"start":{"line":9,"column":20},"end":{"line":9,"column":84}},"2":{"start":{"line":10,"column":4},"end":{"line":10,"column":20}},"3":{"start":{"line":14,"column":4},"end":{"line":14,"column":74}},"4":{"start":{"line":14,"column":21},"end":{"line":14,"column":74}},"5":{"start":{"line":15,"column":4},"end":{"line":15,"column":21}},"6":{"start":{"line":19,"column":4},"end":{"line":19,"column":92}},"7":{"start":{"line":19,"column":28},"end":{"line":19,"column":92}},"8":{"start":{"line":20,"column":4},"end":{"line":20,"column":28}},"9":{"start":{"line":23,"column":65},"end":{"line":23,"column":97}}},"fnMap":{"0":{"name":"(anonymous_0)","decl":{"start":{"line":8,"column":2},"end":{"line":8,"column":3}},"loc":{"start":{"line":8,"column":29},"end":{"line":11,"column":3}},"line":8},"1":{"name":"(anonymous_1)","decl":{"start":{"line":13,"column":2},"end":{"line":13,"column":3}},"loc":{"start":{"line":13,"column":30},"end":{"line":16,"column":3}},"line":13},"2":{"name":"(anonymous_2)","decl":{"start":{"line":18,"column":2},"end":{"line":18,"column":3}},"loc":{"start":{"line":18,"column":35},"end":{"line":21,"column":3}},"line":18}},"branchMap":{"0":{"loc":{"start":{"line":9,"column":4},"end":{"line":9,"column":84}},"type":"if","locations":[{"start":{"line":9,"column":4},"end":{"line":9,"column":84}},{"start":{},"end":{}}],"line":9},"1":{"loc":{"start":{"line":14,"column":4},"end":{"line":14,"column":74}},"type":"if","locations":[{"start":{"line":14,"column":4},"end":{"line":14,"column":74}},{"start":{},"end":{}}],"line":14},"2":{"loc":{"start":{"line":19,"column":4},"end":{"line":19,"column":92}},"type":"if","locations":[{"start":{"line":19,"column":4},"end":{"line":19,"column":92}},{"start":{},"end":{}}],"line":19}},"s":{"0":0,"1":0,"2":0,"3":0,"4":0,"5":0,"6":0,"7":0,"8":0,"9":1},"f":{"0":0,"1":0,"2":0},"b":{"0":[0,0],"1":[0,0],"2":[0,0]},"_coverageSchema":"1a1c01bbd47fc00a2c39e90264f33305004495a9","hash":"423bda6f00d995c56ee3ef461191009dde6a3b33"}
}
