TN:
SF:index.ts
FNF:0
FNH:0
DA:30,1
DA:31,1
DA:32,1
LF:3
LH:3
BRF:0
BRH:0
end_of_record
TN:
SF:src/apis/AnonymousMedTechApi.ts
FN:14,(anonymous_0)
FN:43,(anonymous_1)
FN:50,(anonymous_2)
FNF:3
FNH:2
FNDA:1,(anonymous_0)
FNDA:0,(anonymous_1)
FNDA:1,(anonymous_2)
DA:24,1
DA:25,1
DA:26,1
DA:27,1
DA:29,1
DA:44,0
DA:60,1
LF:7
LH:6
BRF:0
BRH:0
end_of_record
TN:
SF:src/apis/AuthenticationApi.ts
FN:27,(anonymous_0)
FN:47,(anonymous_1)
FN:52,(anonymous_2)
FN:70,(anonymous_3)
FN:74,(anonymous_4)
FN:78,(anonymous_5)
FN:83,(anonymous_6)
FNF:7
FNH:1
FNDA:1,(anonymous_0)
FNDA:0,(anonymous_1)
FNDA:0,(anonymous_2)
FNDA:0,(anonymous_3)
FNDA:0,(anonymous_4)
FNDA:0,(anonymous_5)
FNDA:0,(anonymous_6)
DA:44,1
DA:48,0
DA:49,0
DA:53,0
DA:61,0
DA:62,0
DA:64,0
DA:65,0
DA:67,0
DA:71,0
DA:75,0
DA:79,0
DA:83,1
DA:96,0
LF:14
LH:2
BRDA:38,0,0,1
BRDA:38,1,0,0
BRDA:38,1,1,1
BRDA:40,2,0,0
BRDA:40,2,1,1
BRDA:61,3,0,0
BRDA:61,3,1,0
BRDA:64,4,0,0
BRDA:64,4,1,0
BRF:9
BRH:3
end_of_record
TN:
SF:src/apis/CodingApi.ts
FN:62,(anonymous_0)
FN:65,(anonymous_1)
FN:68,(anonymous_2)
FN:71,(anonymous_3)
FN:74,(anonymous_4)
FN:79,(anonymous_5)
FN:82,(anonymous_6)
FN:85,(anonymous_7)
FNF:8
FNH:0
FNDA:0,(anonymous_0)
FNDA:0,(anonymous_1)
FNDA:0,(anonymous_2)
FNDA:0,(anonymous_3)
FNDA:0,(anonymous_4)
FNDA:0,(anonymous_5)
FNDA:0,(anonymous_6)
FNDA:0,(anonymous_7)
DA:63,0
DA:66,0
DA:69,0
DA:72,0
DA:75,0
DA:79,1
DA:80,0
DA:83,0
DA:86,0
LF:9
LH:1
BRF:0
BRH:0
end_of_record
TN:
SF:src/apis/DataOwnerApi.ts
FN:10,(anonymous_0)
FN:13,(anonymous_1)
FN:16,(anonymous_2)
FN:21,(anonymous_3)
FN:24,(anonymous_4)
FNF:5
FNH:0
FNDA:0,(anonymous_0)
FNDA:0,(anonymous_1)
FNDA:0,(anonymous_2)
FNDA:0,(anonymous_3)
FNDA:0,(anonymous_4)
DA:10,1
DA:11,0
DA:14,0
DA:17,0
DA:22,0
DA:25,0
LF:6
LH:1
BRF:0
BRH:0
end_of_record
TN:
SF:src/apis/DataSampleApi.ts
FN:169,(anonymous_0)
FN:172,(anonymous_1)
FN:175,(anonymous_2)
FN:178,(anonymous_3)
FN:181,(anonymous_4)
FN:184,(anonymous_5)
FN:187,(anonymous_6)
FN:190,(anonymous_7)
FN:193,(anonymous_8)
FN:201,(anonymous_9)
FN:211,(anonymous_10)
FN:214,(anonymous_11)
FN:220,(anonymous_12)
FN:223,(anonymous_13)
FN:226,(anonymous_14)
FN:231,(anonymous_15)
FN:234,(anonymous_16)
FN:239,(anonymous_17)
FN:242,(anonymous_18)
FNF:19
FNH:0
FNDA:0,(anonymous_0)
FNDA:0,(anonymous_1)
FNDA:0,(anonymous_2)
FNDA:0,(anonymous_3)
FNDA:0,(anonymous_4)
FNDA:0,(anonymous_5)
FNDA:0,(anonymous_6)
FNDA:0,(anonymous_7)
FNDA:0,(anonymous_8)
FNDA:0,(anonymous_9)
FNDA:0,(anonymous_10)
FNDA:0,(anonymous_11)
FNDA:0,(anonymous_12)
FNDA:0,(anonymous_13)
FNDA:0,(anonymous_14)
FNDA:0,(anonymous_15)
FNDA:0,(anonymous_16)
FNDA:0,(anonymous_17)
FNDA:0,(anonymous_18)
DA:170,0
DA:173,0
DA:176,0
DA:179,0
DA:182,0
DA:185,0
DA:188,0
DA:191,0
DA:199,0
DA:209,0
DA:212,0
DA:215,0
DA:220,1
DA:221,0
DA:224,0
DA:227,0
DA:232,0
DA:235,0
DA:240,0
DA:243,0
LF:20
LH:1
BRF:0
BRH:0
end_of_record
TN:
SF:src/apis/HealthcareElementApi.ts
FN:128,(anonymous_0)
FN:131,(anonymous_1)
FN:134,(anonymous_2)
FN:137,(anonymous_3)
FN:140,(anonymous_4)
FN:143,(anonymous_5)
FN:146,(anonymous_6)
FN:149,(anonymous_7)
FN:161,(anonymous_8)
FN:164,(anonymous_9)
FN:167,(anonymous_10)
FN:172,(anonymous_11)
FN:175,(anonymous_12)
FNF:13
FNH:0
FNDA:0,(anonymous_0)
FNDA:0,(anonymous_1)
FNDA:0,(anonymous_2)
FNDA:0,(anonymous_3)
FNDA:0,(anonymous_4)
FNDA:0,(anonymous_5)
FNDA:0,(anonymous_6)
FNDA:0,(anonymous_7)
FNDA:0,(anonymous_8)
FNDA:0,(anonymous_9)
FNDA:0,(anonymous_10)
FNDA:0,(anonymous_11)
FNDA:0,(anonymous_12)
DA:129,0
DA:132,0
DA:135,0
DA:138,0
DA:141,0
DA:144,0
DA:147,0
DA:155,0
DA:161,1
DA:162,0
DA:165,0
DA:168,0
DA:173,0
DA:176,0
LF:14
LH:1
BRF:0
BRH:0
end_of_record
TN:
SF:src/apis/HealthcareProfessionalApi.ts
FN:65,(anonymous_0)
FN:68,(anonymous_1)
FN:71,(anonymous_2)
FN:74,(anonymous_3)
FN:77,(anonymous_4)
FN:82,(anonymous_5)
FN:85,(anonymous_6)
FN:88,(anonymous_7)
FNF:8
FNH:0
FNDA:0,(anonymous_0)
FNDA:0,(anonymous_1)
FNDA:0,(anonymous_2)
FNDA:0,(anonymous_3)
FNDA:0,(anonymous_4)
FNDA:0,(anonymous_5)
FNDA:0,(anonymous_6)
FNDA:0,(anonymous_7)
DA:66,0
DA:69,0
DA:72,0
DA:75,0
DA:78,0
DA:82,1
DA:83,0
DA:86,0
DA:89,0
LF:9
LH:1
BRF:0
BRH:0
end_of_record
TN:
SF:src/apis/MedTechApi.ts
FN:51,(anonymous_0)
FN:102,(anonymous_1)
FN:106,(anonymous_2)
FN:110,(anonymous_3)
FN:114,(anonymous_4)
FN:118,(anonymous_5)
FN:122,(anonymous_6)
FN:126,(anonymous_7)
FN:130,(anonymous_8)
FN:134,(anonymous_9)
FN:138,(anonymous_10)
FN:142,(anonymous_11)
FN:152,(anonymous_12)
FN:156,(anonymous_13)
FN:160,(anonymous_14)
FN:164,(anonymous_15)
FN:168,(anonymous_16)
FN:172,(anonymous_17)
FN:179,(anonymous_18)
FN:187,(anonymous_19)
FN:195,medTechApi
FN:200,(anonymous_21)
FN:214,(anonymous_22)
FN:237,(anonymous_23)
FN:240,(anonymous_24)
FN:244,(anonymous_25)
FN:269,(anonymous_26)
FNF:27
FNH:0
FNDA:0,(anonymous_0)
FNDA:0,(anonymous_1)
FNDA:0,(anonymous_2)
FNDA:0,(anonymous_3)
FNDA:0,(anonymous_4)
FNDA:0,(anonymous_5)
FNDA:0,(anonymous_6)
FNDA:0,(anonymous_7)
FNDA:0,(anonymous_8)
FNDA:0,(anonymous_9)
FNDA:0,(anonymous_10)
FNDA:0,(anonymous_11)
FNDA:0,(anonymous_12)
FNDA:0,(anonymous_13)
FNDA:0,(anonymous_14)
FNDA:0,(anonymous_15)
FNDA:0,(anonymous_16)
FNDA:0,(anonymous_17)
FNDA:0,(anonymous_18)
FNDA:0,(anonymous_19)
FNDA:0,medTechApi
FNDA:0,(anonymous_21)
FNDA:0,(anonymous_22)
FNDA:0,(anonymous_23)
FNDA:0,(anonymous_24)
FNDA:0,(anonymous_25)
FNDA:0,(anonymous_26)
DA:65,0
DA:67,0
DA:68,0
DA:69,0
DA:70,0
DA:72,0
DA:87,0
DA:88,0
DA:89,0
DA:90,0
DA:91,0
DA:92,0
DA:94,0
DA:95,0
DA:96,0
DA:98,0
DA:99,0
DA:103,0
DA:107,0
DA:111,0
DA:115,0
DA:119,0
DA:123,0
DA:127,0
DA:131,0
DA:135,0
DA:139,0
DA:143,0
DA:144,0
DA:149,0
DA:153,0
DA:157,0
DA:161,0
DA:165,0
DA:169,0
DA:173,0
DA:180,0
DA:188,0
DA:196,0
DA:201,0
DA:202,0
DA:203,0
DA:204,0
DA:205,0
DA:206,0
DA:207,0
DA:208,0
DA:209,0
DA:210,0
DA:228,0
DA:238,0
DA:241,0
DA:245,0
DA:247,0
DA:250,0
DA:253,0
DA:256,0
DA:270,0
LF:58
LH:0
BRDA:57,0,0,0
BRDA:58,1,0,0
BRDA:59,2,0,0
BRDA:60,3,0,0
BRDA:70,4,0,0
BRDA:70,4,1,0
BRDA:73,5,0,0
BRDA:73,5,1,0
BRDA:73,6,0,0
BRDA:73,6,1,0
BRDA:73,6,2,0
BRDA:143,7,0,0
BRDA:143,7,1,0
BRDA:202,8,0,0
BRDA:202,8,1,0
BRDA:245,9,0,0
BRDA:245,9,1,0
BRDA:245,9,2,0
BRDA:245,9,3,0
BRF:19
BRH:0
end_of_record
TN:
SF:src/apis/MedicalDeviceApi.ts
FN:74,(anonymous_0)
FN:77,(anonymous_1)
FN:80,(anonymous_2)
FN:83,(anonymous_3)
FN:86,(anonymous_4)
FN:89,(anonymous_5)
FN:92,(anonymous_6)
FN:97,(anonymous_7)
FN:100,(anonymous_8)
FN:103,(anonymous_9)
FNF:10
FNH:0
FNDA:0,(anonymous_0)
FNDA:0,(anonymous_1)
FNDA:0,(anonymous_2)
FNDA:0,(anonymous_3)
FNDA:0,(anonymous_4)
FNDA:0,(anonymous_5)
FNDA:0,(anonymous_6)
FNDA:0,(anonymous_7)
FNDA:0,(anonymous_8)
FNDA:0,(anonymous_9)
DA:75,0
DA:78,0
DA:81,0
DA:84,0
DA:87,0
DA:90,0
DA:93,0
DA:97,1
DA:98,0
DA:101,0
DA:104,0
LF:11
LH:1
BRF:0
BRH:0
end_of_record
TN:
SF:src/apis/NotificationApi.ts
FN:98,(anonymous_0)
FN:101,(anonymous_1)
FN:104,(anonymous_2)
FN:107,(anonymous_3)
FN:110,(anonymous_4)
FN:113,(anonymous_5)
FN:116,(anonymous_6)
FN:127,(anonymous_7)
FN:130,(anonymous_8)
FN:133,(anonymous_9)
FNF:10
FNH:0
FNDA:0,(anonymous_0)
FNDA:0,(anonymous_1)
FNDA:0,(anonymous_2)
FNDA:0,(anonymous_3)
FNDA:0,(anonymous_4)
FNDA:0,(anonymous_5)
FNDA:0,(anonymous_6)
FNDA:0,(anonymous_7)
FNDA:0,(anonymous_8)
FNDA:0,(anonymous_9)
DA:99,0
DA:102,0
DA:105,0
DA:108,0
DA:111,0
DA:114,0
DA:122,0
DA:127,1
DA:128,0
DA:131,0
DA:134,0
LF:11
LH:1
BRF:0
BRH:0
end_of_record
TN:
SF:src/apis/PatientApi.ts
FN:116,(anonymous_0)
FN:119,(anonymous_1)
FN:122,(anonymous_2)
FN:125,(anonymous_3)
FN:128,(anonymous_4)
FN:131,(anonymous_5)
FN:134,(anonymous_6)
FN:142,(anonymous_7)
FN:148,(anonymous_8)
FN:151,(anonymous_9)
FN:154,(anonymous_10)
FNF:11
FNH:0
FNDA:0,(anonymous_0)
FNDA:0,(anonymous_1)
FNDA:0,(anonymous_2)
FNDA:0,(anonymous_3)
FNDA:0,(anonymous_4)
FNDA:0,(anonymous_5)
FNDA:0,(anonymous_6)
FNDA:0,(anonymous_7)
FNDA:0,(anonymous_8)
FNDA:0,(anonymous_9)
FNDA:0,(anonymous_10)
DA:117,0
DA:120,0
DA:123,0
DA:126,0
DA:129,0
DA:132,0
DA:140,0
DA:143,0
DA:148,1
DA:149,0
DA:152,0
DA:155,0
LF:12
LH:1
BRF:0
BRH:0
end_of_record
TN:
SF:src/apis/UserApi.ts
FN:127,(anonymous_0)
FN:130,(anonymous_1)
FN:133,(anonymous_2)
FN:136,(anonymous_3)
FN:139,(anonymous_4)
FN:142,(anonymous_5)
FN:145,(anonymous_6)
FN:148,(anonymous_7)
FN:151,(anonymous_8)
FN:161,(anonymous_9)
FN:164,(anonymous_10)
FN:167,(anonymous_11)
FN:172,(anonymous_12)
FN:175,(anonymous_13)
FN:180,(anonymous_14)
FN:183,(anonymous_15)
FNF:16
FNH:0
FNDA:0,(anonymous_0)
FNDA:0,(anonymous_1)
FNDA:0,(anonymous_2)
FNDA:0,(anonymous_3)
FNDA:0,(anonymous_4)
FNDA:0,(anonymous_5)
FNDA:0,(anonymous_6)
FNDA:0,(anonymous_7)
FNDA:0,(anonymous_8)
FNDA:0,(anonymous_9)
FNDA:0,(anonymous_10)
FNDA:0,(anonymous_11)
FNDA:0,(anonymous_12)
FNDA:0,(anonymous_13)
FNDA:0,(anonymous_14)
FNDA:0,(anonymous_15)
DA:128,0
DA:131,0
DA:134,0
DA:137,0
DA:140,0
DA:143,0
DA:146,0
DA:149,0
DA:157,0
DA:161,1
DA:162,0
DA:165,0
DA:168,0
DA:173,0
DA:176,0
DA:181,0
DA:184,0
LF:17
LH:1
BRF:0
BRH:0
end_of_record
TN:
SF:src/mappers/Address.mapper.ts
FN:7,toAddressDtoAddressType
FN:11,toAddressDtoDescr
FN:15,toAddressDtoStreet
FN:19,toAddressDtoHouseNumber
FN:23,toAddressDtoPostboxNumber
FN:27,toAddressDtoPostalCode
FN:31,toAddressDtoCity
FN:35,toAddressDtoState
FN:39,toAddressDtoCountry
FN:43,toAddressDtoNote
FN:47,toAddressDtoNotes
FN:51,toAddressDtoTelecoms
FN:55,toAddressDtoEncryptedSelf
FN:59,toAddressAddressType
FN:63,toAddressDescription
FN:67,toAddressStreet
FN:71,toAddressHouseNumber
FN:75,toAddressPostboxNumber
FN:79,toAddressPostalCode
FN:83,toAddressCity
FN:87,toAddressState
FN:91,toAddressCountry
FN:95,toAddressNote
FN:99,toAddressTelecoms
FN:103,toAddressNotes
FN:107,toAddressEncryptedSelf
FN:111,mapAddressDtoToAddress
FN:129,mapAddressToAddressDto
FNF:28
FNH:0
FNDA:0,toAddressDtoAddressType
FNDA:0,toAddressDtoDescr
FNDA:0,toAddressDtoStreet
FNDA:0,toAddressDtoHouseNumber
FNDA:0,toAddressDtoPostboxNumber
FNDA:0,toAddressDtoPostalCode
FNDA:0,toAddressDtoCity
FNDA:0,toAddressDtoState
FNDA:0,toAddressDtoCountry
FNDA:0,toAddressDtoNote
FNDA:0,toAddressDtoNotes
FNDA:0,toAddressDtoTelecoms
FNDA:0,toAddressDtoEncryptedSelf
FNDA:0,toAddressAddressType
FNDA:0,toAddressDescription
FNDA:0,toAddressStreet
FNDA:0,toAddressHouseNumber
FNDA:0,toAddressPostboxNumber
FNDA:0,toAddressPostalCode
FNDA:0,toAddressCity
FNDA:0,toAddressState
FNDA:0,toAddressCountry
FNDA:0,toAddressNote
FNDA:0,toAddressTelecoms
FNDA:0,toAddressNotes
FNDA:0,toAddressEncryptedSelf
FNDA:0,mapAddressDtoToAddress
FNDA:0,mapAddressToAddressDto
DA:8,0
DA:12,0
DA:16,0
DA:20,0
DA:24,0
DA:28,0
DA:32,0
DA:36,0
DA:40,0
DA:44,0
DA:48,0
DA:52,0
DA:56,0
DA:60,0
DA:64,0
DA:68,0
DA:72,0
DA:76,0
DA:80,0
DA:84,0
DA:88,0
DA:92,0
DA:96,0
DA:100,0
DA:104,0
DA:108,0
DA:112,0
DA:130,0
LF:28
LH:0
BRDA:48,0,0,0
BRDA:48,0,1,0
BRDA:100,1,0,0
BRDA:100,1,1,0
BRDA:104,2,0,0
BRDA:104,2,1,0
BRF:6
BRH:0
end_of_record
TN:
SF:src/mappers/Content.mapper.ts
FN:14,toContentDtoStringValue
FN:18,toContentDtoNumberValue
FN:22,toContentDtoBooleanValue
FN:26,toContentDtoInstantValue
FN:30,toContentDtoFuzzyDateValue
FN:34,toContentDtoBinaryValue
FN:38,toContentDtoDocumentId
FN:42,toContentDtoMeasureValue
FN:46,toContentDtoMedicationValue
FN:50,toContentDtoTimeSeries
FN:54,toContentDtoCompoundValue
FN:58,toContentDtoRatio
FN:62,toContentDtoRange
FN:66,toContentStringValue
FN:70,toContentNumberValue
FN:74,toContentBooleanValue
FN:78,toContentInstantValue
FN:82,toContentFuzzyDateValue
FN:86,toContentBinaryValue
FN:90,toContentDocumentId
FN:94,toContentMeasureValue
FN:98,toContentTimeSeries
FN:102,toContentCompoundValue
FN:106,toContentRatio
FN:110,toContentRange
FN:114,mapContentDtoToContent
FN:131,mapContentToContentDto
FNF:27
FNH:0
FNDA:0,toContentDtoStringValue
FNDA:0,toContentDtoNumberValue
FNDA:0,toContentDtoBooleanValue
FNDA:0,toContentDtoInstantValue
FNDA:0,toContentDtoFuzzyDateValue
FNDA:0,toContentDtoBinaryValue
FNDA:0,toContentDtoDocumentId
FNDA:0,toContentDtoMeasureValue
FNDA:0,toContentDtoMedicationValue
FNDA:0,toContentDtoTimeSeries
FNDA:0,toContentDtoCompoundValue
FNDA:0,toContentDtoRatio
FNDA:0,toContentDtoRange
FNDA:0,toContentStringValue
FNDA:0,toContentNumberValue
FNDA:0,toContentBooleanValue
FNDA:0,toContentInstantValue
FNDA:0,toContentFuzzyDateValue
FNDA:0,toContentBinaryValue
FNDA:0,toContentDocumentId
FNDA:0,toContentMeasureValue
FNDA:0,toContentTimeSeries
FNDA:0,toContentCompoundValue
FNDA:0,toContentRatio
FNDA:0,toContentRange
FNDA:0,mapContentDtoToContent
FNDA:0,mapContentToContentDto
DA:15,0
DA:19,0
DA:23,0
DA:27,0
DA:31,0
DA:35,0
DA:39,0
DA:43,0
DA:47,0
DA:51,0
DA:55,0
DA:59,0
DA:63,0
DA:67,0
DA:71,0
DA:75,0
DA:79,0
DA:83,0
DA:87,0
DA:91,0
DA:95,0
DA:99,0
DA:103,0
DA:107,0
DA:111,0
DA:115,0
DA:132,0
LF:27
LH:0
BRDA:43,0,0,0
BRDA:43,0,1,0
BRDA:51,1,0,0
BRDA:51,1,1,0
BRDA:95,2,0,0
BRDA:95,2,1,0
BRDA:99,3,0,0
BRDA:99,3,1,0
BRF:8
BRH:0
end_of_record
TN:
SF:src/mappers/DataOwner.mapper.ts
FN:11,(anonymous_0)
FN:37,(anonymous_1)
FNF:2
FNH:0
FNDA:0,(anonymous_0)
FNDA:0,(anonymous_1)
DA:12,0
DA:14,0
DA:20,0
DA:26,0
DA:32,0
DA:38,0
DA:39,0
DA:43,0
DA:44,0
DA:48,0
DA:49,0
DA:55,0
LF:12
LH:0
BRDA:12,0,0,0
BRDA:12,0,1,0
BRDA:12,0,2,0
BRDA:12,0,3,0
BRDA:38,1,0,0
BRDA:38,1,1,0
BRDA:43,2,0,0
BRDA:43,2,1,0
BRDA:48,3,0,0
BRDA:48,3,1,0
BRF:10
BRH:0
end_of_record
TN:
SF:src/mappers/DataSample.mapper.ts
FN:31,toServiceId
FN:35,toServiceTransactionId
FN:39,toServiceIdentifier
FN:43,toServiceContactId
FN:47,toServiceSubContactIds
FN:51,toServicePlansOfActionIds
FN:55,toServiceHealthElementsIds
FN:59,toServiceFormIds
FN:63,toServiceSecretForeignKeys
FN:67,toServiceCryptedForeignKeys
FN:71,toServiceDelegations
FN:75,toServiceEncryptionKeys
FN:79,toServiceLabel
FN:83,toServiceDataClassName
FN:87,toServiceIndex
FN:91,toServiceContent
FN:92,(anonymous_16)
FN:96,toServiceEncryptedContent
FN:100,toServiceTextIndexes
FN:104,toServiceValueDate
FN:108,toServiceOpeningDate
FN:112,toServiceClosingDate
FN:116,toServiceFormId
FN:120,toServiceCreated
FN:124,toServiceModified
FN:128,toServiceEndOfLife
FN:132,toServiceAuthor
FN:136,toServiceResponsible
FN:140,toServiceMedicalLocationId
FN:144,toServiceComment
FN:148,toServiceStatus
FN:152,toServiceInvoicingCodes
FN:156,toServiceNotes
FN:160,toServiceQualifiedLinks
FN:162,(anonymous_34)
FN:166,toServiceCodes
FN:170,toServiceTags
FN:174,toServiceEncryptedSelf
FN:178,toDataSampleId
FN:182,toDataSampleTransactionId
FN:186,toDataSampleIdentifiers
FN:190,toDataSampleBatchId
FN:194,toDataSampleHealthcareElementIds
FN:198,toDataSampleCanvasesIds
FN:202,toDataSampleIndex
FN:206,toDataSampleContent
FN:207,(anonymous_46)
FN:210,toDataSampleValueDate
FN:214,toDataSampleOpeningDate
FN:218,toDataSampleClosingDate
FN:222,toDataSampleCreated
FN:226,toDataSampleModified
FN:230,toDataSampleEndOfLife
FN:234,toDataSampleAuthor
FN:238,toDataSampleResponsible
FN:242,toDataSampleComment
FN:246,toDataSampleQualifiedLinks
FN:248,(anonymous_57)
FN:252,toDataSampleCodes
FN:256,toDataSampleLabels
FN:260,toDataSampleSystemMetaData
FN:264,mapServiceToDataSample
FN:290,mapDataSampleToService
FNF:63
FNH:0
FNDA:0,toServiceId
FNDA:0,toServiceTransactionId
FNDA:0,toServiceIdentifier
FNDA:0,toServiceContactId
FNDA:0,toServiceSubContactIds
FNDA:0,toServicePlansOfActionIds
FNDA:0,toServiceHealthElementsIds
FNDA:0,toServiceFormIds
FNDA:0,toServiceSecretForeignKeys
FNDA:0,toServiceCryptedForeignKeys
FNDA:0,toServiceDelegations
FNDA:0,toServiceEncryptionKeys
FNDA:0,toServiceLabel
FNDA:0,toServiceDataClassName
FNDA:0,toServiceIndex
FNDA:0,toServiceContent
FNDA:0,(anonymous_16)
FNDA:0,toServiceEncryptedContent
FNDA:0,toServiceTextIndexes
FNDA:0,toServiceValueDate
FNDA:0,toServiceOpeningDate
FNDA:0,toServiceClosingDate
FNDA:0,toServiceFormId
FNDA:0,toServiceCreated
FNDA:0,toServiceModified
FNDA:0,toServiceEndOfLife
FNDA:0,toServiceAuthor
FNDA:0,toServiceResponsible
FNDA:0,toServiceMedicalLocationId
FNDA:0,toServiceComment
FNDA:0,toServiceStatus
FNDA:0,toServiceInvoicingCodes
FNDA:0,toServiceNotes
FNDA:0,toServiceQualifiedLinks
FNDA:0,(anonymous_34)
FNDA:0,toServiceCodes
FNDA:0,toServiceTags
FNDA:0,toServiceEncryptedSelf
FNDA:0,toDataSampleId
FNDA:0,toDataSampleTransactionId
FNDA:0,toDataSampleIdentifiers
FNDA:0,toDataSampleBatchId
FNDA:0,toDataSampleHealthcareElementIds
FNDA:0,toDataSampleCanvasesIds
FNDA:0,toDataSampleIndex
FNDA:0,toDataSampleContent
FNDA:0,(anonymous_46)
FNDA:0,toDataSampleValueDate
FNDA:0,toDataSampleOpeningDate
FNDA:0,toDataSampleClosingDate
FNDA:0,toDataSampleCreated
FNDA:0,toDataSampleModified
FNDA:0,toDataSampleEndOfLife
FNDA:0,toDataSampleAuthor
FNDA:0,toDataSampleResponsible
FNDA:0,toDataSampleComment
FNDA:0,toDataSampleQualifiedLinks
FNDA:0,(anonymous_57)
FNDA:0,toDataSampleCodes
FNDA:0,toDataSampleLabels
FNDA:0,toDataSampleSystemMetaData
FNDA:0,mapServiceToDataSample
FNDA:0,mapDataSampleToService
DA:32,0
DA:36,0
DA:40,0
DA:44,0
DA:48,0
DA:52,0
DA:56,0
DA:60,0
DA:64,0
DA:68,0
DA:72,0
DA:76,0
DA:80,0
DA:84,0
DA:88,0
DA:92,0
DA:93,0
DA:97,0
DA:101,0
DA:105,0
DA:109,0
DA:113,0
DA:117,0
DA:121,0
DA:125,0
DA:129,0
DA:133,0
DA:137,0
DA:141,0
DA:145,0
DA:149,0
DA:153,0
DA:157,0
DA:161,0
DA:162,0
DA:167,0
DA:171,0
DA:175,0
DA:179,0
DA:183,0
DA:187,0
DA:191,0
DA:195,0
DA:199,0
DA:203,0
DA:207,0
DA:211,0
DA:215,0
DA:219,0
DA:223,0
DA:227,0
DA:231,0
DA:235,0
DA:239,0
DA:243,0
DA:247,0
DA:248,0
DA:253,0
DA:257,0
DA:261,0
DA:265,0
DA:291,0
LF:62
LH:0
BRDA:56,0,0,0
BRDA:56,0,1,0
BRDA:60,1,0,0
BRDA:60,1,1,0
BRDA:64,2,0,0
BRDA:64,2,1,0
BRDA:68,3,0,0
BRDA:68,3,1,0
BRDA:72,4,0,0
BRDA:72,4,1,0
BRDA:76,5,0,0
BRDA:76,5,1,0
BRDA:92,6,0,0
BRDA:92,6,1,0
BRDA:93,7,0,0
BRDA:93,7,1,0
BRDA:161,8,0,0
BRDA:161,8,1,0
BRDA:167,9,0,0
BRDA:167,9,1,0
BRDA:171,10,0,0
BRDA:171,10,1,0
BRDA:175,11,0,0
BRDA:175,11,1,0
BRDA:187,12,0,0
BRDA:187,12,1,0
BRDA:195,13,0,0
BRDA:195,13,1,0
BRDA:199,14,0,0
BRDA:199,14,1,0
BRDA:207,15,0,0
BRDA:207,15,1,0
BRDA:247,16,0,0
BRDA:247,16,1,0
BRDA:253,17,0,0
BRDA:253,17,1,0
BRDA:257,18,0,0
BRDA:257,18,1,0
BRF:38
BRH:0
end_of_record
TN:
SF:src/mappers/HealthcareElement.mapper.ts
FN:32,toHealthElementId
FN:36,toHealthElementIdentifiers
FN:40,toHealthElementRev
FN:44,toHealthElementCreated
FN:48,toHealthElementModified
FN:52,toHealthElementAuthor
FN:56,toHealthElementResponsible
FN:60,toHealthElementMedicalLocationId
FN:64,toHealthElementTags
FN:68,toHealthElementCodes
FN:72,toHealthElementEndOfLife
FN:76,toHealthElementDeletionDate
FN:81,toHealthElementHealthElementId
FN:85,toHealthElementValueDate
FN:89,toHealthElementOpeningDate
FN:93,toHealthElementClosingDate
FN:97,toHealthElementDescr
FN:101,toHealthElementNote
FN:105,toHealthElementNotes
FN:109,toHealthElementRelevant
FN:113,toHealthElementIdOpeningContact
FN:117,toHealthElementIdClosingContact
FN:121,toHealthElementIdService
FN:125,toHealthElementStatus
FN:129,toHealthElementLaterality
FN:133,toHealthElementPlansOfAction
FN:137,toHealthElementEpisodes
FN:141,toHealthElementCareTeam
FN:145,toHealthElementSecretForeignKeys
FN:149,toHealthElementCryptedForeignKeys
FN:153,toHealthElementDelegations
FN:157,toHealthElementEncryptionKeys
FN:161,toHealthElementEncryptedSelf
FN:165,toHealthcareElementId
FN:169,toHealthcareElementIdentifiers
FN:173,toHealthcareElementRev
FN:177,toHealthcareElementCreated
FN:181,toHealthcareElementModified
FN:185,toHealthcareElementAuthor
FN:189,toHealthcareElementResponsible
FN:193,toHealthcareElementMedicalLocationId
FN:197,toHealthcareElementLabels
FN:201,toHealthcareElementCodes
FN:205,toHealthcareElementEndOfLife
FN:209,toHealthcareElementDeletionDate
FN:213,toHealthcareElementHealthcareElementId
FN:217,toHealthcareElementValueDate
FN:221,toHealthcareElementOpeningDate
FN:225,toHealthcareElementClosingDate
FN:229,toHealthcareElementDescription
FN:233,toHealthcareElementNote
FN:237,toHealthcareElementSystemMetaData
FN:241,toHealthcareElementNotes
FN:245,mapHealthElementToHealthcareElement
FN:270,mapHealthcareElementToHealthElement
FNF:55
FNH:0
FNDA:0,toHealthElementId
FNDA:0,toHealthElementIdentifiers
FNDA:0,toHealthElementRev
FNDA:0,toHealthElementCreated
FNDA:0,toHealthElementModified
FNDA:0,toHealthElementAuthor
FNDA:0,toHealthElementResponsible
FNDA:0,toHealthElementMedicalLocationId
FNDA:0,toHealthElementTags
FNDA:0,toHealthElementCodes
FNDA:0,toHealthElementEndOfLife
FNDA:0,toHealthElementDeletionDate
FNDA:0,toHealthElementHealthElementId
FNDA:0,toHealthElementValueDate
FNDA:0,toHealthElementOpeningDate
FNDA:0,toHealthElementClosingDate
FNDA:0,toHealthElementDescr
FNDA:0,toHealthElementNote
FNDA:0,toHealthElementNotes
FNDA:0,toHealthElementRelevant
FNDA:0,toHealthElementIdOpeningContact
FNDA:0,toHealthElementIdClosingContact
FNDA:0,toHealthElementIdService
FNDA:0,toHealthElementStatus
FNDA:0,toHealthElementLaterality
FNDA:0,toHealthElementPlansOfAction
FNDA:0,toHealthElementEpisodes
FNDA:0,toHealthElementCareTeam
FNDA:0,toHealthElementSecretForeignKeys
FNDA:0,toHealthElementCryptedForeignKeys
FNDA:0,toHealthElementDelegations
FNDA:0,toHealthElementEncryptionKeys
FNDA:0,toHealthElementEncryptedSelf
FNDA:0,toHealthcareElementId
FNDA:0,toHealthcareElementIdentifiers
FNDA:0,toHealthcareElementRev
FNDA:0,toHealthcareElementCreated
FNDA:0,toHealthcareElementModified
FNDA:0,toHealthcareElementAuthor
FNDA:0,toHealthcareElementResponsible
FNDA:0,toHealthcareElementMedicalLocationId
FNDA:0,toHealthcareElementLabels
FNDA:0,toHealthcareElementCodes
FNDA:0,toHealthcareElementEndOfLife
FNDA:0,toHealthcareElementDeletionDate
FNDA:0,toHealthcareElementHealthcareElementId
FNDA:0,toHealthcareElementValueDate
FNDA:0,toHealthcareElementOpeningDate
FNDA:0,toHealthcareElementClosingDate
FNDA:0,toHealthcareElementDescription
FNDA:0,toHealthcareElementNote
FNDA:0,toHealthcareElementSystemMetaData
FNDA:0,toHealthcareElementNotes
FNDA:0,mapHealthElementToHealthcareElement
FNDA:0,mapHealthcareElementToHealthElement
DA:33,0
DA:37,0
DA:41,0
DA:45,0
DA:49,0
DA:53,0
DA:57,0
DA:61,0
DA:65,0
DA:69,0
DA:73,0
DA:77,0
DA:82,0
DA:86,0
DA:90,0
DA:94,0
DA:98,0
DA:102,0
DA:106,0
DA:110,0
DA:114,0
DA:118,0
DA:122,0
DA:126,0
DA:130,0
DA:134,0
DA:138,0
DA:142,0
DA:146,0
DA:150,0
DA:154,0
DA:158,0
DA:162,0
DA:166,0
DA:170,0
DA:174,0
DA:178,0
DA:182,0
DA:186,0
DA:190,0
DA:194,0
DA:198,0
DA:202,0
DA:206,0
DA:210,0
DA:214,0
DA:218,0
DA:222,0
DA:226,0
DA:230,0
DA:234,0
DA:238,0
DA:242,0
DA:246,0
DA:271,0
DA:272,0
LF:56
LH:0
BRDA:65,0,0,0
BRDA:65,0,1,0
BRDA:69,1,0,0
BRDA:69,1,1,0
BRDA:82,2,0,0
BRDA:82,2,1,0
BRDA:106,3,0,0
BRDA:106,3,1,0
BRDA:146,4,0,0
BRDA:146,4,1,0
BRDA:150,5,0,0
BRDA:150,5,1,0
BRDA:154,6,0,0
BRDA:154,6,1,0
BRDA:158,7,0,0
BRDA:158,7,1,0
BRDA:162,8,0,0
BRDA:162,8,1,0
BRDA:170,9,0,0
BRDA:170,9,1,0
BRDA:198,10,0,0
BRDA:198,10,1,0
BRDA:202,11,0,0
BRDA:202,11,1,0
BRF:24
BRH:0
end_of_record
TN:
SF:src/mappers/HealthcareProfessional.mapper.ts
FN:35,toHealthcarePartyId
FN:39,toHealthcarePartyRev
FN:43,toHealthcarePartyCreated
FN:47,toHealthcarePartyModified
FN:51,toHealthcarePartyDeletionDate
FN:55,toHealthcarePartyIdentifier
FN:59,toHealthcarePartyTags
FN:63,toHealthcarePartyCodes
FN:67,toHealthcarePartyName
FN:71,toHealthcarePartyLastName
FN:75,toHealthcarePartyFirstName
FN:79,toHealthcarePartyNames
FN:83,toHealthcarePartyGender
FN:87,toHealthcarePartyCivility
FN:91,toHealthcarePartyCompanyName
FN:95,toHealthcarePartySpeciality
FN:99,toHealthcarePartyBankAccount
FN:103,toHealthcarePartyBic
FN:107,toHealthcarePartyProxyBankAccount
FN:111,toHealthcarePartyProxyBic
FN:115,toHealthcarePartyInvoiceHeader
FN:119,toHealthcarePartyCbe
FN:123,toHealthcarePartyEhp
FN:127,toHealthcarePartyUserId
FN:131,toHealthcarePartyParentId
FN:135,toHealthcarePartyConvention
FN:139,toHealthcarePartyNihii
FN:143,toHealthcarePartyNihiiSpecCode
FN:147,toHealthcarePartySsin
FN:151,toHealthcarePartyAddresses
FN:155,toHealthcarePartyLanguages
FN:159,toHealthcarePartyPicture
FN:163,toHealthcarePartyStatuses
FN:167,toHealthcarePartyStatusHistory
FN:171,toHealthcarePartySpecialityCodes
FN:175,toHealthcarePartySendFormats
FN:179,toHealthcarePartyNotes
FN:183,toHealthcarePartyFinancialInstitutionInformation
FN:187,toHealthcarePartyDescr
FN:191,toHealthcarePartyBillingType
FN:195,toHealthcarePartyType
FN:199,toHealthcarePartyContactPerson
FN:203,toHealthcarePartyContactPersonHcpId
FN:207,toHealthcarePartySupervisorId
FN:211,toHealthcarePartyFlatRateTarifications
FN:215,toHealthcarePartyImportedData
FN:219,toHealthcarePartyOptions
FN:223,toHealthcarePartyProperties
FN:227,toHealthcarePartyHcPartyKeys
FN:231,toHealthcarePartyAesExchangeKeys
FN:237,toHealthcarePartyTransferKeys
FN:245,toHealthcarePartyPrivateKeyShamirPartitions
FN:253,toHealthcarePartyPublicKey
FN:257,toHealthcarePartyPublicKeysForOaepWithSha256
FN:261,toHealthcareProfessionalId
FN:265,toHealthcareProfessionalRev
FN:269,toHealthcareProfessionalCreated
FN:273,toHealthcareProfessionalModified
FN:277,toHealthcareProfessionalLabels
FN:281,toHealthcareProfessionalCodes
FN:285,toHealthcareProfessionalDeletionDate
FN:289,toHealthcareProfessionalName
FN:293,toHealthcareProfessionalLastName
FN:297,toHealthcareProfessionalFirstName
FN:301,toHealthcareProfessionalNames
FN:305,toHealthcareProfessionalGender
FN:309,toHealthcareProfessionalCivility
FN:313,toHealthcareProfessionalSpeciality
FN:317,toHealthcareProfessionalParentId
FN:321,toHealthcareProfessionalAddresses
FN:325,toHealthcareProfessionalLanguages
FN:329,toHealthcareProfessionalPicture
FN:333,toHealthcareProfessionalSpecialityCodes
FN:337,toHealthcareProfessionalNotes
FN:341,toHealthcareProfessionalProperties
FN:345,toHealthcareProfessionalSystemMetaData
FN:349,mapHealthcarePartyToHealthcareProfessional
FN:376,mapHealthcareProfessionalToHealthcareParty
FNF:78
FNH:0
FNDA:0,toHealthcarePartyId
FNDA:0,toHealthcarePartyRev
FNDA:0,toHealthcarePartyCreated
FNDA:0,toHealthcarePartyModified
FNDA:0,toHealthcarePartyDeletionDate
FNDA:0,toHealthcarePartyIdentifier
FNDA:0,toHealthcarePartyTags
FNDA:0,toHealthcarePartyCodes
FNDA:0,toHealthcarePartyName
FNDA:0,toHealthcarePartyLastName
FNDA:0,toHealthcarePartyFirstName
FNDA:0,toHealthcarePartyNames
FNDA:0,toHealthcarePartyGender
FNDA:0,toHealthcarePartyCivility
FNDA:0,toHealthcarePartyCompanyName
FNDA:0,toHealthcarePartySpeciality
FNDA:0,toHealthcarePartyBankAccount
FNDA:0,toHealthcarePartyBic
FNDA:0,toHealthcarePartyProxyBankAccount
FNDA:0,toHealthcarePartyProxyBic
FNDA:0,toHealthcarePartyInvoiceHeader
FNDA:0,toHealthcarePartyCbe
FNDA:0,toHealthcarePartyEhp
FNDA:0,toHealthcarePartyUserId
FNDA:0,toHealthcarePartyParentId
FNDA:0,toHealthcarePartyConvention
FNDA:0,toHealthcarePartyNihii
FNDA:0,toHealthcarePartyNihiiSpecCode
FNDA:0,toHealthcarePartySsin
FNDA:0,toHealthcarePartyAddresses
FNDA:0,toHealthcarePartyLanguages
FNDA:0,toHealthcarePartyPicture
FNDA:0,toHealthcarePartyStatuses
FNDA:0,toHealthcarePartyStatusHistory
FNDA:0,toHealthcarePartySpecialityCodes
FNDA:0,toHealthcarePartySendFormats
FNDA:0,toHealthcarePartyNotes
FNDA:0,toHealthcarePartyFinancialInstitutionInformation
FNDA:0,toHealthcarePartyDescr
FNDA:0,toHealthcarePartyBillingType
FNDA:0,toHealthcarePartyType
FNDA:0,toHealthcarePartyContactPerson
FNDA:0,toHealthcarePartyContactPersonHcpId
FNDA:0,toHealthcarePartySupervisorId
FNDA:0,toHealthcarePartyFlatRateTarifications
FNDA:0,toHealthcarePartyImportedData
FNDA:0,toHealthcarePartyOptions
FNDA:0,toHealthcarePartyProperties
FNDA:0,toHealthcarePartyHcPartyKeys
FNDA:0,toHealthcarePartyAesExchangeKeys
FNDA:0,toHealthcarePartyTransferKeys
FNDA:0,toHealthcarePartyPrivateKeyShamirPartitions
FNDA:0,toHealthcarePartyPublicKey
FNDA:0,toHealthcarePartyPublicKeysForOaepWithSha256
FNDA:0,toHealthcareProfessionalId
FNDA:0,toHealthcareProfessionalRev
FNDA:0,toHealthcareProfessionalCreated
FNDA:0,toHealthcareProfessionalModified
FNDA:0,toHealthcareProfessionalLabels
FNDA:0,toHealthcareProfessionalCodes
FNDA:0,toHealthcareProfessionalDeletionDate
FNDA:0,toHealthcareProfessionalName
FNDA:0,toHealthcareProfessionalLastName
FNDA:0,toHealthcareProfessionalFirstName
FNDA:0,toHealthcareProfessionalNames
FNDA:0,toHealthcareProfessionalGender
FNDA:0,toHealthcareProfessionalCivility
FNDA:0,toHealthcareProfessionalSpeciality
FNDA:0,toHealthcareProfessionalParentId
FNDA:0,toHealthcareProfessionalAddresses
FNDA:0,toHealthcareProfessionalLanguages
FNDA:0,toHealthcareProfessionalPicture
FNDA:0,toHealthcareProfessionalSpecialityCodes
FNDA:0,toHealthcareProfessionalNotes
FNDA:0,toHealthcareProfessionalProperties
FNDA:0,toHealthcareProfessionalSystemMetaData
FNDA:0,mapHealthcarePartyToHealthcareProfessional
FNDA:0,mapHealthcareProfessionalToHealthcareParty
DA:36,0
DA:40,0
DA:44,0
DA:48,0
DA:52,0
DA:56,0
DA:60,0
DA:64,0
DA:68,0
DA:72,0
DA:76,0
DA:80,0
DA:84,0
DA:88,0
DA:92,0
DA:96,0
DA:100,0
DA:104,0
DA:108,0
DA:112,0
DA:116,0
DA:120,0
DA:124,0
DA:128,0
DA:132,0
DA:136,0
DA:140,0
DA:144,0
DA:148,0
DA:152,0
DA:156,0
DA:160,0
DA:164,0
DA:168,0
DA:172,0
DA:176,0
DA:180,0
DA:184,0
DA:188,0
DA:192,0
DA:196,0
DA:200,0
DA:204,0
DA:208,0
DA:212,0
DA:216,0
DA:220,0
DA:224,0
DA:228,0
DA:234,0
DA:242,0
DA:250,0
DA:254,0
DA:258,0
DA:262,0
DA:266,0
DA:270,0
DA:274,0
DA:278,0
DA:282,0
DA:286,0
DA:290,0
DA:294,0
DA:298,0
DA:302,0
DA:306,0
DA:310,0
DA:314,0
DA:318,0
DA:322,0
DA:326,0
DA:330,0
DA:334,0
DA:338,0
DA:342,0
DA:346,0
DA:350,0
DA:377,0
LF:78
LH:0
BRDA:60,0,0,0
BRDA:60,0,1,0
BRDA:64,1,0,0
BRDA:64,1,1,0
BRDA:80,2,0,0
BRDA:80,2,1,0
BRDA:152,3,0,0
BRDA:152,3,1,0
BRDA:224,4,0,0
BRDA:224,4,1,0
BRDA:228,5,0,0
BRDA:228,5,1,0
BRDA:234,6,0,0
BRDA:234,6,1,0
BRDA:242,7,0,0
BRDA:242,7,1,0
BRDA:250,8,0,0
BRDA:250,8,1,0
BRDA:254,9,0,0
BRDA:254,9,1,0
BRDA:258,10,0,0
BRDA:258,10,1,0
BRDA:278,11,0,0
BRDA:278,11,1,0
BRDA:282,12,0,0
BRDA:282,12,1,0
BRDA:302,13,0,0
BRDA:302,13,1,0
BRDA:322,14,0,0
BRDA:322,14,1,0
BRDA:326,15,0,0
BRDA:326,15,1,0
BRDA:334,16,0,0
BRDA:334,16,1,0
BRDA:342,17,0,0
BRDA:342,17,1,0
BRF:36
BRH:0
end_of_record
TN:
SF:src/mappers/MedicalDevice.mapper.ts
FN:24,toDeviceId
FN:28,toDeviceRev
FN:32,toDeviceDeletionDate
FN:36,toDeviceIdentifiers
FN:40,toDeviceCreated
FN:44,toDeviceModified
FN:48,toDeviceAuthor
FN:52,toDeviceResponsible
FN:56,toDeviceTags
FN:60,toDeviceCodes
FN:64,toDeviceEndOfLife
FN:68,toDeviceMedicalLocationId
FN:72,toDeviceExternalId
FN:76,toDeviceName
FN:80,toDeviceType
FN:84,toDeviceBrand
FN:88,toDeviceModel
FN:92,toDeviceSerialNumber
FN:96,toDeviceParentId
FN:100,toDevicePicture
FN:104,toDeviceProperties
FN:108,toDeviceHcPartyKeys
FN:112,toDeviceAesExchangeKeys
FN:120,toDeviceTransferKeys
FN:124,toDevicePrivateKeyShamirPartitions
FN:128,toDevicePublicKey
FN:132,toDevicePublicKeysForOaepWithSha256
FN:136,toMedicalDeviceId
FN:140,toMedicalDeviceRev
FN:144,toMedicalDeviceDeletionDate
FN:148,toMedicalDeviceIdentifiers
FN:152,toMedicalDeviceCreated
FN:156,toMedicalDeviceModified
FN:160,toMedicalDeviceAuthor
FN:164,toMedicalDeviceResponsible
FN:168,toMedicalDeviceLabels
FN:172,toMedicalDeviceCodes
FN:176,toMedicalDeviceEndOfLife
FN:180,toMedicalDeviceExternalId
FN:184,toMedicalDeviceName
FN:188,toMedicalDeviceType
FN:192,toMedicalDeviceBrand
FN:196,toMedicalDeviceModel
FN:200,toMedicalDeviceSerialNumber
FN:204,toMedicalDeviceParentId
FN:208,toMedicalDevicePicture
FN:212,toMedicalDeviceProperties
FN:216,toMedicalDeviceSystemMetaData
FN:220,mapDeviceToMedicalDevice
FN:246,mapMedicalDeviceToDevice
FNF:50
FNH:0
FNDA:0,toDeviceId
FNDA:0,toDeviceRev
FNDA:0,toDeviceDeletionDate
FNDA:0,toDeviceIdentifiers
FNDA:0,toDeviceCreated
FNDA:0,toDeviceModified
FNDA:0,toDeviceAuthor
FNDA:0,toDeviceResponsible
FNDA:0,toDeviceTags
FNDA:0,toDeviceCodes
FNDA:0,toDeviceEndOfLife
FNDA:0,toDeviceMedicalLocationId
FNDA:0,toDeviceExternalId
FNDA:0,toDeviceName
FNDA:0,toDeviceType
FNDA:0,toDeviceBrand
FNDA:0,toDeviceModel
FNDA:0,toDeviceSerialNumber
FNDA:0,toDeviceParentId
FNDA:0,toDevicePicture
FNDA:0,toDeviceProperties
FNDA:0,toDeviceHcPartyKeys
FNDA:0,toDeviceAesExchangeKeys
FNDA:0,toDeviceTransferKeys
FNDA:0,toDevicePrivateKeyShamirPartitions
FNDA:0,toDevicePublicKey
FNDA:0,toDevicePublicKeysForOaepWithSha256
FNDA:0,toMedicalDeviceId
FNDA:0,toMedicalDeviceRev
FNDA:0,toMedicalDeviceDeletionDate
FNDA:0,toMedicalDeviceIdentifiers
FNDA:0,toMedicalDeviceCreated
FNDA:0,toMedicalDeviceModified
FNDA:0,toMedicalDeviceAuthor
FNDA:0,toMedicalDeviceResponsible
FNDA:0,toMedicalDeviceLabels
FNDA:0,toMedicalDeviceCodes
FNDA:0,toMedicalDeviceEndOfLife
FNDA:0,toMedicalDeviceExternalId
FNDA:0,toMedicalDeviceName
FNDA:0,toMedicalDeviceType
FNDA:0,toMedicalDeviceBrand
FNDA:0,toMedicalDeviceModel
FNDA:0,toMedicalDeviceSerialNumber
FNDA:0,toMedicalDeviceParentId
FNDA:0,toMedicalDevicePicture
FNDA:0,toMedicalDeviceProperties
FNDA:0,toMedicalDeviceSystemMetaData
FNDA:0,mapDeviceToMedicalDevice
FNDA:0,mapMedicalDeviceToDevice
DA:25,0
DA:29,0
DA:33,0
DA:37,0
DA:41,0
DA:45,0
DA:49,0
DA:53,0
DA:57,0
DA:61,0
DA:65,0
DA:69,0
DA:73,0
DA:77,0
DA:81,0
DA:85,0
DA:89,0
DA:93,0
DA:97,0
DA:101,0
DA:105,0
DA:109,0
DA:117,0
DA:121,0
DA:125,0
DA:129,0
DA:133,0
DA:137,0
DA:141,0
DA:145,0
DA:149,0
DA:153,0
DA:157,0
DA:161,0
DA:165,0
DA:169,0
DA:173,0
DA:177,0
DA:181,0
DA:185,0
DA:189,0
DA:193,0
DA:197,0
DA:201,0
DA:205,0
DA:209,0
DA:213,0
DA:217,0
DA:221,0
DA:247,0
LF:50
LH:0
BRDA:37,0,0,0
BRDA:37,0,1,0
BRDA:57,1,0,0
BRDA:57,1,1,0
BRDA:61,2,0,0
BRDA:61,2,1,0
BRDA:105,3,0,0
BRDA:105,3,1,0
BRDA:109,4,0,0
BRDA:109,4,1,0
BRDA:117,5,0,0
BRDA:117,5,1,0
BRDA:121,6,0,0
BRDA:121,6,1,0
BRDA:125,7,0,0
BRDA:125,7,1,0
BRDA:129,8,0,0
BRDA:129,8,1,0
BRDA:133,9,0,0
BRDA:133,9,1,0
BRDA:149,10,0,0
BRDA:149,10,1,0
BRDA:169,11,0,0
BRDA:169,11,1,0
BRDA:173,12,0,0
BRDA:173,12,1,0
BRDA:213,13,0,0
BRDA:213,13,1,0
BRF:28
BRH:0
end_of_record
TN:
SF:src/mappers/Partnership.mapper.ts
FN:4,toPartnershipDtoType
FN:8,toPartnershipDtoStatus
FN:12,toPartnershipDtoPartnerId
FN:16,toPartnershipDtoMeToOtherRelationshipDescription
FN:20,toPartnershipDtoOtherToMeRelationshipDescription
FN:24,toPartnershipType
FN:28,toPartnershipStatus
FN:32,toPartnershipPartnerId
FN:36,mapPartnershipDtoToPartnership
FN:44,mapPartnershipToPartnershipDto
FNF:10
FNH:0
FNDA:0,toPartnershipDtoType
FNDA:0,toPartnershipDtoStatus
FNDA:0,toPartnershipDtoPartnerId
FNDA:0,toPartnershipDtoMeToOtherRelationshipDescription
FNDA:0,toPartnershipDtoOtherToMeRelationshipDescription
FNDA:0,toPartnershipType
FNDA:0,toPartnershipStatus
FNDA:0,toPartnershipPartnerId
FNDA:0,mapPartnershipDtoToPartnership
FNDA:0,mapPartnershipToPartnershipDto
DA:5,0
DA:9,0
DA:13,0
DA:17,0
DA:21,0
DA:25,0
DA:29,0
DA:33,0
DA:37,0
DA:45,0
LF:10
LH:0
BRF:0
BRH:0
end_of_record
TN:
SF:src/mappers/Patient.mapper.ts
FN:58,toPatientDtoId
FN:62,toPatientDtoRev
FN:66,toPatientDtoIdentifier
FN:70,toPatientDtoCreated
FN:74,toPatientDtoModified
FN:78,toPatientDtoAuthor
FN:82,toPatientDtoResponsible
FN:86,toPatientDtoTags
FN:90,toPatientDtoCodes
FN:94,toPatientDtoEndOfLife
FN:98,toPatientDtoDeletionDate
FN:102,toPatientDtoFirstName
FN:106,toPatientDtoLastName
FN:110,toPatientDtoNames
FN:114,toPatientDtoCompanyName
FN:118,toPatientDtoLanguages
FN:122,toPatientDtoAddresses
FN:126,toPatientDtoCivility
FN:130,toPatientDtoGender
FN:134,toPatientDtoBirthSex
FN:138,toPatientDtoMergeToPatientId
FN:142,toPatientDtoMergedIds
FN:146,toPatientDtoAlias
FN:150,toPatientDtoActive
FN:154,toPatientDtoDeactivationReason
FN:158,toPatientDtoDeactivationDate
FN:162,toPatientDtoSsin
FN:166,toPatientDtoMaidenName
FN:170,toPatientDtoSpouseName
FN:174,toPatientDtoPartnerName
FN:178,toPatientDtoPersonalStatus
FN:182,toPatientDtoDateOfBirth
FN:186,toPatientDtoDateOfDeath
FN:190,toPatientDtoTimestampOfLatestEidReading
FN:194,toPatientDtoPlaceOfBirth
FN:198,toPatientDtoPlaceOfDeath
FN:202,toPatientDtoDeceased
FN:206,toPatientDtoEducation
FN:210,toPatientDtoProfession
FN:214,toPatientDtoNote
FN:218,toPatientDtoAdministrativeNote
FN:222,toPatientDtoNotes
FN:226,toPatientDtoNationality
FN:230,toPatientDtoRace
FN:234,toPatientDtoEthnicity
FN:238,toPatientDtoPreferredUserId
FN:242,toPatientDtoPicture
FN:246,toPatientDtoExternalId
FN:250,toPatientDtoInsurabilities
FN:254,toPatientDtoPartnerships
FN:258,toPatientDtoPatientHealthCareParties
FN:262,toPatientDtoFinancialInstitutionInformation
FN:266,toPatientDtoMedicalHouseContracts
FN:270,toPatientDtoPatientProfessions
FN:274,toPatientDtoParameters
FN:278,toPatientDtoProperties
FN:282,toPatientDtoHcPartyKeys
FN:286,toPatientDtoAesExchangeKeys
FN:294,toPatientDtoTransferKeys
FN:298,toPatientDtoPrivateKeyShamirPartitions
FN:302,toPatientDtoPublicKey
FN:306,toPatientDtoPublicKeysForOaepWithSha256
FN:310,toPatientDtoSecretForeignKeys
FN:314,toPatientDtoCryptedForeignKeys
FN:322,toPatientDtoDelegations
FN:330,toPatientDtoEncryptionKeys
FN:338,toPatientDtoEncryptedSelf
FN:342,toPatientDtoMedicalLocationId
FN:346,toPatientDtoNonDuplicateIds
FN:350,toPatientDtoEncryptedAdministrativesDocuments
FN:354,toPatientDtoComment
FN:358,toPatientDtoWarning
FN:362,toPatientDtoFatherBirthCountry
FN:366,toPatientDtoBirthCountry
FN:370,toPatientDtoNativeCountry
FN:374,toPatientDtoSocialStatus
FN:378,toPatientDtoMainSourceOfIncome
FN:382,toPatientDtoSchoolingInfos
FN:386,toPatientDtoEmployementInfos
FN:390,toPatientId
FN:394,toPatientRev
FN:398,toPatientIdentifiers
FN:402,toPatientCreated
FN:406,toPatientModified
FN:410,toPatientAuthor
FN:414,toPatientResponsible
FN:418,toPatientLabels
FN:422,toPatientCodes
FN:426,toPatientEndOfLife
FN:430,toPatientDeletionDate
FN:434,toPatientFirstName
FN:438,toPatientLastName
FN:442,toPatientNames
FN:446,toPatientCompanyName
FN:450,toPatientLanguages
FN:454,toPatientAddresses
FN:458,toPatientCivility
FN:462,toPatientGender
FN:466,toPatientBirthSex
FN:470,toPatientMergeToPatientId
FN:474,toPatientMergedIds
FN:478,toPatientAlias
FN:482,toPatientActive
FN:486,toPatientDeactivationReason
FN:490,toPatientSsin
FN:494,toPatientMaidenName
FN:498,toPatientSpouseName
FN:502,toPatientPartnerName
FN:506,toPatientPersonalStatus
FN:510,toPatientDateOfBirth
FN:514,toPatientDateOfDeath
FN:518,toPatientPlaceOfBirth
FN:522,toPatientPlaceOfDeath
FN:526,toPatientDeceased
FN:530,toPatientEducation
FN:534,toPatientProfession
FN:538,toPatientNote
FN:542,toPatientAdministrativeNote
FN:546,toPatientNationality
FN:550,toPatientRace
FN:554,toPatientEthnicity
FN:558,toPatientPicture
FN:562,toPatientExternalId
FN:566,toPatientPartnerships
FN:570,toPatientPatientHealthCareParties
FN:574,toPatientPatientProfessions
FN:578,toPatientParameters
FN:582,toPatientProperties
FN:586,toPatientSystemMetaData
FN:590,toPatientDeactivationDate
FN:594,toPatientNotes
FN:598,mapPatientDtoToPatient
FN:655,mapPatientToPatientDto
FNF:133
FNH:0
FNDA:0,toPatientDtoId
FNDA:0,toPatientDtoRev
FNDA:0,toPatientDtoIdentifier
FNDA:0,toPatientDtoCreated
FNDA:0,toPatientDtoModified
FNDA:0,toPatientDtoAuthor
FNDA:0,toPatientDtoResponsible
FNDA:0,toPatientDtoTags
FNDA:0,toPatientDtoCodes
FNDA:0,toPatientDtoEndOfLife
FNDA:0,toPatientDtoDeletionDate
FNDA:0,toPatientDtoFirstName
FNDA:0,toPatientDtoLastName
FNDA:0,toPatientDtoNames
FNDA:0,toPatientDtoCompanyName
FNDA:0,toPatientDtoLanguages
FNDA:0,toPatientDtoAddresses
FNDA:0,toPatientDtoCivility
FNDA:0,toPatientDtoGender
FNDA:0,toPatientDtoBirthSex
FNDA:0,toPatientDtoMergeToPatientId
FNDA:0,toPatientDtoMergedIds
FNDA:0,toPatientDtoAlias
FNDA:0,toPatientDtoActive
FNDA:0,toPatientDtoDeactivationReason
FNDA:0,toPatientDtoDeactivationDate
FNDA:0,toPatientDtoSsin
FNDA:0,toPatientDtoMaidenName
FNDA:0,toPatientDtoSpouseName
FNDA:0,toPatientDtoPartnerName
FNDA:0,toPatientDtoPersonalStatus
FNDA:0,toPatientDtoDateOfBirth
FNDA:0,toPatientDtoDateOfDeath
FNDA:0,toPatientDtoTimestampOfLatestEidReading
FNDA:0,toPatientDtoPlaceOfBirth
FNDA:0,toPatientDtoPlaceOfDeath
FNDA:0,toPatientDtoDeceased
FNDA:0,toPatientDtoEducation
FNDA:0,toPatientDtoProfession
FNDA:0,toPatientDtoNote
FNDA:0,toPatientDtoAdministrativeNote
FNDA:0,toPatientDtoNotes
FNDA:0,toPatientDtoNationality
FNDA:0,toPatientDtoRace
FNDA:0,toPatientDtoEthnicity
FNDA:0,toPatientDtoPreferredUserId
FNDA:0,toPatientDtoPicture
FNDA:0,toPatientDtoExternalId
FNDA:0,toPatientDtoInsurabilities
FNDA:0,toPatientDtoPartnerships
FNDA:0,toPatientDtoPatientHealthCareParties
FNDA:0,toPatientDtoFinancialInstitutionInformation
FNDA:0,toPatientDtoMedicalHouseContracts
FNDA:0,toPatientDtoPatientProfessions
FNDA:0,toPatientDtoParameters
FNDA:0,toPatientDtoProperties
FNDA:0,toPatientDtoHcPartyKeys
FNDA:0,toPatientDtoAesExchangeKeys
FNDA:0,toPatientDtoTransferKeys
FNDA:0,toPatientDtoPrivateKeyShamirPartitions
FNDA:0,toPatientDtoPublicKey
FNDA:0,toPatientDtoPublicKeysForOaepWithSha256
FNDA:0,toPatientDtoSecretForeignKeys
FNDA:0,toPatientDtoCryptedForeignKeys
FNDA:0,toPatientDtoDelegations
FNDA:0,toPatientDtoEncryptionKeys
FNDA:0,toPatientDtoEncryptedSelf
FNDA:0,toPatientDtoMedicalLocationId
FNDA:0,toPatientDtoNonDuplicateIds
FNDA:0,toPatientDtoEncryptedAdministrativesDocuments
FNDA:0,toPatientDtoComment
FNDA:0,toPatientDtoWarning
FNDA:0,toPatientDtoFatherBirthCountry
FNDA:0,toPatientDtoBirthCountry
FNDA:0,toPatientDtoNativeCountry
FNDA:0,toPatientDtoSocialStatus
FNDA:0,toPatientDtoMainSourceOfIncome
FNDA:0,toPatientDtoSchoolingInfos
FNDA:0,toPatientDtoEmployementInfos
FNDA:0,toPatientId
FNDA:0,toPatientRev
FNDA:0,toPatientIdentifiers
FNDA:0,toPatientCreated
FNDA:0,toPatientModified
FNDA:0,toPatientAuthor
FNDA:0,toPatientResponsible
FNDA:0,toPatientLabels
FNDA:0,toPatientCodes
FNDA:0,toPatientEndOfLife
FNDA:0,toPatientDeletionDate
FNDA:0,toPatientFirstName
FNDA:0,toPatientLastName
FNDA:0,toPatientNames
FNDA:0,toPatientCompanyName
FNDA:0,toPatientLanguages
FNDA:0,toPatientAddresses
FNDA:0,toPatientCivility
FNDA:0,toPatientGender
FNDA:0,toPatientBirthSex
FNDA:0,toPatientMergeToPatientId
FNDA:0,toPatientMergedIds
FNDA:0,toPatientAlias
FNDA:0,toPatientActive
FNDA:0,toPatientDeactivationReason
FNDA:0,toPatientSsin
FNDA:0,toPatientMaidenName
FNDA:0,toPatientSpouseName
FNDA:0,toPatientPartnerName
FNDA:0,toPatientPersonalStatus
FNDA:0,toPatientDateOfBirth
FNDA:0,toPatientDateOfDeath
FNDA:0,toPatientPlaceOfBirth
FNDA:0,toPatientPlaceOfDeath
FNDA:0,toPatientDeceased
FNDA:0,toPatientEducation
FNDA:0,toPatientProfession
FNDA:0,toPatientNote
FNDA:0,toPatientAdministrativeNote
FNDA:0,toPatientNationality
FNDA:0,toPatientRace
FNDA:0,toPatientEthnicity
FNDA:0,toPatientPicture
FNDA:0,toPatientExternalId
FNDA:0,toPatientPartnerships
FNDA:0,toPatientPatientHealthCareParties
FNDA:0,toPatientPatientProfessions
FNDA:0,toPatientParameters
FNDA:0,toPatientProperties
FNDA:0,toPatientSystemMetaData
FNDA:0,toPatientDeactivationDate
FNDA:0,toPatientNotes
FNDA:0,mapPatientDtoToPatient
FNDA:0,mapPatientToPatientDto
DA:59,0
DA:63,0
DA:67,0
DA:71,0
DA:75,0
DA:79,0
DA:83,0
DA:87,0
DA:91,0
DA:95,0
DA:99,0
DA:103,0
DA:107,0
DA:111,0
DA:115,0
DA:119,0
DA:123,0
DA:127,0
DA:131,0
DA:135,0
DA:139,0
DA:143,0
DA:147,0
DA:151,0
DA:155,0
DA:159,0
DA:163,0
DA:167,0
DA:171,0
DA:175,0
DA:179,0
DA:183,0
DA:187,0
DA:191,0
DA:195,0
DA:199,0
DA:203,0
DA:207,0
DA:211,0
DA:215,0
DA:219,0
DA:223,0
DA:227,0
DA:231,0
DA:235,0
DA:239,0
DA:243,0
DA:247,0
DA:251,0
DA:255,0
DA:259,0
DA:263,0
DA:267,0
DA:271,0
DA:275,0
DA:279,0
DA:283,0
DA:291,0
DA:295,0
DA:299,0
DA:303,0
DA:307,0
DA:311,0
DA:319,0
DA:327,0
DA:335,0
DA:339,0
DA:343,0
DA:347,0
DA:351,0
DA:355,0
DA:359,0
DA:363,0
DA:367,0
DA:371,0
DA:375,0
DA:379,0
DA:383,0
DA:387,0
DA:391,0
DA:395,0
DA:399,0
DA:403,0
DA:407,0
DA:411,0
DA:415,0
DA:419,0
DA:423,0
DA:427,0
DA:431,0
DA:435,0
DA:439,0
DA:443,0
DA:447,0
DA:451,0
DA:455,0
DA:459,0
DA:463,0
DA:467,0
DA:471,0
DA:475,0
DA:479,0
DA:483,0
DA:487,0
DA:491,0
DA:495,0
DA:499,0
DA:503,0
DA:507,0
DA:511,0
DA:515,0
DA:519,0
DA:523,0
DA:527,0
DA:531,0
DA:535,0
DA:539,0
DA:543,0
DA:547,0
DA:551,0
DA:555,0
DA:559,0
DA:563,0
DA:567,0
DA:571,0
DA:575,0
DA:579,0
DA:583,0
DA:587,0
DA:591,0
DA:595,0
DA:599,0
DA:656,0
LF:133
LH:0
BRDA:67,0,0,0
BRDA:67,0,1,0
BRDA:87,1,0,0
BRDA:87,1,1,0
BRDA:91,2,0,0
BRDA:91,2,1,0
BRDA:111,3,0,0
BRDA:111,3,1,0
BRDA:119,4,0,0
BRDA:119,4,1,0
BRDA:123,5,0,0
BRDA:123,5,1,0
BRDA:143,6,0,0
BRDA:143,6,1,0
BRDA:223,7,0,0
BRDA:223,7,1,0
BRDA:255,8,0,0
BRDA:255,8,1,0
BRDA:259,9,0,0
BRDA:259,9,1,0
BRDA:271,10,0,0
BRDA:271,10,1,0
BRDA:275,11,0,0
BRDA:275,11,1,0
BRDA:279,12,0,0
BRDA:279,12,1,0
BRDA:283,13,0,0
BRDA:283,13,1,0
BRDA:291,14,0,0
BRDA:291,14,1,0
BRDA:295,15,0,0
BRDA:295,15,1,0
BRDA:299,16,0,0
BRDA:299,16,1,0
BRDA:303,17,0,0
BRDA:303,17,1,0
BRDA:307,18,0,0
BRDA:307,18,1,0
BRDA:311,19,0,0
BRDA:311,19,1,0
BRDA:319,20,0,0
BRDA:319,20,1,0
BRDA:327,21,0,0
BRDA:327,21,1,0
BRDA:335,22,0,0
BRDA:335,22,1,0
BRDA:339,23,0,0
BRDA:339,23,1,0
BRDA:399,24,0,0
BRDA:399,24,1,0
BRDA:419,25,0,0
BRDA:419,25,1,0
BRDA:423,26,0,0
BRDA:423,26,1,0
BRDA:443,27,0,0
BRDA:443,27,1,0
BRDA:451,28,0,0
BRDA:451,28,1,0
BRDA:455,29,0,0
BRDA:455,29,1,0
BRDA:475,30,0,0
BRDA:475,30,1,0
BRDA:559,31,0,0
BRDA:559,31,1,0
BRDA:567,32,0,0
BRDA:567,32,1,0
BRDA:571,33,0,0
BRDA:571,33,1,0
BRDA:575,34,0,0
BRDA:575,34,1,0
BRDA:579,35,0,0
BRDA:579,35,1,0
BRDA:583,36,0,0
BRDA:583,36,1,0
BRDA:595,37,0,0
BRDA:595,37,1,0
BRF:76
BRH:0
end_of_record
TN:
SF:src/mappers/PatientHealthCareParty.mapper.ts
FN:4,toPatientHealthCarePartyDtoType
FN:8,toPatientHealthCarePartyDtoHealthcarePartyId
FN:12,toPatientHealthCarePartyDtoSendFormats
FN:16,toPatientHealthCarePartyDtoReferralPeriods
FN:20,toPatientHealthCarePartyDtoReferral
FN:24,toPatientHealthCarePartyDtoEncryptedSelf
FN:28,toPatientHealthCarePartyType
FN:32,toPatientHealthCarePartyHealthcarePartyId
FN:36,mapPatientHealthCarePartyDtoToPatientHealthCareParty
FN:43,mapPatientHealthCarePartyToPatientHealthCarePartyDto
FNF:10
FNH:0
FNDA:0,toPatientHealthCarePartyDtoType
FNDA:0,toPatientHealthCarePartyDtoHealthcarePartyId
FNDA:0,toPatientHealthCarePartyDtoSendFormats
FNDA:0,toPatientHealthCarePartyDtoReferralPeriods
FNDA:0,toPatientHealthCarePartyDtoReferral
FNDA:0,toPatientHealthCarePartyDtoEncryptedSelf
FNDA:0,toPatientHealthCarePartyType
FNDA:0,toPatientHealthCarePartyHealthcarePartyId
FNDA:0,mapPatientHealthCarePartyDtoToPatientHealthCareParty
FNDA:0,mapPatientHealthCarePartyToPatientHealthCarePartyDto
DA:5,0
DA:9,0
DA:13,0
DA:17,0
DA:21,0
DA:25,0
DA:29,0
DA:33,0
DA:37,0
DA:44,0
LF:10
LH:0
BRF:0
BRH:0
end_of_record
TN:
SF:src/mappers/PersonName.mapper.ts
FN:4,toPersonNameDtoLastName
FN:8,toPersonNameDtoFirstNames
FN:12,toPersonNameDtoStart
FN:16,toPersonNameDtoEnd
FN:20,toPersonNameDtoPrefix
FN:24,toPersonNameDtoSuffix
FN:28,toPersonNameDtoText
FN:32,toPersonNameDtoUse
FN:36,toPersonNameLastName
FN:40,toPersonNameFirstNames
FN:44,toPersonNameStart
FN:48,toPersonNameEnd
FN:52,toPersonNamePrefix
FN:56,toPersonNameSuffix
FN:60,toPersonNameText
FN:64,toPersonNameUse
FN:68,mapPersonNameDtoToPersonName
FN:81,mapPersonNameToPersonNameDto
FNF:18
FNH:0
FNDA:0,toPersonNameDtoLastName
FNDA:0,toPersonNameDtoFirstNames
FNDA:0,toPersonNameDtoStart
FNDA:0,toPersonNameDtoEnd
FNDA:0,toPersonNameDtoPrefix
FNDA:0,toPersonNameDtoSuffix
FNDA:0,toPersonNameDtoText
FNDA:0,toPersonNameDtoUse
FNDA:0,toPersonNameLastName
FNDA:0,toPersonNameFirstNames
FNDA:0,toPersonNameStart
FNDA:0,toPersonNameEnd
FNDA:0,toPersonNamePrefix
FNDA:0,toPersonNameSuffix
FNDA:0,toPersonNameText
FNDA:0,toPersonNameUse
FNDA:0,mapPersonNameDtoToPersonName
FNDA:0,mapPersonNameToPersonNameDto
DA:5,0
DA:9,0
DA:13,0
DA:17,0
DA:21,0
DA:25,0
DA:29,0
DA:33,0
DA:37,0
DA:41,0
DA:45,0
DA:49,0
DA:53,0
DA:57,0
DA:61,0
DA:65,0
DA:69,0
DA:82,0
LF:18
LH:0
BRF:0
BRH:0
end_of_record
TN:
SF:src/mappers/Telecom.mapper.ts
FN:4,toTelecomDtoTelecomType
FN:8,toTelecomDtoTelecomNumber
FN:12,toTelecomDtoTelecomDescription
FN:16,toTelecomDtoEncryptedSelf
FN:20,toTelecomTelecomType
FN:24,toTelecomTelecomNumber
FN:28,toTelecomTelecomDescription
FN:32,mapTelecomDtoToTelecom
FN:40,mapTelecomToTelecomDto
FNF:9
FNH:0
FNDA:0,toTelecomDtoTelecomType
FNDA:0,toTelecomDtoTelecomNumber
FNDA:0,toTelecomDtoTelecomDescription
FNDA:0,toTelecomDtoEncryptedSelf
FNDA:0,toTelecomTelecomType
FNDA:0,toTelecomTelecomNumber
FNDA:0,toTelecomTelecomDescription
FNDA:0,mapTelecomDtoToTelecom
FNDA:0,mapTelecomToTelecomDto
DA:5,0
DA:9,0
DA:13,0
DA:17,0
DA:21,0
DA:25,0
DA:29,0
DA:33,0
DA:41,0
LF:9
LH:0
BRF:0
BRH:0
end_of_record
TN:
SF:src/mappers/utils.ts
FN:3,forceUuid
FN:14,isCodeId
FN:19,toMap
FN:20,(anonymous_3)
FN:26,mapReduce
FN:31,(anonymous_5)
FN:32,(anonymous_6)
FN:38,mapSet
FN:43,(anonymous_8)
FN:46,mapSetToArray
FN:51,(anonymous_10)
FN:54,map
FN:58,(anonymous_12)
FN:61,toMapTransform
FN:65,(anonymous_14)
FN:68,toMapArrayTransform
FN:76,(anonymous_16)
FN:76,(anonymous_17)
FN:77,(anonymous_18)
FN:83,toMapSetTransform
FN:91,(anonymous_20)
FN:91,(anonymous_21)
FN:92,(anonymous_22)
FN:98,toMapSet
FN:99,(anonymous_24)
FNF:25
FNH:0
FNDA:0,forceUuid
FNDA:0,isCodeId
FNDA:0,toMap
FNDA:0,(anonymous_3)
FNDA:0,mapReduce
FNDA:0,(anonymous_5)
FNDA:0,(anonymous_6)
FNDA:0,mapSet
FNDA:0,(anonymous_8)
FNDA:0,mapSetToArray
FNDA:0,(anonymous_10)
FNDA:0,map
FNDA:0,(anonymous_12)
FNDA:0,toMapTransform
FNDA:0,(anonymous_14)
FNDA:0,toMapArrayTransform
FNDA:0,(anonymous_16)
FNDA:0,(anonymous_17)
FNDA:0,(anonymous_18)
FNDA:0,toMapSetTransform
FNDA:0,(anonymous_20)
FNDA:0,(anonymous_21)
FNDA:0,(anonymous_22)
FNDA:0,toMapSet
FNDA:0,(anonymous_24)
DA:4,0
DA:5,0
DA:6,0
DA:8,0
DA:10,0
DA:15,0
DA:16,0
DA:20,0
DA:21,0
DA:22,0
DA:27,0
DA:28,0
DA:30,0
DA:31,0
DA:33,0
DA:34,0
DA:39,0
DA:40,0
DA:42,0
DA:43,0
DA:47,0
DA:48,0
DA:50,0
DA:51,0
DA:55,0
DA:56,0
DA:58,0
DA:62,0
DA:63,0
DA:65,0
DA:72,0
DA:73,0
DA:75,0
DA:76,0
DA:78,0
DA:79,0
DA:87,0
DA:88,0
DA:90,0
DA:91,0
DA:93,0
DA:94,0
DA:99,0
LF:43
LH:0
BRDA:4,0,0,0
BRDA:4,0,1,0
BRDA:5,1,0,0
BRDA:5,1,1,0
BRDA:16,2,0,0
BRDA:16,2,1,0
BRDA:27,3,0,0
BRDA:27,3,1,0
BRDA:39,4,0,0
BRDA:39,4,1,0
BRDA:47,5,0,0
BRDA:47,5,1,0
BRDA:55,6,0,0
BRDA:55,6,1,0
BRDA:62,7,0,0
BRDA:62,7,1,0
BRDA:72,8,0,0
BRDA:72,8,1,0
BRDA:87,9,0,0
BRDA:87,9,1,0
BRF:20
BRH:0
end_of_record
TN:
SF:src/models/Address.model.ts
FN:36,(anonymous_0)
FN:42,(anonymous_1)
FN:45,(anonymous_2)
FN:57,(anonymous_3)
FN:58,(anonymous_4)
FN:63,(anonymous_5)
FN:75,(anonymous_6)
FN:76,(anonymous_7)
FNF:8
FNH:0
FNDA:0,(anonymous_0)
FNDA:0,(anonymous_1)
FNDA:0,(anonymous_2)
FNDA:0,(anonymous_3)
FNDA:0,(anonymous_4)
FNDA:0,(anonymous_5)
FNDA:0,(anonymous_6)
FNDA:0,(anonymous_7)
DA:37,0
DA:39,0
DA:41,0
DA:42,0
DA:46,0
DA:47,0
DA:48,0
DA:49,0
DA:50,0
DA:51,0
DA:52,0
DA:53,0
DA:54,0
DA:55,0
DA:56,0
DA:57,0
DA:58,0
DA:59,0
DA:60,0
DA:64,0
DA:75,0
DA:76,0
LF:22
LH:0
BRDA:42,0,0,0
BRDA:42,0,1,0
BRF:2
BRH:0
end_of_record
TN:
SF:src/models/Content.model.ts
FN:23,(anonymous_0)
FN:46,(anonymous_1)
FN:57,(anonymous_2)
FN:58,(anonymous_3)
FN:59,(anonymous_4)
FN:63,(anonymous_5)
FN:74,(anonymous_6)
FN:75,(anonymous_7)
FN:76,(anonymous_8)
FNF:9
FNH:0
FNDA:0,(anonymous_0)
FNDA:0,(anonymous_1)
FNDA:0,(anonymous_2)
FNDA:0,(anonymous_3)
FNDA:0,(anonymous_4)
FNDA:0,(anonymous_5)
FNDA:0,(anonymous_6)
FNDA:0,(anonymous_7)
FNDA:0,(anonymous_8)
DA:24,0
DA:47,0
DA:48,0
DA:49,0
DA:50,0
DA:51,0
DA:52,0
DA:53,0
DA:54,0
DA:55,0
DA:56,0
DA:57,0
DA:58,0
DA:59,0
DA:60,0
DA:64,0
DA:74,0
DA:75,0
DA:76,0
LF:19
LH:0
BRDA:53,0,0,0
BRDA:53,0,1,0
BRDA:55,1,0,0
BRDA:55,1,1,0
BRDA:56,2,0,0
BRDA:56,2,1,0
BRDA:70,3,0,0
BRDA:70,3,1,0
BRDA:72,4,0,0
BRDA:72,4,1,0
BRDA:73,5,0,0
BRDA:73,5,1,0
BRF:12
BRH:0
end_of_record
TN:
SF:src/models/DataOwner.model.ts
FNF:0
FNH:0
LF:0
LH:0
BRF:0
BRH:0
end_of_record
TN:
SF:src/models/DataSample.model.ts
FN:22,(anonymous_0)
FN:108,(anonymous_1)
FN:112,(anonymous_2)
FN:114,(anonymous_3)
FN:115,(anonymous_4)
FN:117,(anonymous_5)
FN:128,(anonymous_6)
FN:128,(anonymous_7)
FN:130,(anonymous_8)
FN:131,(anonymous_9)
FN:136,(anonymous_10)
FN:140,(anonymous_11)
FN:142,(anonymous_12)
FN:143,(anonymous_13)
FN:145,(anonymous_14)
FN:156,(anonymous_15)
FN:156,(anonymous_16)
FN:158,(anonymous_17)
FN:159,(anonymous_18)
FNF:19
FNH:0
FNDA:0,(anonymous_0)
FNDA:0,(anonymous_1)
FNDA:0,(anonymous_2)
FNDA:0,(anonymous_3)
FNDA:0,(anonymous_4)
FNDA:0,(anonymous_5)
FNDA:0,(anonymous_6)
FNDA:0,(anonymous_7)
FNDA:0,(anonymous_8)
FNDA:0,(anonymous_9)
FNDA:0,(anonymous_10)
FNDA:0,(anonymous_11)
FNDA:0,(anonymous_12)
FNDA:0,(anonymous_13)
FNDA:0,(anonymous_14)
FNDA:0,(anonymous_15)
FNDA:0,(anonymous_16)
FNDA:0,(anonymous_17)
FNDA:0,(anonymous_18)
DA:23,0
DA:109,0
DA:110,0
DA:111,0
DA:112,0
DA:113,0
DA:114,0
DA:115,0
DA:116,0
DA:117,0
DA:118,0
DA:119,0
DA:120,0
DA:121,0
DA:122,0
DA:123,0
DA:124,0
DA:125,0
DA:126,0
DA:127,0
DA:128,0
DA:130,0
DA:131,0
DA:132,0
DA:133,0
DA:137,0
DA:140,0
DA:142,0
DA:143,0
DA:145,0
DA:156,0
DA:158,0
DA:159,0
LF:33
LH:0
BRDA:114,0,0,0
BRDA:114,0,1,0
BRDA:114,1,0,0
BRDA:114,1,1,0
BRDA:115,2,0,0
BRDA:115,2,1,0
BRDA:115,3,0,0
BRDA:115,3,1,0
BRDA:132,4,0,0
BRDA:132,4,1,0
BRDA:142,5,0,0
BRDA:142,5,1,0
BRDA:143,6,0,0
BRDA:143,6,1,0
BRDA:160,7,0,0
BRDA:160,7,1,0
BRF:16
BRH:0
end_of_record
TN:
SF:src/models/HealthcareElement.model.ts
FN:62,(anonymous_0)
FN:66,(anonymous_1)
FN:69,(anonymous_2)
FN:76,(anonymous_3)
FN:77,(anonymous_4)
FN:86,(anonymous_5)
FN:91,(anonymous_6)
FN:94,(anonymous_7)
FN:101,(anonymous_8)
FN:102,(anonymous_9)
FN:111,(anonymous_10)
FNF:11
FNH:0
FNDA:0,(anonymous_0)
FNDA:0,(anonymous_1)
FNDA:0,(anonymous_2)
FNDA:0,(anonymous_3)
FNDA:0,(anonymous_4)
FNDA:0,(anonymous_5)
FNDA:0,(anonymous_6)
FNDA:0,(anonymous_7)
FNDA:0,(anonymous_8)
FNDA:0,(anonymous_9)
FNDA:0,(anonymous_10)
DA:63,0
DA:67,0
DA:68,0
DA:69,0
DA:70,0
DA:71,0
DA:72,0
DA:73,0
DA:74,0
DA:75,0
DA:76,0
DA:77,0
DA:78,0
DA:79,0
DA:80,0
DA:81,0
DA:82,0
DA:83,0
DA:84,0
DA:85,0
DA:86,0
DA:87,0
DA:88,0
DA:92,0
DA:94,0
DA:101,0
DA:102,0
DA:111,0
LF:28
LH:0
BRDA:87,0,0,0
BRDA:87,0,1,0
BRDA:112,1,0,0
BRDA:112,1,1,0
BRF:4
BRH:0
end_of_record
TN:
SF:src/models/HealthcareProfessional.model.ts
FN:20,(anonymous_0)
FN:109,(anonymous_1)
FN:115,(anonymous_2)
FN:116,(anonymous_3)
FN:121,(anonymous_4)
FN:126,(anonymous_5)
FN:127,(anonymous_6)
FN:129,(anonymous_7)
FN:131,(anonymous_8)
FN:136,(anonymous_9)
FN:142,(anonymous_10)
FN:143,(anonymous_11)
FN:148,(anonymous_12)
FN:153,(anonymous_13)
FN:154,(anonymous_14)
FN:156,(anonymous_15)
FN:158,(anonymous_16)
FNF:17
FNH:0
FNDA:0,(anonymous_0)
FNDA:0,(anonymous_1)
FNDA:0,(anonymous_2)
FNDA:0,(anonymous_3)
FNDA:0,(anonymous_4)
FNDA:0,(anonymous_5)
FNDA:0,(anonymous_6)
FNDA:0,(anonymous_7)
FNDA:0,(anonymous_8)
FNDA:0,(anonymous_9)
FNDA:0,(anonymous_10)
FNDA:0,(anonymous_11)
FNDA:0,(anonymous_12)
FNDA:0,(anonymous_13)
FNDA:0,(anonymous_14)
FNDA:0,(anonymous_15)
FNDA:0,(anonymous_16)
DA:21,0
DA:110,0
DA:111,0
DA:112,0
DA:113,0
DA:114,0
DA:115,0
DA:116,0
DA:117,0
DA:118,0
DA:119,0
DA:120,0
DA:121,0
DA:122,0
DA:123,0
DA:124,0
DA:125,0
DA:126,0
DA:127,0
DA:128,0
DA:129,0
DA:130,0
DA:131,0
DA:132,0
DA:133,0
DA:137,0
DA:142,0
DA:143,0
DA:148,0
DA:153,0
DA:154,0
DA:156,0
DA:158,0
LF:33
LH:0
BRDA:128,0,0,0
BRDA:128,0,1,0
BRDA:129,1,0,0
BRDA:129,1,1,0
BRDA:129,2,0,0
BRDA:129,2,1,0
BRDA:132,3,0,0
BRDA:132,3,1,0
BRDA:155,4,0,0
BRDA:155,4,1,0
BRDA:156,5,0,0
BRDA:156,5,1,0
BRDA:159,6,0,0
BRDA:159,6,1,0
BRF:14
BRH:0
end_of_record
TN:
SF:src/models/MedicalDevice.model.ts
FN:18,(anonymous_0)
FN:98,(anonymous_1)
FN:103,(anonymous_2)
FN:108,(anonymous_3)
FN:109,(anonymous_4)
FN:119,(anonymous_5)
FN:124,(anonymous_6)
FN:129,(anonymous_7)
FN:134,(anonymous_8)
FN:135,(anonymous_9)
FN:145,(anonymous_10)
FNF:11
FNH:0
FNDA:0,(anonymous_0)
FNDA:0,(anonymous_1)
FNDA:0,(anonymous_2)
FNDA:0,(anonymous_3)
FNDA:0,(anonymous_4)
FNDA:0,(anonymous_5)
FNDA:0,(anonymous_6)
FNDA:0,(anonymous_7)
FNDA:0,(anonymous_8)
FNDA:0,(anonymous_9)
FNDA:0,(anonymous_10)
DA:19,0
DA:99,0
DA:100,0
DA:101,0
DA:102,0
DA:103,0
DA:104,0
DA:105,0
DA:106,0
DA:107,0
DA:108,0
DA:109,0
DA:110,0
DA:111,0
DA:112,0
DA:113,0
DA:114,0
DA:115,0
DA:116,0
DA:117,0
DA:118,0
DA:119,0
DA:120,0
DA:121,0
DA:125,0
DA:129,0
DA:134,0
DA:135,0
DA:145,0
LF:29
LH:0
BRDA:118,0,0,0
BRDA:118,0,1,0
BRDA:120,1,0,0
BRDA:120,1,1,0
BRDA:144,2,0,0
BRDA:144,2,1,0
BRDA:146,3,0,0
BRDA:146,3,1,0
BRF:8
BRH:0
end_of_record
TN:
SF:src/models/PaginatedDocumentKeyAndIdPairObject.model.ts
FN:14,(anonymous_0)
FN:21,(anonymous_1)
FN:28,(anonymous_2)
FNF:3
FNH:0
FNDA:0,(anonymous_0)
FNDA:0,(anonymous_1)
FNDA:0,(anonymous_2)
DA:15,0
DA:22,0
DA:23,0
DA:24,0
DA:25,0
DA:29,0
LF:6
LH:0
BRF:0
BRH:0
end_of_record
TN:
SF:src/models/Partnership.model.ts
FN:21,(anonymous_0)
FN:29,(anonymous_1)
FN:37,(anonymous_2)
FNF:3
FNH:0
FNDA:0,(anonymous_0)
FNDA:0,(anonymous_1)
FNDA:0,(anonymous_2)
DA:22,0
DA:30,0
DA:31,0
DA:32,0
DA:33,0
DA:34,0
DA:38,0
LF:7
LH:0
BRF:0
BRH:0
end_of_record
TN:
SF:src/models/Patient.model.ts
FN:76,(anonymous_0)
FN:99,(anonymous_1)
FN:101,(anonymous_2)
FN:102,(anonymous_3)
FN:104,(anonymous_4)
FN:105,(anonymous_5)
FN:120,(anonymous_6)
FN:121,(anonymous_7)
FN:122,(anonymous_8)
FN:124,(anonymous_9)
FN:129,(anonymous_10)
FN:133,(anonymous_11)
FN:138,(anonymous_12)
FN:139,(anonymous_13)
FN:144,(anonymous_14)
FN:146,(anonymous_15)
FN:147,(anonymous_16)
FN:152,(anonymous_17)
FN:170,(anonymous_18)
FN:177,(anonymous_19)
FN:178,(anonymous_20)
FN:179,(anonymous_21)
FN:180,(anonymous_22)
FN:180,(anonymous_23)
FN:181,(anonymous_24)
FN:186,(anonymous_25)
FN:190,(anonymous_26)
FN:195,(anonymous_27)
FN:196,(anonymous_28)
FN:201,(anonymous_29)
FN:203,(anonymous_30)
FN:204,(anonymous_31)
FN:209,(anonymous_32)
FN:227,(anonymous_33)
FN:234,(anonymous_34)
FN:235,(anonymous_35)
FN:236,(anonymous_36)
FN:237,(anonymous_37)
FN:237,(anonymous_38)
FN:238,(anonymous_39)
FNF:40
FNH:0
FNDA:0,(anonymous_0)
FNDA:0,(anonymous_1)
FNDA:0,(anonymous_2)
FNDA:0,(anonymous_3)
FNDA:0,(anonymous_4)
FNDA:0,(anonymous_5)
FNDA:0,(anonymous_6)
FNDA:0,(anonymous_7)
FNDA:0,(anonymous_8)
FNDA:0,(anonymous_9)
FNDA:0,(anonymous_10)
FNDA:0,(anonymous_11)
FNDA:0,(anonymous_12)
FNDA:0,(anonymous_13)
FNDA:0,(anonymous_14)
FNDA:0,(anonymous_15)
FNDA:0,(anonymous_16)
FNDA:0,(anonymous_17)
FNDA:0,(anonymous_18)
FNDA:0,(anonymous_19)
FNDA:0,(anonymous_20)
FNDA:0,(anonymous_21)
FNDA:0,(anonymous_22)
FNDA:0,(anonymous_23)
FNDA:0,(anonymous_24)
FNDA:0,(anonymous_25)
FNDA:0,(anonymous_26)
FNDA:0,(anonymous_27)
FNDA:0,(anonymous_28)
FNDA:0,(anonymous_29)
FNDA:0,(anonymous_30)
FNDA:0,(anonymous_31)
FNDA:0,(anonymous_32)
FNDA:0,(anonymous_33)
FNDA:0,(anonymous_34)
FNDA:0,(anonymous_35)
FNDA:0,(anonymous_36)
FNDA:0,(anonymous_37)
FNDA:0,(anonymous_38)
FNDA:0,(anonymous_39)
DA:95,0
DA:97,0
DA:99,0
DA:101,0
DA:102,0
DA:104,0
DA:105,0
DA:106,0
DA:107,0
DA:108,0
DA:109,0
DA:110,0
DA:112,0
DA:120,0
DA:121,0
DA:122,0
DA:124,0
DA:126,0
DA:130,0
DA:131,0
DA:132,0
DA:133,0
DA:134,0
DA:135,0
DA:136,0
DA:137,0
DA:138,0
DA:139,0
DA:140,0
DA:141,0
DA:142,0
DA:143,0
DA:144,0
DA:145,0
DA:146,0
DA:147,0
DA:148,0
DA:149,0
DA:150,0
DA:151,0
DA:152,0
DA:153,0
DA:154,0
DA:155,0
DA:156,0
DA:157,0
DA:158,0
DA:159,0
DA:160,0
DA:161,0
DA:162,0
DA:163,0
DA:164,0
DA:165,0
DA:166,0
DA:167,0
DA:168,0
DA:169,0
DA:170,0
DA:171,0
DA:172,0
DA:173,0
DA:174,0
DA:175,0
DA:176,0
DA:177,0
DA:178,0
DA:179,0
DA:180,0
DA:181,0
DA:182,0
DA:183,0
DA:187,0
DA:190,0
DA:195,0
DA:196,0
DA:201,0
DA:203,0
DA:204,0
DA:209,0
DA:227,0
DA:234,0
DA:235,0
DA:236,0
DA:237,0
DA:238,0
LF:86
LH:0
BRDA:99,0,0,0
BRDA:99,0,1,0
BRDA:101,1,0,0
BRDA:101,1,1,0
BRDA:102,2,0,0
BRDA:102,2,1,0
BRDA:104,3,0,0
BRDA:104,3,1,0
BRDA:105,4,0,0
BRDA:105,4,1,0
BRDA:108,5,0,0
BRDA:108,5,1,0
BRDA:112,6,0,0
BRDA:112,6,1,0
BRDA:114,7,0,0
BRDA:114,7,1,0
BRDA:116,8,0,0
BRDA:116,8,1,0
BRDA:120,9,0,0
BRDA:120,9,1,0
BRDA:121,10,0,0
BRDA:121,10,1,0
BRDA:122,11,0,0
BRDA:122,11,1,0
BRDA:124,12,0,0
BRDA:124,12,1,0
BRDA:126,13,0,0
BRDA:126,13,1,0
BRDA:175,14,0,0
BRDA:175,14,1,0
BRDA:182,15,0,0
BRDA:182,15,1,0
BRDA:232,16,0,0
BRDA:232,16,1,0
BRDA:239,17,0,0
BRDA:239,17,1,0
BRF:36
BRH:0
end_of_record
TN:
SF:src/models/PatientHealthCareParty.model.ts
FN:21,(anonymous_0)
FN:28,(anonymous_1)
FN:35,(anonymous_2)
FNF:3
FNH:0
FNDA:0,(anonymous_0)
FNDA:0,(anonymous_1)
FNDA:0,(anonymous_2)
DA:22,0
DA:29,0
DA:30,0
DA:31,0
DA:32,0
DA:36,0
LF:6
LH:0
BRF:0
BRH:0
end_of_record
TN:
SF:src/models/PersonName.model.ts
FN:21,(anonymous_0)
FN:34,(anonymous_1)
FN:37,(anonymous_2)
FN:40,(anonymous_3)
FN:41,(anonymous_4)
FN:47,(anonymous_5)
FN:50,(anonymous_6)
FN:53,(anonymous_7)
FN:54,(anonymous_8)
FNF:9
FNH:0
FNDA:0,(anonymous_0)
FNDA:0,(anonymous_1)
FNDA:0,(anonymous_2)
FNDA:0,(anonymous_3)
FNDA:0,(anonymous_4)
FNDA:0,(anonymous_5)
FNDA:0,(anonymous_6)
FNDA:0,(anonymous_7)
FNDA:0,(anonymous_8)
DA:22,0
DA:35,0
DA:36,0
DA:37,0
DA:38,0
DA:39,0
DA:40,0
DA:41,0
DA:42,0
DA:43,0
DA:44,0
DA:48,0
DA:50,0
DA:53,0
DA:54,0
LF:15
LH:0
BRF:0
BRH:0
end_of_record
TN:
SF:src/models/Telecom.model.ts
FN:17,(anonymous_0)
FN:25,(anonymous_1)
FN:33,(anonymous_2)
FNF:3
FNH:0
FNDA:0,(anonymous_0)
FNDA:0,(anonymous_1)
FNDA:0,(anonymous_2)
DA:18,0
DA:26,0
DA:27,0
DA:28,0
DA:29,0
DA:30,0
DA:34,0
LF:7
LH:0
BRF:0
BRH:0
end_of_record
TN:
SF:src/models/all.ts
FNF:0
FNH:0
LF:0
LH:0
BRF:0
BRH:0
end_of_record
TN:
SF:src/services/MedTechCryptoStrategies.ts
FN:7,(anonymous_0)
FNF:1
FNH:1
FNDA:2,(anonymous_0)
DA:8,2
LF:1
LH:1
BRDA:8,0,0,2
BRDA:8,0,1,2
BRF:2
BRH:2
end_of_record
TN:
SF:src/services/MedTechMessageFactory.ts
FN:8,(anonymous_0)
FN:13,(anonymous_1)
FN:18,(anonymous_2)
FNF:3
FNH:0
FNDA:0,(anonymous_0)
FNDA:0,(anonymous_1)
FNDA:0,(anonymous_2)
DA:9,0
DA:10,0
DA:14,0
DA:15,0
DA:19,0
DA:20,0
DA:23,1
LF:7
LH:1
BRDA:9,0,0,0
BRDA:9,0,1,0
BRDA:14,1,0,0
BRDA:14,1,1,0
BRDA:19,2,0,0
BRDA:19,2,1,0
BRF:6
BRH:0
end_of_record
